<?xml version="1.0" encoding="UTF-8"?>
<!-- Generated by org.testng.reporters.JUnitXMLReporter -->
<testsuite hostname="Maitris-MacBook-Pro.local" name="CreateAccountTest" tests="1" failures="1" timestamp="30 Apr 2015 20:06:05 GMT" time="22.064" errors="0">
  <testcase name="createAccTest" time="22.061" classname="com.baublebar.testcases.topmenubar.CreateAccountTest">
    <failure type="java.lang.AssertionError" message="expected [AUTOMATION3FE5E1F239126776@BAUBLEBAR.COM] but found [AUTOMATION3FE5E1F23912...]">
      <![CDATA[java.lang.AssertionError: expected [AUTOMATION3FE5E1F239126776@BAUBLEBAR.COM] but found [AUTOMATION3FE5E1F23912...]
	at com.baublebar.pages.TopMenuBarPage.createAccount(TopMenuBarPage.java:223)
	at com.baublebar.testcases.topmenubar.CreateAccountTest.createAccTest(CreateAccountTest.java:33)
... Removed 29 stack frames]]>
    </failure>
  </testcase> <!-- createAccTest -->
</testsuite> <!-- CreateAccountTest -->
