<html xmlns:math="http://exslt.org/math" xmlns:testng="http://testng.org">
   <head>
      <title>TestNG Results</title>
      <meta http-equiv="content-type" content="text/html; charset=utf-8"></meta>
      <meta http-equiv="pragma" content="no-cache"></meta>
      <meta http-equiv="cache-control" content="max-age=0"></meta>
      <meta http-equiv="cache-control" content="no-cache"></meta>
      <meta http-equiv="cache-control" content="no-store"></meta>
      <LINK rel="stylesheet" href="style.css"></LINK>
      <script type="text/javascript" src="main.js"></script>
   </head>
   <body>
      <table width="100%" style="font-size: 16px; margin-bottom: 10px;" cellspacing="1">
         <tr>
            <td width="100%">
               All methods in suite
               
               <b>Firefox</b>
            </td>
            <td style="background-color: #FFBBBB; padding: 3px 3px 3px 0;" align="center">
               <div style="width: 50px;">1</div>
            </td>
            <td style="background-color: lightgreen; padding: 3px 3px 3px 0;" align="center">
               <div style="width: 50px;">0</div>
            </td>
            <td style="background-color: #FFFFBB; padding: 3px 3px 3px 0;" align="center">
               <div style="width: 50px;">0</div>
            </td>
            <td align="center" style="background-color: #eaf0f7; padding: 3px 3px 3px 0;">
               <div style="width: 50px;">1</div>
            </td>
            <td align="center"
                style="font-weight: bold; background-color: #eaf0f7; padding: 3px 3px 3px 0;">
               <div style="width: 50px;">0%</div>
            </td>
            <td style="background-color: #eaf0f7; padding: 3px 3px 3px 0;" align="center"
                nowrap="true">43s
               
            </td>
         </tr>
      </table>
      <div style="width: 200px;">
         <label for="groupMethodsCheckBox" style="font-weight: bold; margin: 0;">
            <input id="groupMethodsCheckBox" type="checkbox" onclick="switchTestMethodsView(this)"
                   checked=""></input>
            Group by class
            
         </label>
         <br></br>
         <label for="methodsFilter_ALL" style="font-weight: bold; margin: 0;">
            <input id="methodsFilter_ALL" type="checkbox"
                   onclick="testMethodsFilterChanged(this, 'ALL')"
                   checked=""></input>
            All
            
         </label>
      </div>
      <label for="methodsFilter_FAIL" style="margin-left: 20px;">
         <input id="methodsFilter_FAIL" type="checkbox"
                onclick="testMethodsFilterChanged(this, 'FAIL')"
                checked=""></input>
         Failed
         
      </label>
      <label for="methodsFilter_PASS">
         <input id="methodsFilter_PASS" type="checkbox"
                onclick="testMethodsFilterChanged(this, 'PASS')"
                checked=""></input>
         Passed
         
      </label>
      <label for="methodsFilter_SKIP">
         <input id="methodsFilter_SKIP" type="checkbox"
                onclick="testMethodsFilterChanged(this, 'SKIP')"
                checked=""></input>
         Skipped
         
      </label>
      <label for="methodsFilter_CONF">
         <input id="methodsFilter_CONF" type="checkbox"
                onclick="testMethodsFilterChanged(this, 'CONF')"
                checked=""></input>
         Config
         
      </label>
      <br></br>
      <div id="testMethodsByStatus" style="display: none;">
         <table class="testMethodsTable" cellpadding="0" cellspacing="0">
            <tr class="methodsTableHeader">
               <td width="100%">Name</td>
               <td nowrap="true">Started</td>
               <td nowrap="true">Duration</td>
               <td>Exception</td>
            </tr>
            <tr id="com.baublebar.testcases.LoadBaublebarTest_loadBaublebar_byStatus_failed_FAIL1_row"
                class="testMethodStatusFAIL">
               <td width="100%" class="firstMethodCell">
                  <a onclick="toggleDetailsVisibility('com.baublebar.testcases.LoadBaublebarTest_loadBaublebar_byStatus_failed_FAIL1_details')">loadBaublebar()</a>
               </td>
               <td nowrap="true">12:11:29</td>
               <td nowrap="true" align="right">42s
                  
               </td>
               <td nowrap="true">
                  <a onclick="toggleDetailsVisibility('com.baublebar.testcases.LoadBaublebarTest_loadBaublebar_byStatus_failed_FAIL1_exception')">org.junit.ComparisonFailure: 
                     expected:&lt;[The Final Say in Fashion Jewelry | BaubleBar]&gt; but was:&lt;[Problem loading page]&gt;
                     
                  </a>
                   
                  
               </td>
            </tr>
            <tr>
               <td colspan="4" class="detailsBox">
                  <div id="com.baublebar.testcases.LoadBaublebarTest_loadBaublebar_byStatus_failed_FAIL1_details"
                       class="testMethodDetails">
                     <div>
                        <b>Name: </b>loadBaublebar
                     </div>
                     <div>
                        <b>Signature: </b>loadBaublebar()[pri:0, instance:com.baublebar.testcases.LoadBaublebarTest@6f7918f0]
                     </div>
                     <div>
                        <b>Start time: </b>12:11:29
                     </div>
                     <div>
                        <b>End time: </b>12:12:12
                     </div>
                     <div>
                        <b>Duration: </b>42s
                        
                     </div>
                  </div>
               </td>
            </tr>
            <tr>
               <td colspan="4" class="detailsBox">
                  <div id="com.baublebar.testcases.LoadBaublebarTest_loadBaublebar_byStatus_failed_FAIL1_exception"
                       class="testMethodDetails">
                     <pre style="padding: 5px; margin: 0;">org.junit.ComparisonFailure: expected:&lt;[The Final Say in Fashion Jewelry | BaubleBar]&gt; but was:&lt;[Problem loading page]&gt;
                        	at org.junit.Assert.assertEquals(Assert.java:115)
                        	at org.junit.Assert.assertEquals(Assert.java:144)
                        	at com.baublebar.pages.BaublebarPage.loadBaublebar(BaublebarPage.java:176)
                        	at com.baublebar.testcases.LoadBaublebarTest.loadBaublebar(LoadBaublebarTest.java:56)
                        	at sun.reflect.NativeMethodAccessorImpl.invoke0(Native Method)
                        	at sun.reflect.NativeMethodAccessorImpl.invoke(NativeMethodAccessorImpl.java:39)
                        	at sun.reflect.DelegatingMethodAccessorImpl.invoke(DelegatingMethodAccessorImpl.java:25)
                        	at java.lang.reflect.Method.invoke(Method.java:597)
                        	at org.testng.internal.MethodInvocationHelper.invokeMethod(MethodInvocationHelper.java:84)
                        	at org.testng.internal.Invoker.invokeMethod(Invoker.java:714)
                        	at org.testng.internal.Invoker.invokeTestMethod(Invoker.java:901)
                        	at org.testng.internal.Invoker.invokeTestMethods(Invoker.java:1231)
                        	at org.testng.internal.TestMethodWorker.invokeTestMethods(TestMethodWorker.java:127)
                        	at org.testng.internal.TestMethodWorker.run(TestMethodWorker.java:111)
                        	at org.testng.TestRunner.privateRun(TestRunner.java:767)
                        	at org.testng.TestRunner.run(TestRunner.java:617)
                        	at org.testng.SuiteRunner.runTest(SuiteRunner.java:334)
                        	at org.testng.SuiteRunner.runSequentially(SuiteRunner.java:329)
                        	at org.testng.SuiteRunner.privateRun(SuiteRunner.java:291)
                        	at org.testng.SuiteRunner.run(SuiteRunner.java:240)
                        	at org.testng.SuiteRunnerWorker.runSuite(SuiteRunnerWorker.java:52)
                        	at org.testng.SuiteRunnerWorker.run(SuiteRunnerWorker.java:86)
                        	at org.testng.TestNG.runSuitesSequentially(TestNG.java:1224)
                        	at org.testng.TestNG.runSuitesLocally(TestNG.java:1149)
                        	at org.testng.TestNG.run(TestNG.java:1057)
                        	at org.testng.TestNG.privateMain(TestNG.java:1364)
                        	at org.testng.TestNG.main(TestNG.java:1333)
                     </pre>
                  </div>
               </td>
            </tr>
            <tr id="com.baublebar.testcases.LoadBaublebarTest_setupDesireCapabilities_byStatus_passed_PASS1_row"
                class="testMethodStatusPASS testMethodStatusCONF">
               <td width="100%" class="firstMethodCell">
                  <a onclick="toggleDetailsVisibility('com.baublebar.testcases.LoadBaublebarTest_setupDesireCapabilities_byStatus_passed_PASS1_details')">setupDesireCapabilities(FIREFOX
                     
                     ,
                     
                     WIN8_1
                     
                     ,
                     
                     35)
                  </a>
               </td>
               <td nowrap="true">12:11:17</td>
               <td nowrap="true" align="right">12s
                  
               </td>
               <td nowrap="true">
                   
                  
               </td>
            </tr>
            <tr>
               <td colspan="4" class="detailsBox">
                  <div id="com.baublebar.testcases.LoadBaublebarTest_setupDesireCapabilities_byStatus_passed_PASS1_details"
                       class="testMethodDetails">
                     <div>
                        <b>Name: </b>setupDesireCapabilities
                     </div>
                     <div>
                        <b>Signature: </b>setupDesireCapabilities(java.lang.String, org.openqa.selenium.Platform, java.lang.String)[pri:0, instance:com.baublebar.testcases.LoadBaublebarTest@6f7918f0]
                     </div>
                     <div>
                        <b>Parameters: </b>
                        
                        FIREFOX
                        
                        ,
                        
                        WIN8_1
                        
                        ,
                        
                        35
                        
                        
                     </div>
                     <div>
                        <b>Start time: </b>12:11:17
                     </div>
                     <div>
                        <b>End time: </b>12:11:29
                     </div>
                     <div>
                        <b>Duration: </b>12s
                        
                     </div>
                  </div>
               </td>
            </tr>
            <tr></tr>
            <tr id="com.baublebar.testcases.LoadBaublebarTest_updateSauceTestName_byStatus_passed_PASS2_row"
                class="testMethodStatusPASS testMethodStatusCONF">
               <td width="100%" class="firstMethodCell">
                  <a onclick="toggleDetailsVisibility('com.baublebar.testcases.LoadBaublebarTest_updateSauceTestName_byStatus_passed_PASS2_details')">updateSauceTestName([TestResult name=loadBaublebar status=FAILURE method=LoadBaublebarTest.loadBaublebar()[pri:0, instance:com.baublebar.testcases.LoadBaublebarTest@6f7918f0]
                     output={null}])
                  </a>
               </td>
               <td nowrap="true">12:12:12</td>
               <td nowrap="true" align="right">300 ms
                  
               </td>
               <td nowrap="true">
                   
                  
               </td>
            </tr>
            <tr>
               <td colspan="4" class="detailsBox">
                  <div id="com.baublebar.testcases.LoadBaublebarTest_updateSauceTestName_byStatus_passed_PASS2_details"
                       class="testMethodDetails">
                     <div>
                        <b>Name: </b>updateSauceTestName
                     </div>
                     <div>
                        <b>Signature: </b>updateSauceTestName(org.testng.ITestResult)[pri:0, instance:com.baublebar.testcases.LoadBaublebarTest@6f7918f0]
                     </div>
                     <div>
                        <b>Parameters: </b>
                        
                        [TestResult name=loadBaublebar status=FAILURE method=LoadBaublebarTest.loadBaublebar()[pri:0, instance:com.baublebar.testcases.LoadBaublebarTest@6f7918f0]
                        output={null}]
                        
                        
                     </div>
                     <div>
                        <b>Start time: </b>12:12:12
                     </div>
                     <div>
                        <b>End time: </b>12:12:12
                     </div>
                     <div>
                        <b>Duration: </b>300 ms
                        
                     </div>
                  </div>
               </td>
            </tr>
            <tr></tr>
            <tr id="com.baublebar.testcases.LoadBaublebarTest_quitDriver_byStatus_passed_PASS3_row"
                class="testMethodStatusPASS testMethodStatusCONF">
               <td width="100%" class="firstMethodCell">
                  <a onclick="toggleDetailsVisibility('com.baublebar.testcases.LoadBaublebarTest_quitDriver_byStatus_passed_PASS3_details')">quitDriver()</a>
               </td>
               <td nowrap="true">12:12:12</td>
               <td nowrap="true" align="right">205 ms
                  
               </td>
               <td nowrap="true">
                   
                  
               </td>
            </tr>
            <tr>
               <td colspan="4" class="detailsBox">
                  <div id="com.baublebar.testcases.LoadBaublebarTest_quitDriver_byStatus_passed_PASS3_details"
                       class="testMethodDetails">
                     <div>
                        <b>Name: </b>quitDriver
                     </div>
                     <div>
                        <b>Signature: </b>quitDriver()[pri:0, instance:com.baublebar.testcases.LoadBaublebarTest@6f7918f0]
                     </div>
                     <div>
                        <b>Start time: </b>12:12:12
                     </div>
                     <div>
                        <b>End time: </b>12:12:13
                     </div>
                     <div>
                        <b>Duration: </b>205 ms
                        
                     </div>
                  </div>
               </td>
            </tr>
            <tr></tr>
         </table>
      </div>
      <div id="testMethodsByClass">
         <table class="testMethodsTable" cellpadding="0" cellspacing="0">
            <tr>
               <td colspan="4">
                  <h3 style="display: inline;">com.baublebar.testcases.LoadBaublebarTest</h3>
               </td>
            </tr>
            <tr class="methodsTableHeader">
               <td width="100%">Name</td>
               <td nowrap="true">Started</td>
               <td nowrap="true">Duration</td>
               <td>Exception</td>
            </tr>
            <tr id="com.baublebar.testcases.LoadBaublebarTest_setupDesireCapabilities_byClass_PASS1_row"
                class="testMethodStatusPASS testMethodStatusCONF">
               <td width="100%" class="firstMethodCell">
                  <a onclick="toggleDetailsVisibility('com.baublebar.testcases.LoadBaublebarTest_setupDesireCapabilities_byClass_PASS1_details')">setupDesireCapabilities(FIREFOX
                     
                     ,
                     
                     WIN8_1
                     
                     ,
                     
                     35)
                  </a>
               </td>
               <td nowrap="true">12:11:17</td>
               <td nowrap="true" align="right">12s
                  
               </td>
               <td nowrap="true">
                   
                  
               </td>
            </tr>
            <tr>
               <td colspan="4" class="detailsBox">
                  <div id="com.baublebar.testcases.LoadBaublebarTest_setupDesireCapabilities_byClass_PASS1_details"
                       class="testMethodDetails">
                     <div>
                        <b>Name: </b>setupDesireCapabilities
                     </div>
                     <div>
                        <b>Signature: </b>setupDesireCapabilities(java.lang.String, org.openqa.selenium.Platform, java.lang.String)[pri:0, instance:com.baublebar.testcases.LoadBaublebarTest@6f7918f0]
                     </div>
                     <div>
                        <b>Parameters: </b>
                        
                        FIREFOX
                        
                        ,
                        
                        WIN8_1
                        
                        ,
                        
                        35
                        
                        
                     </div>
                     <div>
                        <b>Start time: </b>12:11:17
                     </div>
                     <div>
                        <b>End time: </b>12:11:29
                     </div>
                     <div>
                        <b>Duration: </b>12s
                        
                     </div>
                  </div>
               </td>
            </tr>
            <tr></tr>
            <tr id="com.baublebar.testcases.LoadBaublebarTest_loadBaublebar_byClass_FAIL2_row"
                class="testMethodStatusFAIL">
               <td width="100%" class="firstMethodCell">
                  <a onclick="toggleDetailsVisibility('com.baublebar.testcases.LoadBaublebarTest_loadBaublebar_byClass_FAIL2_details')">loadBaublebar()</a>
               </td>
               <td nowrap="true">12:11:29</td>
               <td nowrap="true" align="right">42s
                  
               </td>
               <td nowrap="true">
                  <a onclick="toggleDetailsVisibility('com.baublebar.testcases.LoadBaublebarTest_loadBaublebar_byClass_FAIL2_exception')">org.junit.ComparisonFailure: 
                     expected:&lt;[The Final Say in Fashion Jewelry | BaubleBar]&gt; but was:&lt;[Problem loading page]&gt;
                     
                  </a>
                   
                  
               </td>
            </tr>
            <tr>
               <td colspan="4" class="detailsBox">
                  <div id="com.baublebar.testcases.LoadBaublebarTest_loadBaublebar_byClass_FAIL2_details"
                       class="testMethodDetails">
                     <div>
                        <b>Name: </b>loadBaublebar
                     </div>
                     <div>
                        <b>Signature: </b>loadBaublebar()[pri:0, instance:com.baublebar.testcases.LoadBaublebarTest@6f7918f0]
                     </div>
                     <div>
                        <b>Start time: </b>12:11:29
                     </div>
                     <div>
                        <b>End time: </b>12:12:12
                     </div>
                     <div>
                        <b>Duration: </b>42s
                        
                     </div>
                  </div>
               </td>
            </tr>
            <tr>
               <td colspan="4" class="detailsBox">
                  <div id="com.baublebar.testcases.LoadBaublebarTest_loadBaublebar_byClass_FAIL2_exception"
                       class="testMethodDetails">
                     <pre style="padding: 5px; margin: 0;">org.junit.ComparisonFailure: expected:&lt;[The Final Say in Fashion Jewelry | BaubleBar]&gt; but was:&lt;[Problem loading page]&gt;
                        	at org.junit.Assert.assertEquals(Assert.java:115)
                        	at org.junit.Assert.assertEquals(Assert.java:144)
                        	at com.baublebar.pages.BaublebarPage.loadBaublebar(BaublebarPage.java:176)
                        	at com.baublebar.testcases.LoadBaublebarTest.loadBaublebar(LoadBaublebarTest.java:56)
                        	at sun.reflect.NativeMethodAccessorImpl.invoke0(Native Method)
                        	at sun.reflect.NativeMethodAccessorImpl.invoke(NativeMethodAccessorImpl.java:39)
                        	at sun.reflect.DelegatingMethodAccessorImpl.invoke(DelegatingMethodAccessorImpl.java:25)
                        	at java.lang.reflect.Method.invoke(Method.java:597)
                        	at org.testng.internal.MethodInvocationHelper.invokeMethod(MethodInvocationHelper.java:84)
                        	at org.testng.internal.Invoker.invokeMethod(Invoker.java:714)
                        	at org.testng.internal.Invoker.invokeTestMethod(Invoker.java:901)
                        	at org.testng.internal.Invoker.invokeTestMethods(Invoker.java:1231)
                        	at org.testng.internal.TestMethodWorker.invokeTestMethods(TestMethodWorker.java:127)
                        	at org.testng.internal.TestMethodWorker.run(TestMethodWorker.java:111)
                        	at org.testng.TestRunner.privateRun(TestRunner.java:767)
                        	at org.testng.TestRunner.run(TestRunner.java:617)
                        	at org.testng.SuiteRunner.runTest(SuiteRunner.java:334)
                        	at org.testng.SuiteRunner.runSequentially(SuiteRunner.java:329)
                        	at org.testng.SuiteRunner.privateRun(SuiteRunner.java:291)
                        	at org.testng.SuiteRunner.run(SuiteRunner.java:240)
                        	at org.testng.SuiteRunnerWorker.runSuite(SuiteRunnerWorker.java:52)
                        	at org.testng.SuiteRunnerWorker.run(SuiteRunnerWorker.java:86)
                        	at org.testng.TestNG.runSuitesSequentially(TestNG.java:1224)
                        	at org.testng.TestNG.runSuitesLocally(TestNG.java:1149)
                        	at org.testng.TestNG.run(TestNG.java:1057)
                        	at org.testng.TestNG.privateMain(TestNG.java:1364)
                        	at org.testng.TestNG.main(TestNG.java:1333)
                     </pre>
                  </div>
               </td>
            </tr>
            <tr id="com.baublebar.testcases.LoadBaublebarTest_updateSauceTestName_byClass_PASS3_row"
                class="testMethodStatusPASS testMethodStatusCONF">
               <td width="100%" class="firstMethodCell">
                  <a onclick="toggleDetailsVisibility('com.baublebar.testcases.LoadBaublebarTest_updateSauceTestName_byClass_PASS3_details')">updateSauceTestName([TestResult name=loadBaublebar status=FAILURE method=LoadBaublebarTest.loadBaublebar()[pri:0, instance:com.baublebar.testcases.LoadBaublebarTest@6f7918f0]
                     output={null}])
                  </a>
               </td>
               <td nowrap="true">12:12:12</td>
               <td nowrap="true" align="right">300 ms
                  
               </td>
               <td nowrap="true">
                   
                  
               </td>
            </tr>
            <tr>
               <td colspan="4" class="detailsBox">
                  <div id="com.baublebar.testcases.LoadBaublebarTest_updateSauceTestName_byClass_PASS3_details"
                       class="testMethodDetails">
                     <div>
                        <b>Name: </b>updateSauceTestName
                     </div>
                     <div>
                        <b>Signature: </b>updateSauceTestName(org.testng.ITestResult)[pri:0, instance:com.baublebar.testcases.LoadBaublebarTest@6f7918f0]
                     </div>
                     <div>
                        <b>Parameters: </b>
                        
                        [TestResult name=loadBaublebar status=FAILURE method=LoadBaublebarTest.loadBaublebar()[pri:0, instance:com.baublebar.testcases.LoadBaublebarTest@6f7918f0]
                        output={null}]
                        
                        
                     </div>
                     <div>
                        <b>Start time: </b>12:12:12
                     </div>
                     <div>
                        <b>End time: </b>12:12:12
                     </div>
                     <div>
                        <b>Duration: </b>300 ms
                        
                     </div>
                  </div>
               </td>
            </tr>
            <tr></tr>
            <tr id="com.baublebar.testcases.LoadBaublebarTest_quitDriver_byClass_PASS4_row"
                class="testMethodStatusPASS testMethodStatusCONF">
               <td width="100%" class="firstMethodCell">
                  <a onclick="toggleDetailsVisibility('com.baublebar.testcases.LoadBaublebarTest_quitDriver_byClass_PASS4_details')">quitDriver()</a>
               </td>
               <td nowrap="true">12:12:12</td>
               <td nowrap="true" align="right">205 ms
                  
               </td>
               <td nowrap="true">
                   
                  
               </td>
            </tr>
            <tr>
               <td colspan="4" class="detailsBox">
                  <div id="com.baublebar.testcases.LoadBaublebarTest_quitDriver_byClass_PASS4_details"
                       class="testMethodDetails">
                     <div>
                        <b>Name: </b>quitDriver
                     </div>
                     <div>
                        <b>Signature: </b>quitDriver()[pri:0, instance:com.baublebar.testcases.LoadBaublebarTest@6f7918f0]
                     </div>
                     <div>
                        <b>Start time: </b>12:12:12
                     </div>
                     <div>
                        <b>End time: </b>12:12:13
                     </div>
                     <div>
                        <b>Duration: </b>205 ms
                        
                     </div>
                  </div>
               </td>
            </tr>
            <tr></tr>
         </table>
         <br></br>
      </div>
      <div style="margin-top: 15px; color: gray; text-align: center; font-size: 9px;">
         Generated with
         
         <a href="http://code.google.com/p/testng-xslt/" style="color: #8888aa;"
            target="_blank">
            TestNG XSLT
            
         </a>
      </div>
   </body>
</html>