<?xml version="1.0" encoding="UTF-8"?>
<!-- Generated by org.testng.reporters.JUnitXMLReporter -->
<testsuite hostname="Maitris-MacBook-Pro.local" name="WIN8.1" tests="3" failures="0" timestamp="26 Feb 2015 22:03:57 GMT" time="0.023" errors="0">
  <testcase name="@BeforeSuite setupDesireCapabilities" time="0.0" classname="com.baublebar.testcases.LoadBaublebarTest">
    <failure type="org.testng.TestNGException" message="
Parameter &amp;apos;browser&amp;apos; is required by @Configuration on method setupDesireCapabilities but has not been marked @Optional or defined
in /Users/maitriacharya/Automation/BaublebarTest/Suite1.xml">
      <![CDATA[org.testng.TestNGException: 
Parameter 'browser' is required by @Configuration on method setupDesireCapabilities but has not been marked @Optional or defined
in /Users/maitriacharya/Automation/BaublebarTest/Suite1.xml
	at org.testng.internal.Parameters.createParameters(Parameters.java:155)
	at org.testng.internal.Parameters.createParameters(Parameters.java:358)
	at org.testng.internal.Parameters.createConfigurationParameters(Parameters.java:86)
	at org.testng.internal.Invoker.invokeConfigurations(Invoker.java:199)
	at org.testng.internal.Invoker.invokeConfigurations(Invoker.java:138)
	at org.testng.SuiteRunner.privateRun(SuiteRunner.java:277)
	at org.testng.SuiteRunner.run(SuiteRunner.java:240)
	at org.testng.SuiteRunnerWorker.runSuite(SuiteRunnerWorker.java:52)
	at org.testng.SuiteRunnerWorker.run(SuiteRunnerWorker.java:86)
	at org.testng.TestNG.runSuitesSequentially(TestNG.java:1224)
	at org.testng.TestNG.runSuitesSequentially(TestNG.java:1220)
	at org.testng.TestNG.runSuitesLocally(TestNG.java:1149)
	at org.testng.TestNG.run(TestNG.java:1057)
	at org.testng.remote.RemoteTestNG.run(RemoteTestNG.java:111)
	at org.testng.remote.RemoteTestNG.initAndRun(RemoteTestNG.java:204)
	at org.testng.remote.RemoteTestNG.main(RemoteTestNG.java:175)
]]>
    </failure>
  </testcase> <!-- @BeforeSuite setupDesireCapabilities -->
  <testcase name="@AfterMethod updateSauceTestName" time="0.0" classname="com.baublebar.testcases.LoadBaublebarTest">
    <skipped/>
  </testcase> <!-- @AfterMethod updateSauceTestName -->
  <testcase name="@AfterMethod updateSauceTestName" time="0.0" classname="com.baublebar.testcases.SignupForDiscountTest">
    <skipped/>
  </testcase> <!-- @AfterMethod updateSauceTestName -->
  <testcase name="@AfterMethod updateSauceTestName" time="0.0" classname="com.baublebar.testcases.LoginTest">
    <skipped/>
  </testcase> <!-- @AfterMethod updateSauceTestName -->
  <testcase name="loadBaublebar" time="0.0030" classname="com.baublebar.testcases.LoadBaublebarTest">
    <skipped/>
  </testcase> <!-- loadBaublebar -->
  <testcase name="signupForDiscountTest" time="0.0" classname="com.baublebar.testcases.SignupForDiscountTest">
    <skipped/>
  </testcase> <!-- signupForDiscountTest -->
  <testcase name="LoginTest" time="0.0010" classname="com.baublebar.testcases.LoginTest">
    <skipped/>
  </testcase> <!-- LoginTest -->
</testsuite> <!-- WIN8.1 -->
