<?xml version="1.0" encoding="UTF-8"?>
<testng-results skipped="0" failed="3" total="23" passed="20">
  <reporter-output>
  </reporter-output>
  <suite name="Firefox" duration-ms="269649" started-at="2015-06-01T19:34:59Z" finished-at="2015-06-01T19:39:28Z">
    <groups>
    </groups>
    <test name="LoadBaublebarTest" duration-ms="9038" started-at="2015-06-01T19:34:59Z" finished-at="2015-06-01T19:35:08Z">
      <class name="com.baublebar.testcases.LoadBaublebarTest">
        <test-method status="PASS" signature="loadBaublebar()[pri:0, instance:com.baublebar.testcases.LoadBaublebarTest@281ec58a]" name="loadBaublebar" duration-ms="7591" started-at="2015-06-01T15:34:59Z" finished-at="2015-06-01T15:35:06Z">
          <reporter-output>
          </reporter-output>
        </test-method> <!-- loadBaublebar -->
        <test-method status="PASS" signature="updateSauceTestName(org.testng.ITestResult)[pri:0, instance:com.baublebar.testcases.LoadBaublebarTest@281ec58a]" name="updateSauceTestName" is-config="true" duration-ms="1442" started-at="2015-06-01T15:35:06Z" finished-at="2015-06-01T15:35:08Z">
          <params>
            <param index="0">
              <value>
                <![CDATA[[TestResult name=loadBaublebar status=SUCCESS method=LoadBaublebarTest.loadBaublebar()[pri:0, instance:com.baublebar.testcases.LoadBaublebarTest@281ec58a] output={null}]]]>
              </value>
            </param>
          </params>
          <reporter-output>
          </reporter-output>
        </test-method> <!-- updateSauceTestName -->
      </class> <!-- com.baublebar.testcases.LoadBaublebarTest -->
    </test> <!-- LoadBaublebarTest -->
    <test name="MainNavigationBarTest" duration-ms="41418" started-at="2015-06-01T19:35:08Z" finished-at="2015-06-01T19:35:49Z">
      <class name="com.baublebar.testcases.mainnavigationbar.MainNavigationBarTest">
        <test-method status="PASS" signature="MainNavigationBarTest(java.util.Hashtable)[pri:0, instance:com.baublebar.testcases.mainnavigationbar.MainNavigationBarTest@774d921a]" name="MainNavigationBarTest" duration-ms="4827" started-at="2015-06-01T15:35:08Z" data-provider="getMainNavigationBarData" finished-at="2015-06-01T15:35:13Z">
          <params>
            <param index="0">
              <value>
                <![CDATA[{Runmode=Y, CategoryName=Whats New}]]>
              </value>
            </param>
          </params>
          <reporter-output>
          </reporter-output>
        </test-method> <!-- MainNavigationBarTest -->
        <test-method status="PASS" signature="updateSauceTestName(org.testng.ITestResult)[pri:0, instance:com.baublebar.testcases.mainnavigationbar.MainNavigationBarTest@774d921a]" name="updateSauceTestName" is-config="true" duration-ms="278" started-at="2015-06-01T15:35:13Z" finished-at="2015-06-01T15:35:13Z">
          <params>
            <param index="0">
              <value>
                <![CDATA[[TestResult name=MainNavigationBarTest status=SUCCESS method=MainNavigationBarTest.MainNavigationBarTest(java.util.Hashtable)[pri:0, instance:com.baublebar.testcases.mainnavigationbar.MainNavigationBarTest@774d921a] output={null}]]]>
              </value>
            </param>
          </params>
          <reporter-output>
          </reporter-output>
        </test-method> <!-- updateSauceTestName -->
        <test-method status="PASS" signature="MainNavigationBarTest(java.util.Hashtable)[pri:0, instance:com.baublebar.testcases.mainnavigationbar.MainNavigationBarTest@774d921a]" name="MainNavigationBarTest" duration-ms="4335" started-at="2015-06-01T15:35:13Z" data-provider="getMainNavigationBarData" finished-at="2015-06-01T15:35:17Z">
          <params>
            <param index="0">
              <value>
                <![CDATA[{Runmode=Y, CategoryName=Necklaces}]]>
              </value>
            </param>
          </params>
          <reporter-output>
          </reporter-output>
        </test-method> <!-- MainNavigationBarTest -->
        <test-method status="PASS" signature="updateSauceTestName(org.testng.ITestResult)[pri:0, instance:com.baublebar.testcases.mainnavigationbar.MainNavigationBarTest@774d921a]" name="updateSauceTestName" is-config="true" duration-ms="350" started-at="2015-06-01T15:35:17Z" finished-at="2015-06-01T15:35:18Z">
          <params>
            <param index="0">
              <value>
                <![CDATA[[TestResult name=MainNavigationBarTest status=SUCCESS method=MainNavigationBarTest.MainNavigationBarTest(java.util.Hashtable)[pri:0, instance:com.baublebar.testcases.mainnavigationbar.MainNavigationBarTest@774d921a] output={null}]]]>
              </value>
            </param>
          </params>
          <reporter-output>
          </reporter-output>
        </test-method> <!-- updateSauceTestName -->
        <test-method status="PASS" signature="MainNavigationBarTest(java.util.Hashtable)[pri:0, instance:com.baublebar.testcases.mainnavigationbar.MainNavigationBarTest@774d921a]" name="MainNavigationBarTest" duration-ms="4602" started-at="2015-06-01T15:35:18Z" data-provider="getMainNavigationBarData" finished-at="2015-06-01T15:35:22Z">
          <params>
            <param index="0">
              <value>
                <![CDATA[{Runmode=Y, CategoryName=Bracelets}]]>
              </value>
            </param>
          </params>
          <reporter-output>
          </reporter-output>
        </test-method> <!-- MainNavigationBarTest -->
        <test-method status="PASS" signature="updateSauceTestName(org.testng.ITestResult)[pri:0, instance:com.baublebar.testcases.mainnavigationbar.MainNavigationBarTest@774d921a]" name="updateSauceTestName" is-config="true" duration-ms="413" started-at="2015-06-01T15:35:22Z" finished-at="2015-06-01T15:35:23Z">
          <params>
            <param index="0">
              <value>
                <![CDATA[[TestResult name=MainNavigationBarTest status=SUCCESS method=MainNavigationBarTest.MainNavigationBarTest(java.util.Hashtable)[pri:0, instance:com.baublebar.testcases.mainnavigationbar.MainNavigationBarTest@774d921a] output={null}]]]>
              </value>
            </param>
          </params>
          <reporter-output>
          </reporter-output>
        </test-method> <!-- updateSauceTestName -->
        <test-method status="PASS" signature="MainNavigationBarTest(java.util.Hashtable)[pri:0, instance:com.baublebar.testcases.mainnavigationbar.MainNavigationBarTest@774d921a]" name="MainNavigationBarTest" duration-ms="3339" started-at="2015-06-01T15:35:23Z" data-provider="getMainNavigationBarData" finished-at="2015-06-01T15:35:26Z">
          <params>
            <param index="0">
              <value>
                <![CDATA[{Runmode=Y, CategoryName=Earrings}]]>
              </value>
            </param>
          </params>
          <reporter-output>
          </reporter-output>
        </test-method> <!-- MainNavigationBarTest -->
        <test-method status="PASS" signature="updateSauceTestName(org.testng.ITestResult)[pri:0, instance:com.baublebar.testcases.mainnavigationbar.MainNavigationBarTest@774d921a]" name="updateSauceTestName" is-config="true" duration-ms="667" started-at="2015-06-01T15:35:26Z" finished-at="2015-06-01T15:35:27Z">
          <params>
            <param index="0">
              <value>
                <![CDATA[[TestResult name=MainNavigationBarTest status=SUCCESS method=MainNavigationBarTest.MainNavigationBarTest(java.util.Hashtable)[pri:0, instance:com.baublebar.testcases.mainnavigationbar.MainNavigationBarTest@774d921a] output={null}]]]>
              </value>
            </param>
          </params>
          <reporter-output>
          </reporter-output>
        </test-method> <!-- updateSauceTestName -->
        <test-method status="PASS" signature="MainNavigationBarTest(java.util.Hashtable)[pri:0, instance:com.baublebar.testcases.mainnavigationbar.MainNavigationBarTest@774d921a]" name="MainNavigationBarTest" duration-ms="6861" started-at="2015-06-01T15:35:27Z" data-provider="getMainNavigationBarData" finished-at="2015-06-01T15:35:34Z">
          <params>
            <param index="0">
              <value>
                <![CDATA[{Runmode=Y, CategoryName=Rings}]]>
              </value>
            </param>
          </params>
          <reporter-output>
          </reporter-output>
        </test-method> <!-- MainNavigationBarTest -->
        <test-method status="PASS" signature="updateSauceTestName(org.testng.ITestResult)[pri:0, instance:com.baublebar.testcases.mainnavigationbar.MainNavigationBarTest@774d921a]" name="updateSauceTestName" is-config="true" duration-ms="406" started-at="2015-06-01T15:35:34Z" finished-at="2015-06-01T15:35:34Z">
          <params>
            <param index="0">
              <value>
                <![CDATA[[TestResult name=MainNavigationBarTest status=SUCCESS method=MainNavigationBarTest.MainNavigationBarTest(java.util.Hashtable)[pri:0, instance:com.baublebar.testcases.mainnavigationbar.MainNavigationBarTest@774d921a] output={null}]]]>
              </value>
            </param>
          </params>
          <reporter-output>
          </reporter-output>
        </test-method> <!-- updateSauceTestName -->
        <test-method status="PASS" signature="MainNavigationBarTest(java.util.Hashtable)[pri:0, instance:com.baublebar.testcases.mainnavigationbar.MainNavigationBarTest@774d921a]" name="MainNavigationBarTest" duration-ms="8221" started-at="2015-06-01T15:35:34Z" data-provider="getMainNavigationBarData" finished-at="2015-06-01T15:35:42Z">
          <params>
            <param index="0">
              <value>
                <![CDATA[{Runmode=Y, CategoryName=Personalized}]]>
              </value>
            </param>
          </params>
          <reporter-output>
          </reporter-output>
        </test-method> <!-- MainNavigationBarTest -->
        <test-method status="PASS" signature="updateSauceTestName(org.testng.ITestResult)[pri:0, instance:com.baublebar.testcases.mainnavigationbar.MainNavigationBarTest@774d921a]" name="updateSauceTestName" is-config="true" duration-ms="353" started-at="2015-06-01T15:35:42Z" finished-at="2015-06-01T15:35:43Z">
          <params>
            <param index="0">
              <value>
                <![CDATA[[TestResult name=MainNavigationBarTest status=SUCCESS method=MainNavigationBarTest.MainNavigationBarTest(java.util.Hashtable)[pri:0, instance:com.baublebar.testcases.mainnavigationbar.MainNavigationBarTest@774d921a] output={null}]]]>
              </value>
            </param>
          </params>
          <reporter-output>
          </reporter-output>
        </test-method> <!-- updateSauceTestName -->
        <test-method status="PASS" signature="MainNavigationBarTest(java.util.Hashtable)[pri:0, instance:com.baublebar.testcases.mainnavigationbar.MainNavigationBarTest@774d921a]" name="MainNavigationBarTest" duration-ms="3016" started-at="2015-06-01T15:35:43Z" data-provider="getMainNavigationBarData" finished-at="2015-06-01T15:35:46Z">
          <params>
            <param index="0">
              <value>
                <![CDATA[{Runmode=Y, CategoryName=Guest}]]>
              </value>
            </param>
          </params>
          <reporter-output>
          </reporter-output>
        </test-method> <!-- MainNavigationBarTest -->
        <test-method status="PASS" signature="updateSauceTestName(org.testng.ITestResult)[pri:0, instance:com.baublebar.testcases.mainnavigationbar.MainNavigationBarTest@774d921a]" name="updateSauceTestName" is-config="true" duration-ms="352" started-at="2015-06-01T15:35:46Z" finished-at="2015-06-01T15:35:46Z">
          <params>
            <param index="0">
              <value>
                <![CDATA[[TestResult name=MainNavigationBarTest status=SUCCESS method=MainNavigationBarTest.MainNavigationBarTest(java.util.Hashtable)[pri:0, instance:com.baublebar.testcases.mainnavigationbar.MainNavigationBarTest@774d921a] output={null}]]]>
              </value>
            </param>
          </params>
          <reporter-output>
          </reporter-output>
        </test-method> <!-- updateSauceTestName -->
        <test-method status="PASS" signature="MainNavigationBarTest(java.util.Hashtable)[pri:0, instance:com.baublebar.testcases.mainnavigationbar.MainNavigationBarTest@774d921a]" name="MainNavigationBarTest" duration-ms="3126" started-at="2015-06-01T15:35:46Z" data-provider="getMainNavigationBarData" finished-at="2015-06-01T15:35:49Z">
          <params>
            <param index="0">
              <value>
                <![CDATA[{Runmode=Y, CategoryName=Minibar}]]>
              </value>
            </param>
          </params>
          <reporter-output>
          </reporter-output>
        </test-method> <!-- MainNavigationBarTest -->
        <test-method status="PASS" signature="updateSauceTestName(org.testng.ITestResult)[pri:0, instance:com.baublebar.testcases.mainnavigationbar.MainNavigationBarTest@774d921a]" name="updateSauceTestName" is-config="true" duration-ms="262" started-at="2015-06-01T15:35:49Z" finished-at="2015-06-01T15:35:49Z">
          <params>
            <param index="0">
              <value>
                <![CDATA[[TestResult name=MainNavigationBarTest status=SUCCESS method=MainNavigationBarTest.MainNavigationBarTest(java.util.Hashtable)[pri:0, instance:com.baublebar.testcases.mainnavigationbar.MainNavigationBarTest@774d921a] output={null}]]]>
              </value>
            </param>
          </params>
          <reporter-output>
          </reporter-output>
        </test-method> <!-- updateSauceTestName -->
      </class> <!-- com.baublebar.testcases.mainnavigationbar.MainNavigationBarTest -->
    </test> <!-- MainNavigationBarTest -->
    <test name="PlaceOrderNewUserTest" duration-ms="27474" started-at="2015-06-01T19:35:49Z" finished-at="2015-06-01T19:36:17Z">
      <class name="com.baublebar.testcases.shoppingcart.PlaceOrderNewUserTest">
        <test-method status="FAIL" signature="PlaceOrderTest(java.util.Hashtable)[pri:0, instance:com.baublebar.testcases.shoppingcart.PlaceOrderNewUserTest@b05eb6f]" name="PlaceOrderTest" duration-ms="27106" started-at="2015-06-01T15:35:49Z" data-provider="getPlaceOrderNewUserTestData" finished-at="2015-06-01T15:36:16Z">
          <params>
            <param index="0">
              <value>
                <![CDATA[{Zip=7890, ProductName=ice-dog-tag-layered-pendant-necklace, Runmode=Y, Phone=100-100-1000, Street=75 Lawrence St, UserName=NewUser, Password=test123, CreditCard=378282246310005, LastName=QA, City=Dallas, FirstName=Automation, CVVNumber=1234, State=Texas}]]>
              </value>
            </param>
          </params>
          <exception class="org.openqa.selenium.NoSuchElementException">
            <message>
              <![CDATA[Unable to locate element: {"method":"xpath","selector":"//*[@id='billing:firstname']"}
For documentation on this error, please visit: http://seleniumhq.org/exceptions/no_such_element.html
Build info: version: '2.45.0', revision: '5017cb8', time: '2015-02-26 23:59:50'
System info: host: 'WIN-HLEK05V71GA', ip: '172.20.32.48', os.name: 'Windows Server 2012 R2', os.arch: 'x86', os.version: '6.3', java.version: '1.7.0_67'
Driver info: driver.version: unknown
Command duration or timeout: 223 milliseconds
For documentation on this error, please visit: http://seleniumhq.org/exceptions/no_such_element.html
Build info: version: '2.43.1', revision: '5163bce', time: '2014-09-10 16:27:58'
System info: host: 'Maitris-MacBook-Pro.local', ip: '10.9.20.70', os.name: 'Mac OS X', os.arch: 'x86_64', os.version: '10.9.5', java.version: '1.6.0_65'
Session ID: c915c21047914fda9b0d7fb10a5a459d
Driver info: org.openqa.selenium.remote.RemoteWebDriver
Capabilities [{platform=WINDOWS, acceptSslCerts=true, javascriptEnabled=true, hasMetadata=true, browserName=firefox, rotatable=false, locationContextEnabled=true, webdriver.remote.sessionid=c915c21047914fda9b0d7fb10a5a459d, version=35.0, cssSelectorsEnabled=true, databaseEnabled=true, handlesAlerts=true, webStorageEnabled=true, nativeEvents=false, applicationCacheEnabled=true, takesScreenshot=true}]]]>
            </message>
            <full-stacktrace>
              <![CDATA[org.openqa.selenium.NoSuchElementException: Unable to locate element: {"method":"xpath","selector":"//*[@id='billing:firstname']"}
For documentation on this error, please visit: http://seleniumhq.org/exceptions/no_such_element.html
Build info: version: '2.45.0', revision: '5017cb8', time: '2015-02-26 23:59:50'
System info: host: 'WIN-HLEK05V71GA', ip: '172.20.32.48', os.name: 'Windows Server 2012 R2', os.arch: 'x86', os.version: '6.3', java.version: '1.7.0_67'
Driver info: driver.version: unknown
Command duration or timeout: 223 milliseconds
For documentation on this error, please visit: http://seleniumhq.org/exceptions/no_such_element.html
Build info: version: '2.43.1', revision: '5163bce', time: '2014-09-10 16:27:58'
System info: host: 'Maitris-MacBook-Pro.local', ip: '10.9.20.70', os.name: 'Mac OS X', os.arch: 'x86_64', os.version: '10.9.5', java.version: '1.6.0_65'
Session ID: c915c21047914fda9b0d7fb10a5a459d
Driver info: org.openqa.selenium.remote.RemoteWebDriver
Capabilities [{platform=WINDOWS, acceptSslCerts=true, javascriptEnabled=true, hasMetadata=true, browserName=firefox, rotatable=false, locationContextEnabled=true, webdriver.remote.sessionid=c915c21047914fda9b0d7fb10a5a459d, version=35.0, cssSelectorsEnabled=true, databaseEnabled=true, handlesAlerts=true, webStorageEnabled=true, nativeEvents=false, applicationCacheEnabled=true, takesScreenshot=true}]
	at sun.reflect.NativeConstructorAccessorImpl.newInstance0(Native Method)
	at sun.reflect.NativeConstructorAccessorImpl.newInstance(NativeConstructorAccessorImpl.java:39)
	at sun.reflect.DelegatingConstructorAccessorImpl.newInstance(DelegatingConstructorAccessorImpl.java:27)
	at java.lang.reflect.Constructor.newInstance(Constructor.java:513)
	at org.openqa.selenium.remote.ErrorHandler.createThrowable(ErrorHandler.java:204)
	at org.openqa.selenium.remote.ErrorHandler.throwIfResponseFailed(ErrorHandler.java:156)
	at org.openqa.selenium.remote.RemoteWebDriver.execute(RemoteWebDriver.java:599)
	at org.openqa.selenium.remote.RemoteWebDriver.findElement(RemoteWebDriver.java:352)
	at org.openqa.selenium.remote.RemoteWebDriver.findElementByXPath(RemoteWebDriver.java:449)
	at org.openqa.selenium.By$ByXPath.findElement(By.java:357)
	at org.openqa.selenium.remote.RemoteWebDriver.findElement(RemoteWebDriver.java:344)
	at org.openqa.selenium.support.pagefactory.DefaultElementLocator.findElement(DefaultElementLocator.java:59)
	at org.openqa.selenium.support.pagefactory.internal.LocatingElementHandler.invoke(LocatingElementHandler.java:37)
	at com.sun.proxy.$Proxy11.sendKeys(Unknown Source)
	at com.baublebar.pages.BaublebarPage.filloutBillingInfoAndCheckOut(BaublebarPage.java:289)
	at com.baublebar.testcases.shoppingcart.PlaceOrderNewUserTest.PlaceOrderTest(PlaceOrderNewUserTest.java:39)
	at sun.reflect.NativeMethodAccessorImpl.invoke0(Native Method)
	at sun.reflect.NativeMethodAccessorImpl.invoke(NativeMethodAccessorImpl.java:39)
	at sun.reflect.DelegatingMethodAccessorImpl.invoke(DelegatingMethodAccessorImpl.java:25)
	at java.lang.reflect.Method.invoke(Method.java:597)
	at org.testng.internal.MethodInvocationHelper.invokeMethod(MethodInvocationHelper.java:84)
	at org.testng.internal.Invoker.invokeMethod(Invoker.java:714)
	at org.testng.internal.Invoker.invokeTestMethod(Invoker.java:901)
	at org.testng.internal.Invoker.invokeTestMethods(Invoker.java:1231)
	at org.testng.internal.TestMethodWorker.invokeTestMethods(TestMethodWorker.java:127)
	at org.testng.internal.TestMethodWorker.run(TestMethodWorker.java:111)
	at org.testng.TestRunner.privateRun(TestRunner.java:767)
	at org.testng.TestRunner.run(TestRunner.java:617)
	at org.testng.SuiteRunner.runTest(SuiteRunner.java:334)
	at org.testng.SuiteRunner.runSequentially(SuiteRunner.java:329)
	at org.testng.SuiteRunner.privateRun(SuiteRunner.java:291)
	at org.testng.SuiteRunner.run(SuiteRunner.java:240)
	at org.testng.SuiteRunnerWorker.runSuite(SuiteRunnerWorker.java:52)
	at org.testng.SuiteRunnerWorker.run(SuiteRunnerWorker.java:86)
	at org.testng.TestNG.runSuitesSequentially(TestNG.java:1224)
	at org.testng.TestNG.runSuitesLocally(TestNG.java:1149)
	at org.testng.TestNG.run(TestNG.java:1057)
	at org.testng.TestNG.privateMain(TestNG.java:1364)
	at org.testng.TestNG.main(TestNG.java:1333)
Caused by: org.openqa.selenium.NoSuchElementException: Unable to locate element: {"method":"xpath","selector":"//*[@id='billing:firstname']"}
For documentation on this error, please visit: http://seleniumhq.org/exceptions/no_such_element.html
Build info: version: '2.45.0', revision: '5017cb8', time: '2015-02-26 23:59:50'
System info: host: 'WIN-HLEK05V71GA', ip: '172.20.32.48', os.name: 'Windows Server 2012 R2', os.arch: 'x86', os.version: '6.3', java.version: '1.7.0_67'
Driver info: driver.version: unknown
For documentation on this error, please visit: http://seleniumhq.org/exceptions/no_such_element.html
Build info: version: '2.43.1', revision: '5163bce', time: '2014-09-10 16:27:58'
System info: host: 'Maitris-MacBook-Pro.local', ip: '10.9.20.70', os.name: 'Mac OS X', os.arch: 'x86_64', os.version: '10.9.5', java.version: '1.6.0_65'
Driver info: driver.version: unknown
	at <anonymous class>.FirefoxDriver.prototype.findElementInternal_(file:///C:/Users/ADMINI~1/AppData/Local/Temp/anonymous3292201821692875576webdriver-profile/extensions/fxdriver@googlecode.com/components/driver-component.js:10271)
	at <anonymous class>.FirefoxDriver.prototype.findElement(file:///C:/Users/ADMINI~1/AppData/Local/Temp/anonymous3292201821692875576webdriver-profile/extensions/fxdriver@googlecode.com/components/driver-component.js:10280)
	at <anonymous class>.DelayedCommand.prototype.executeInternal_/h(file:///C:/Users/ADMINI~1/AppData/Local/Temp/anonymous3292201821692875576webdriver-profile/extensions/fxdriver@googlecode.com/components/command-processor.js:12274)
	at <anonymous class>.DelayedCommand.prototype.executeInternal_(file:///C:/Users/ADMINI~1/AppData/Local/Temp/anonymous3292201821692875576webdriver-profile/extensions/fxdriver@googlecode.com/components/command-processor.js:12279)
	at <anonymous class>.DelayedCommand.prototype.execute/<(file:///C:/Users/ADMINI~1/AppData/Local/Temp/anonymous3292201821692875576webdriver-profile/extensions/fxdriver@googlecode.com/components/command-processor.js:12221)
]]>
            </full-stacktrace>
          </exception> <!-- org.openqa.selenium.NoSuchElementException -->
          <reporter-output>
          </reporter-output>
        </test-method> <!-- PlaceOrderTest -->
        <test-method status="PASS" signature="updateSauceTestName(org.testng.ITestResult)[pri:0, instance:com.baublebar.testcases.shoppingcart.PlaceOrderNewUserTest@b05eb6f]" name="updateSauceTestName" is-config="true" duration-ms="362" started-at="2015-06-01T15:36:16Z" finished-at="2015-06-01T15:36:17Z">
          <params>
            <param index="0">
              <value>
                <![CDATA[[TestResult name=PlaceOrderTest status=FAILURE method=PlaceOrderNewUserTest.PlaceOrderTest(java.util.Hashtable)[pri:0, instance:com.baublebar.testcases.shoppingcart.PlaceOrderNewUserTest@b05eb6f] output={null}]]]>
              </value>
            </param>
          </params>
          <reporter-output>
          </reporter-output>
        </test-method> <!-- updateSauceTestName -->
      </class> <!-- com.baublebar.testcases.shoppingcart.PlaceOrderNewUserTest -->
    </test> <!-- PlaceOrderNewUserTest -->
    <test name="PlaceOrderTest" duration-ms="6455" started-at="2015-06-01T19:36:17Z" finished-at="2015-06-01T19:36:23Z">
      <class name="com.baublebar.testcases.shoppingcart.PlaceOrderTest">
        <test-method status="FAIL" signature="PlaceOrderTest(java.util.Hashtable)[pri:0, instance:com.baublebar.testcases.shoppingcart.PlaceOrderTest@7b283052]" name="PlaceOrderTest" duration-ms="6100" started-at="2015-06-01T15:36:17Z" data-provider="getPlaceOrderData" finished-at="2015-06-01T15:36:23Z">
          <params>
            <param index="0">
              <value>
                <![CDATA[{Runmode=Y, ProductName=ice-dog-tag-layered-pendant-necklace}]]>
              </value>
            </param>
          </params>
          <exception class="org.openqa.selenium.NoSuchElementException">
            <message>
              <![CDATA[Unable to locate element: {"method":"xpath","selector":".//*[@id='product_addtocart_form']/div[3]/div[1]/button"}
For documentation on this error, please visit: http://seleniumhq.org/exceptions/no_such_element.html
Build info: version: '2.45.0', revision: '5017cb8', time: '2015-02-26 23:59:50'
System info: host: 'WIN-HLEK05V71GA', ip: '172.20.32.48', os.name: 'Windows Server 2012 R2', os.arch: 'x86', os.version: '6.3', java.version: '1.7.0_67'
Driver info: driver.version: unknown
Command duration or timeout: 822 milliseconds
For documentation on this error, please visit: http://seleniumhq.org/exceptions/no_such_element.html
Build info: version: '2.43.1', revision: '5163bce', time: '2014-09-10 16:27:58'
System info: host: 'Maitris-MacBook-Pro.local', ip: '10.9.20.70', os.name: 'Mac OS X', os.arch: 'x86_64', os.version: '10.9.5', java.version: '1.6.0_65'
Session ID: c915c21047914fda9b0d7fb10a5a459d
Driver info: org.openqa.selenium.remote.RemoteWebDriver
Capabilities [{platform=WINDOWS, acceptSslCerts=true, javascriptEnabled=true, hasMetadata=true, browserName=firefox, rotatable=false, locationContextEnabled=true, webdriver.remote.sessionid=c915c21047914fda9b0d7fb10a5a459d, version=35.0, cssSelectorsEnabled=true, databaseEnabled=true, handlesAlerts=true, webStorageEnabled=true, nativeEvents=false, applicationCacheEnabled=true, takesScreenshot=true}]]]>
            </message>
            <full-stacktrace>
              <![CDATA[org.openqa.selenium.NoSuchElementException: Unable to locate element: {"method":"xpath","selector":".//*[@id='product_addtocart_form']/div[3]/div[1]/button"}
For documentation on this error, please visit: http://seleniumhq.org/exceptions/no_such_element.html
Build info: version: '2.45.0', revision: '5017cb8', time: '2015-02-26 23:59:50'
System info: host: 'WIN-HLEK05V71GA', ip: '172.20.32.48', os.name: 'Windows Server 2012 R2', os.arch: 'x86', os.version: '6.3', java.version: '1.7.0_67'
Driver info: driver.version: unknown
Command duration or timeout: 822 milliseconds
For documentation on this error, please visit: http://seleniumhq.org/exceptions/no_such_element.html
Build info: version: '2.43.1', revision: '5163bce', time: '2014-09-10 16:27:58'
System info: host: 'Maitris-MacBook-Pro.local', ip: '10.9.20.70', os.name: 'Mac OS X', os.arch: 'x86_64', os.version: '10.9.5', java.version: '1.6.0_65'
Session ID: c915c21047914fda9b0d7fb10a5a459d
Driver info: org.openqa.selenium.remote.RemoteWebDriver
Capabilities [{platform=WINDOWS, acceptSslCerts=true, javascriptEnabled=true, hasMetadata=true, browserName=firefox, rotatable=false, locationContextEnabled=true, webdriver.remote.sessionid=c915c21047914fda9b0d7fb10a5a459d, version=35.0, cssSelectorsEnabled=true, databaseEnabled=true, handlesAlerts=true, webStorageEnabled=true, nativeEvents=false, applicationCacheEnabled=true, takesScreenshot=true}]
	at sun.reflect.NativeConstructorAccessorImpl.newInstance0(Native Method)
	at sun.reflect.NativeConstructorAccessorImpl.newInstance(NativeConstructorAccessorImpl.java:39)
	at sun.reflect.DelegatingConstructorAccessorImpl.newInstance(DelegatingConstructorAccessorImpl.java:27)
	at java.lang.reflect.Constructor.newInstance(Constructor.java:513)
	at org.openqa.selenium.remote.ErrorHandler.createThrowable(ErrorHandler.java:204)
	at org.openqa.selenium.remote.ErrorHandler.throwIfResponseFailed(ErrorHandler.java:156)
	at org.openqa.selenium.remote.RemoteWebDriver.execute(RemoteWebDriver.java:599)
	at org.openqa.selenium.remote.RemoteWebDriver.findElement(RemoteWebDriver.java:352)
	at org.openqa.selenium.remote.RemoteWebDriver.findElementByXPath(RemoteWebDriver.java:449)
	at org.openqa.selenium.By$ByXPath.findElement(By.java:357)
	at org.openqa.selenium.remote.RemoteWebDriver.findElement(RemoteWebDriver.java:344)
	at org.openqa.selenium.support.pagefactory.DefaultElementLocator.findElement(DefaultElementLocator.java:59)
	at org.openqa.selenium.support.pagefactory.internal.LocatingElementHandler.invoke(LocatingElementHandler.java:37)
	at com.sun.proxy.$Proxy11.click(Unknown Source)
	at com.baublebar.pages.BaublebarPage.placeOrder(BaublebarPage.java:215)
	at com.baublebar.testcases.shoppingcart.PlaceOrderTest.PlaceOrderTest(PlaceOrderTest.java:27)
	at sun.reflect.NativeMethodAccessorImpl.invoke0(Native Method)
	at sun.reflect.NativeMethodAccessorImpl.invoke(NativeMethodAccessorImpl.java:39)
	at sun.reflect.DelegatingMethodAccessorImpl.invoke(DelegatingMethodAccessorImpl.java:25)
	at java.lang.reflect.Method.invoke(Method.java:597)
	at org.testng.internal.MethodInvocationHelper.invokeMethod(MethodInvocationHelper.java:84)
	at org.testng.internal.Invoker.invokeMethod(Invoker.java:714)
	at org.testng.internal.Invoker.invokeTestMethod(Invoker.java:901)
	at org.testng.internal.Invoker.invokeTestMethods(Invoker.java:1231)
	at org.testng.internal.TestMethodWorker.invokeTestMethods(TestMethodWorker.java:127)
	at org.testng.internal.TestMethodWorker.run(TestMethodWorker.java:111)
	at org.testng.TestRunner.privateRun(TestRunner.java:767)
	at org.testng.TestRunner.run(TestRunner.java:617)
	at org.testng.SuiteRunner.runTest(SuiteRunner.java:334)
	at org.testng.SuiteRunner.runSequentially(SuiteRunner.java:329)
	at org.testng.SuiteRunner.privateRun(SuiteRunner.java:291)
	at org.testng.SuiteRunner.run(SuiteRunner.java:240)
	at org.testng.SuiteRunnerWorker.runSuite(SuiteRunnerWorker.java:52)
	at org.testng.SuiteRunnerWorker.run(SuiteRunnerWorker.java:86)
	at org.testng.TestNG.runSuitesSequentially(TestNG.java:1224)
	at org.testng.TestNG.runSuitesLocally(TestNG.java:1149)
	at org.testng.TestNG.run(TestNG.java:1057)
	at org.testng.TestNG.privateMain(TestNG.java:1364)
	at org.testng.TestNG.main(TestNG.java:1333)
Caused by: org.openqa.selenium.NoSuchElementException: Unable to locate element: {"method":"xpath","selector":".//*[@id='product_addtocart_form']/div[3]/div[1]/button"}
For documentation on this error, please visit: http://seleniumhq.org/exceptions/no_such_element.html
Build info: version: '2.45.0', revision: '5017cb8', time: '2015-02-26 23:59:50'
System info: host: 'WIN-HLEK05V71GA', ip: '172.20.32.48', os.name: 'Windows Server 2012 R2', os.arch: 'x86', os.version: '6.3', java.version: '1.7.0_67'
Driver info: driver.version: unknown
For documentation on this error, please visit: http://seleniumhq.org/exceptions/no_such_element.html
Build info: version: '2.43.1', revision: '5163bce', time: '2014-09-10 16:27:58'
System info: host: 'Maitris-MacBook-Pro.local', ip: '10.9.20.70', os.name: 'Mac OS X', os.arch: 'x86_64', os.version: '10.9.5', java.version: '1.6.0_65'
Driver info: driver.version: unknown
	at <anonymous class>.FirefoxDriver.prototype.findElementInternal_(file:///C:/Users/ADMINI~1/AppData/Local/Temp/anonymous3292201821692875576webdriver-profile/extensions/fxdriver@googlecode.com/components/driver-component.js:10271)
	at <anonymous class>.FirefoxDriver.prototype.findElement(file:///C:/Users/ADMINI~1/AppData/Local/Temp/anonymous3292201821692875576webdriver-profile/extensions/fxdriver@googlecode.com/components/driver-component.js:10280)
	at <anonymous class>.DelayedCommand.prototype.executeInternal_/h(file:///C:/Users/ADMINI~1/AppData/Local/Temp/anonymous3292201821692875576webdriver-profile/extensions/fxdriver@googlecode.com/components/command-processor.js:12274)
	at <anonymous class>.DelayedCommand.prototype.executeInternal_(file:///C:/Users/ADMINI~1/AppData/Local/Temp/anonymous3292201821692875576webdriver-profile/extensions/fxdriver@googlecode.com/components/command-processor.js:12279)
	at <anonymous class>.DelayedCommand.prototype.execute/<(file:///C:/Users/ADMINI~1/AppData/Local/Temp/anonymous3292201821692875576webdriver-profile/extensions/fxdriver@googlecode.com/components/command-processor.js:12221)
]]>
            </full-stacktrace>
          </exception> <!-- org.openqa.selenium.NoSuchElementException -->
          <reporter-output>
          </reporter-output>
        </test-method> <!-- PlaceOrderTest -->
        <test-method status="PASS" signature="updateSauceTestName(org.testng.ITestResult)[pri:0, instance:com.baublebar.testcases.shoppingcart.PlaceOrderTest@7b283052]" name="updateSauceTestName" is-config="true" duration-ms="351" started-at="2015-06-01T15:36:23Z" finished-at="2015-06-01T15:36:23Z">
          <params>
            <param index="0">
              <value>
                <![CDATA[[TestResult name=PlaceOrderTest status=FAILURE method=PlaceOrderTest.PlaceOrderTest(java.util.Hashtable)[pri:0, instance:com.baublebar.testcases.shoppingcart.PlaceOrderTest@7b283052] output={null}]]]>
              </value>
            </param>
          </params>
          <reporter-output>
          </reporter-output>
        </test-method> <!-- updateSauceTestName -->
      </class> <!-- com.baublebar.testcases.shoppingcart.PlaceOrderTest -->
    </test> <!-- PlaceOrderTest -->
    <test name="SignupForDiscountTest" duration-ms="38543" started-at="2015-06-01T19:36:23Z" finished-at="2015-06-01T19:37:02Z">
      <class name="com.baublebar.testcases.topmenubar.SignupForDiscountTest">
        <test-method status="PASS" signature="signupForDiscountTest(java.util.Hashtable)[pri:0, instance:com.baublebar.testcases.topmenubar.SignupForDiscountTest@265a2eaa]" name="signupForDiscountTest" duration-ms="38196" started-at="2015-06-01T15:36:23Z" data-provider="getDiscountData" finished-at="2015-06-01T15:37:01Z">
          <params>
            <param index="0">
              <value>
                <![CDATA[{Runmode=Y, DiscountEmail=cmaitri@yahoo.com}]]>
              </value>
            </param>
          </params>
          <reporter-output>
          </reporter-output>
        </test-method> <!-- signupForDiscountTest -->
        <test-method status="PASS" signature="updateSauceTestName(org.testng.ITestResult)[pri:0, instance:com.baublebar.testcases.topmenubar.SignupForDiscountTest@265a2eaa]" name="updateSauceTestName" is-config="true" duration-ms="345" started-at="2015-06-01T15:37:01Z" finished-at="2015-06-01T15:37:02Z">
          <params>
            <param index="0">
              <value>
                <![CDATA[[TestResult name=signupForDiscountTest status=SUCCESS method=SignupForDiscountTest.signupForDiscountTest(java.util.Hashtable)[pri:0, instance:com.baublebar.testcases.topmenubar.SignupForDiscountTest@265a2eaa] output={null}]]]>
              </value>
            </param>
          </params>
          <reporter-output>
          </reporter-output>
        </test-method> <!-- updateSauceTestName -->
      </class> <!-- com.baublebar.testcases.topmenubar.SignupForDiscountTest -->
    </test> <!-- SignupForDiscountTest -->
    <test name="ShoppingCartTest" duration-ms="64553" started-at="2015-06-01T19:37:02Z" finished-at="2015-06-01T19:38:06Z">
      <class name="com.baublebar.testcases.topmenubar.ShoppingCartTest">
        <test-method status="FAIL" signature="ShoppingCartTest(java.util.Hashtable)[pri:0, instance:com.baublebar.testcases.topmenubar.ShoppingCartTest@77bc1fb9]" name="ShoppingCartTest" duration-ms="64111" started-at="2015-06-01T15:37:02Z" data-provider="getShoppingCartData" finished-at="2015-06-01T15:38:06Z">
          <params>
            <param index="0">
              <value>
                <![CDATA[{Runmode=Y}]]>
              </value>
            </param>
          </params>
          <exception class="org.openqa.selenium.TimeoutException">
            <message>
              <![CDATA[Timed out after 30 seconds waiting for visibility of [[RemoteWebDriver: firefox on WINDOWS (c915c21047914fda9b0d7fb10a5a459d)] -> css selector: .loginLink.btn.btnSm.btnDefault>span]
Build info: version: '2.43.1', revision: '5163bce', time: '2014-09-10 16:27:58'
System info: host: 'Maitris-MacBook-Pro.local', ip: '10.9.20.70', os.name: 'Mac OS X', os.arch: 'x86_64', os.version: '10.9.5', java.version: '1.6.0_65'
Session ID: c915c21047914fda9b0d7fb10a5a459d
Driver info: org.openqa.selenium.remote.RemoteWebDriver
Capabilities [{platform=WINDOWS, acceptSslCerts=true, javascriptEnabled=true, hasMetadata=true, browserName=firefox, rotatable=false, locationContextEnabled=true, webdriver.remote.sessionid=c915c21047914fda9b0d7fb10a5a459d, version=35.0, cssSelectorsEnabled=true, databaseEnabled=true, handlesAlerts=true, webStorageEnabled=true, nativeEvents=false, applicationCacheEnabled=true, takesScreenshot=true}]]]>
            </message>
            <full-stacktrace>
              <![CDATA[org.openqa.selenium.TimeoutException: Timed out after 30 seconds waiting for visibility of [[RemoteWebDriver: firefox on WINDOWS (c915c21047914fda9b0d7fb10a5a459d)] -> css selector: .loginLink.btn.btnSm.btnDefault>span]
Build info: version: '2.43.1', revision: '5163bce', time: '2014-09-10 16:27:58'
System info: host: 'Maitris-MacBook-Pro.local', ip: '10.9.20.70', os.name: 'Mac OS X', os.arch: 'x86_64', os.version: '10.9.5', java.version: '1.6.0_65'
Session ID: c915c21047914fda9b0d7fb10a5a459d
Driver info: org.openqa.selenium.remote.RemoteWebDriver
Capabilities [{platform=WINDOWS, acceptSslCerts=true, javascriptEnabled=true, hasMetadata=true, browserName=firefox, rotatable=false, locationContextEnabled=true, webdriver.remote.sessionid=c915c21047914fda9b0d7fb10a5a459d, version=35.0, cssSelectorsEnabled=true, databaseEnabled=true, handlesAlerts=true, webStorageEnabled=true, nativeEvents=false, applicationCacheEnabled=true, takesScreenshot=true}]
	at org.openqa.selenium.support.ui.WebDriverWait.timeoutException(WebDriverWait.java:79)
	at org.openqa.selenium.support.ui.FluentWait.until(FluentWait.java:228)
	at com.baublebar.pages.TopMenuBarPage.clickShoppingCart(TopMenuBarPage.java:282)
	at com.baublebar.testcases.topmenubar.ShoppingCartTest.ShoppingCartTest(ShoppingCartTest.java:35)
	at sun.reflect.NativeMethodAccessorImpl.invoke0(Native Method)
	at sun.reflect.NativeMethodAccessorImpl.invoke(NativeMethodAccessorImpl.java:39)
	at sun.reflect.DelegatingMethodAccessorImpl.invoke(DelegatingMethodAccessorImpl.java:25)
	at java.lang.reflect.Method.invoke(Method.java:597)
	at org.testng.internal.MethodInvocationHelper.invokeMethod(MethodInvocationHelper.java:84)
	at org.testng.internal.Invoker.invokeMethod(Invoker.java:714)
	at org.testng.internal.Invoker.invokeTestMethod(Invoker.java:901)
	at org.testng.internal.Invoker.invokeTestMethods(Invoker.java:1231)
	at org.testng.internal.TestMethodWorker.invokeTestMethods(TestMethodWorker.java:127)
	at org.testng.internal.TestMethodWorker.run(TestMethodWorker.java:111)
	at org.testng.TestRunner.privateRun(TestRunner.java:767)
	at org.testng.TestRunner.run(TestRunner.java:617)
	at org.testng.SuiteRunner.runTest(SuiteRunner.java:334)
	at org.testng.SuiteRunner.runSequentially(SuiteRunner.java:329)
	at org.testng.SuiteRunner.privateRun(SuiteRunner.java:291)
	at org.testng.SuiteRunner.run(SuiteRunner.java:240)
	at org.testng.SuiteRunnerWorker.runSuite(SuiteRunnerWorker.java:52)
	at org.testng.SuiteRunnerWorker.run(SuiteRunnerWorker.java:86)
	at org.testng.TestNG.runSuitesSequentially(TestNG.java:1224)
	at org.testng.TestNG.runSuitesLocally(TestNG.java:1149)
	at org.testng.TestNG.run(TestNG.java:1057)
	at org.testng.TestNG.privateMain(TestNG.java:1364)
	at org.testng.TestNG.main(TestNG.java:1333)
]]>
            </full-stacktrace>
          </exception> <!-- org.openqa.selenium.TimeoutException -->
          <reporter-output>
          </reporter-output>
        </test-method> <!-- ShoppingCartTest -->
        <test-method status="PASS" signature="updateSauceTestName(org.testng.ITestResult)[pri:0, instance:com.baublebar.testcases.topmenubar.ShoppingCartTest@77bc1fb9]" name="updateSauceTestName" is-config="true" duration-ms="440" started-at="2015-06-01T15:38:06Z" finished-at="2015-06-01T15:38:06Z">
          <params>
            <param index="0">
              <value>
                <![CDATA[[TestResult name=ShoppingCartTest status=FAILURE method=ShoppingCartTest.ShoppingCartTest(java.util.Hashtable)[pri:0, instance:com.baublebar.testcases.topmenubar.ShoppingCartTest@77bc1fb9] output={null}]]]>
              </value>
            </param>
          </params>
          <reporter-output>
          </reporter-output>
        </test-method> <!-- updateSauceTestName -->
      </class> <!-- com.baublebar.testcases.topmenubar.ShoppingCartTest -->
    </test> <!-- ShoppingCartTest -->
    <test name="LoginTest" duration-ms="10117" started-at="2015-06-01T19:38:06Z" finished-at="2015-06-01T19:38:16Z">
      <class name="com.baublebar.testcases.topmenubar.LoginTest">
        <test-method status="PASS" signature="LoginTest(java.util.Hashtable)[pri:0, instance:com.baublebar.testcases.topmenubar.LoginTest@6d66f9b9]" name="LoginTest" duration-ms="9825" started-at="2015-06-01T15:38:06Z" data-provider="getLoginData" finished-at="2015-06-01T15:38:16Z">
          <params>
            <param index="0">
              <value>
                <![CDATA[{Username=qa@baublebar.com, Password=test123, Runmode=Y}]]>
              </value>
            </param>
          </params>
          <reporter-output>
          </reporter-output>
        </test-method> <!-- LoginTest -->
        <test-method status="PASS" signature="updateSauceTestName(org.testng.ITestResult)[pri:0, instance:com.baublebar.testcases.topmenubar.LoginTest@6d66f9b9]" name="updateSauceTestName" is-config="true" duration-ms="285" started-at="2015-06-01T15:38:16Z" finished-at="2015-06-01T15:38:16Z">
          <params>
            <param index="0">
              <value>
                <![CDATA[[TestResult name=LoginTest status=SUCCESS method=LoginTest.LoginTest(java.util.Hashtable)[pri:0, instance:com.baublebar.testcases.topmenubar.LoginTest@6d66f9b9] output={null}]]]>
              </value>
            </param>
          </params>
          <reporter-output>
          </reporter-output>
        </test-method> <!-- updateSauceTestName -->
      </class> <!-- com.baublebar.testcases.topmenubar.LoginTest -->
    </test> <!-- LoginTest -->
    <test name="MyAccountOptionsTest" duration-ms="44746" started-at="2015-06-01T19:38:16Z" finished-at="2015-06-01T19:39:01Z">
      <class name="com.baublebar.testcases.topmenubar.MyAccountOptionsTest">
        <test-method status="PASS" signature="LoginTest(java.util.Hashtable)[pri:0, instance:com.baublebar.testcases.topmenubar.MyAccountOptionsTest@3a98350a]" name="LoginTest" duration-ms="8614" started-at="2015-06-01T15:38:16Z" data-provider="getMyAccountData" finished-at="2015-06-01T15:38:25Z">
          <params>
            <param index="0">
              <value>
                <![CDATA[{Options=Dashboard, Runmode=Y}]]>
              </value>
            </param>
          </params>
          <reporter-output>
          </reporter-output>
        </test-method> <!-- LoginTest -->
        <test-method status="PASS" signature="updateSauceTestName(org.testng.ITestResult)[pri:0, instance:com.baublebar.testcases.topmenubar.MyAccountOptionsTest@3a98350a]" name="updateSauceTestName" is-config="true" duration-ms="341" started-at="2015-06-01T15:38:25Z" finished-at="2015-06-01T15:38:25Z">
          <params>
            <param index="0">
              <value>
                <![CDATA[[TestResult name=LoginTest status=SUCCESS method=MyAccountOptionsTest.LoginTest(java.util.Hashtable)[pri:0, instance:com.baublebar.testcases.topmenubar.MyAccountOptionsTest@3a98350a] output={null}]]]>
              </value>
            </param>
          </params>
          <reporter-output>
          </reporter-output>
        </test-method> <!-- updateSauceTestName -->
        <test-method status="PASS" signature="LoginTest(java.util.Hashtable)[pri:0, instance:com.baublebar.testcases.topmenubar.MyAccountOptionsTest@3a98350a]" name="LoginTest" duration-ms="8945" started-at="2015-06-01T15:38:25Z" data-provider="getMyAccountData" finished-at="2015-06-01T15:38:34Z">
          <params>
            <param index="0">
              <value>
                <![CDATA[{Options=My Hearts, Runmode=Y}]]>
              </value>
            </param>
          </params>
          <reporter-output>
          </reporter-output>
        </test-method> <!-- LoginTest -->
        <test-method status="PASS" signature="updateSauceTestName(org.testng.ITestResult)[pri:0, instance:com.baublebar.testcases.topmenubar.MyAccountOptionsTest@3a98350a]" name="updateSauceTestName" is-config="true" duration-ms="400" started-at="2015-06-01T15:38:34Z" finished-at="2015-06-01T15:38:35Z">
          <params>
            <param index="0">
              <value>
                <![CDATA[[TestResult name=LoginTest status=SUCCESS method=MyAccountOptionsTest.LoginTest(java.util.Hashtable)[pri:0, instance:com.baublebar.testcases.topmenubar.MyAccountOptionsTest@3a98350a] output={null}]]]>
              </value>
            </param>
          </params>
          <reporter-output>
          </reporter-output>
        </test-method> <!-- updateSauceTestName -->
        <test-method status="PASS" signature="LoginTest(java.util.Hashtable)[pri:0, instance:com.baublebar.testcases.topmenubar.MyAccountOptionsTest@3a98350a]" name="LoginTest" duration-ms="7273" started-at="2015-06-01T15:38:35Z" data-provider="getMyAccountData" finished-at="2015-06-01T15:38:42Z">
          <params>
            <param index="0">
              <value>
                <![CDATA[{Options=My Waitlist, Runmode=Y}]]>
              </value>
            </param>
          </params>
          <reporter-output>
          </reporter-output>
        </test-method> <!-- LoginTest -->
        <test-method status="PASS" signature="updateSauceTestName(org.testng.ITestResult)[pri:0, instance:com.baublebar.testcases.topmenubar.MyAccountOptionsTest@3a98350a]" name="updateSauceTestName" is-config="true" duration-ms="339" started-at="2015-06-01T15:38:42Z" finished-at="2015-06-01T15:38:42Z">
          <params>
            <param index="0">
              <value>
                <![CDATA[[TestResult name=LoginTest status=SUCCESS method=MyAccountOptionsTest.LoginTest(java.util.Hashtable)[pri:0, instance:com.baublebar.testcases.topmenubar.MyAccountOptionsTest@3a98350a] output={null}]]]>
              </value>
            </param>
          </params>
          <reporter-output>
          </reporter-output>
        </test-method> <!-- updateSauceTestName -->
        <test-method status="PASS" signature="LoginTest(java.util.Hashtable)[pri:0, instance:com.baublebar.testcases.topmenubar.MyAccountOptionsTest@3a98350a]" name="LoginTest" duration-ms="8956" started-at="2015-06-01T15:38:42Z" data-provider="getMyAccountData" finished-at="2015-06-01T15:38:51Z">
          <params>
            <param index="0">
              <value>
                <![CDATA[{Options=Vault Points, Runmode=Y}]]>
              </value>
            </param>
          </params>
          <reporter-output>
          </reporter-output>
        </test-method> <!-- LoginTest -->
        <test-method status="PASS" signature="updateSauceTestName(org.testng.ITestResult)[pri:0, instance:com.baublebar.testcases.topmenubar.MyAccountOptionsTest@3a98350a]" name="updateSauceTestName" is-config="true" duration-ms="420" started-at="2015-06-01T15:38:51Z" finished-at="2015-06-01T15:38:52Z">
          <params>
            <param index="0">
              <value>
                <![CDATA[[TestResult name=LoginTest status=SUCCESS method=MyAccountOptionsTest.LoginTest(java.util.Hashtable)[pri:0, instance:com.baublebar.testcases.topmenubar.MyAccountOptionsTest@3a98350a] output={null}]]]>
              </value>
            </param>
          </params>
          <reporter-output>
          </reporter-output>
        </test-method> <!-- updateSauceTestName -->
        <test-method status="PASS" signature="LoginTest(java.util.Hashtable)[pri:0, instance:com.baublebar.testcases.topmenubar.MyAccountOptionsTest@3a98350a]" name="LoginTest" duration-ms="9086" started-at="2015-06-01T15:38:52Z" data-provider="getMyAccountData" finished-at="2015-06-01T15:39:01Z">
          <params>
            <param index="0">
              <value>
                <![CDATA[{Options=Invite Friends, Runmode=Y}]]>
              </value>
            </param>
          </params>
          <reporter-output>
          </reporter-output>
        </test-method> <!-- LoginTest -->
        <test-method status="PASS" signature="updateSauceTestName(org.testng.ITestResult)[pri:0, instance:com.baublebar.testcases.topmenubar.MyAccountOptionsTest@3a98350a]" name="updateSauceTestName" is-config="true" duration-ms="369" started-at="2015-06-01T15:39:01Z" finished-at="2015-06-01T15:39:01Z">
          <params>
            <param index="0">
              <value>
                <![CDATA[[TestResult name=LoginTest status=SUCCESS method=MyAccountOptionsTest.LoginTest(java.util.Hashtable)[pri:0, instance:com.baublebar.testcases.topmenubar.MyAccountOptionsTest@3a98350a] output={null}]]]>
              </value>
            </param>
          </params>
          <reporter-output>
          </reporter-output>
        </test-method> <!-- updateSauceTestName -->
      </class> <!-- com.baublebar.testcases.topmenubar.MyAccountOptionsTest -->
    </test> <!-- MyAccountOptionsTest -->
    <test name="LogoutTest" duration-ms="5239" started-at="2015-06-01T19:39:01Z" finished-at="2015-06-01T19:39:06Z">
      <class name="com.baublebar.testcases.topmenubar.LogoutTest">
        <test-method status="PASS" signature="LogoutTest(java.util.Hashtable)[pri:0, instance:com.baublebar.testcases.topmenubar.LogoutTest@5fa5e5e]" name="LogoutTest" duration-ms="4977" started-at="2015-06-01T15:39:01Z" data-provider="getLogoutData" finished-at="2015-06-01T15:39:06Z">
          <params>
            <param index="0">
              <value>
                <![CDATA[{Runmode=Y}]]>
              </value>
            </param>
          </params>
          <reporter-output>
          </reporter-output>
        </test-method> <!-- LogoutTest -->
        <test-method status="PASS" signature="updateSauceTestName(org.testng.ITestResult)[pri:0, instance:com.baublebar.testcases.topmenubar.LogoutTest@5fa5e5e]" name="updateSauceTestName" is-config="true" duration-ms="260" started-at="2015-06-01T15:39:06Z" finished-at="2015-06-01T15:39:06Z">
          <params>
            <param index="0">
              <value>
                <![CDATA[[TestResult name=LogoutTest status=SUCCESS method=LogoutTest.LogoutTest(java.util.Hashtable)[pri:0, instance:com.baublebar.testcases.topmenubar.LogoutTest@5fa5e5e] output={null}]]]>
              </value>
            </param>
          </params>
          <reporter-output>
          </reporter-output>
        </test-method> <!-- updateSauceTestName -->
      </class> <!-- com.baublebar.testcases.topmenubar.LogoutTest -->
    </test> <!-- LogoutTest -->
    <test name="ContactusTest" duration-ms="3505" started-at="2015-06-01T19:39:06Z" finished-at="2015-06-01T19:39:10Z">
      <class name="com.baublebar.testcases.topmenubar.ContactusTest">
        <test-method status="PASS" signature="contactusTest(java.util.Hashtable)[pri:0, instance:com.baublebar.testcases.topmenubar.ContactusTest@5c29ea31]" name="contactusTest" duration-ms="3212" started-at="2015-06-01T15:39:06Z" data-provider="getContactusData" finished-at="2015-06-01T15:39:10Z">
          <params>
            <param index="0">
              <value>
                <![CDATA[{Runmode=Y}]]>
              </value>
            </param>
          </params>
          <reporter-output>
          </reporter-output>
        </test-method> <!-- contactusTest -->
        <test-method status="PASS" signature="updateSauceTestName(org.testng.ITestResult)[pri:0, instance:com.baublebar.testcases.topmenubar.ContactusTest@5c29ea31]" name="updateSauceTestName" is-config="true" duration-ms="292" started-at="2015-06-01T15:39:10Z" finished-at="2015-06-01T15:39:10Z">
          <params>
            <param index="0">
              <value>
                <![CDATA[[TestResult name=contactusTest status=SUCCESS method=ContactusTest.contactusTest(java.util.Hashtable)[pri:0, instance:com.baublebar.testcases.topmenubar.ContactusTest@5c29ea31] output={null}]]]>
              </value>
            </param>
          </params>
          <reporter-output>
          </reporter-output>
        </test-method> <!-- updateSauceTestName -->
      </class> <!-- com.baublebar.testcases.topmenubar.ContactusTest -->
    </test> <!-- ContactusTest -->
    <test name="VisitusTest" duration-ms="5908" started-at="2015-06-01T19:39:10Z" finished-at="2015-06-01T19:39:16Z">
      <class name="com.baublebar.testcases.topmenubar.VisitusTest">
        <test-method status="PASS" signature="LocationsTest(java.util.Hashtable)[pri:0, instance:com.baublebar.testcases.topmenubar.VisitusTest@153b2cb]" name="LocationsTest" duration-ms="5140" started-at="2015-06-01T15:39:10Z" data-provider="getLocationsData" finished-at="2015-06-01T15:39:15Z">
          <params>
            <param index="0">
              <value>
                <![CDATA[{Runmode=Y}]]>
              </value>
            </param>
          </params>
          <reporter-output>
          </reporter-output>
        </test-method> <!-- LocationsTest -->
        <test-method status="PASS" signature="updateSauceTestName(org.testng.ITestResult)[pri:0, instance:com.baublebar.testcases.topmenubar.VisitusTest@153b2cb]" name="updateSauceTestName" is-config="true" duration-ms="766" started-at="2015-06-01T15:39:15Z" finished-at="2015-06-01T15:39:16Z">
          <params>
            <param index="0">
              <value>
                <![CDATA[[TestResult name=LocationsTest status=SUCCESS method=VisitusTest.LocationsTest(java.util.Hashtable)[pri:0, instance:com.baublebar.testcases.topmenubar.VisitusTest@153b2cb] output={null}]]]>
              </value>
            </param>
          </params>
          <reporter-output>
          </reporter-output>
        </test-method> <!-- updateSauceTestName -->
      </class> <!-- com.baublebar.testcases.topmenubar.VisitusTest -->
    </test> <!-- VisitusTest -->
    <test name="CreateAccountTest" duration-ms="12615" started-at="2015-06-01T19:39:16Z" finished-at="2015-06-01T19:39:28Z">
      <class name="com.baublebar.testcases.LoadBaublebarTest">
        <test-method status="PASS" signature="setupDesireCapabilities(java.lang.String, org.openqa.selenium.Platform, java.lang.String)[pri:0, instance:com.baublebar.testcases.LoadBaublebarTest@281ec58a]" name="setupDesireCapabilities" is-config="true" duration-ms="13149" started-at="2015-06-01T15:34:46Z" finished-at="2015-06-01T15:34:59Z">
          <params>
            <param index="0">
              <value>
                <![CDATA[FIREFOX]]>
              </value>
            </param>
            <param index="1">
              <value>
                <![CDATA[WIN8_1]]>
              </value>
            </param>
            <param index="2">
              <value>
                <![CDATA[35]]>
              </value>
            </param>
          </params>
          <reporter-output>
          </reporter-output>
        </test-method> <!-- setupDesireCapabilities -->
      </class> <!-- com.baublebar.testcases.LoadBaublebarTest -->
      <class name="com.baublebar.testcases.topmenubar.CreateAccountTest">
        <test-method status="PASS" signature="createAccTest(java.util.Hashtable)[pri:0, instance:com.baublebar.testcases.topmenubar.CreateAccountTest@5e6ffd79]" name="createAccTest" duration-ms="12254" started-at="2015-06-01T15:39:16Z" data-provider="getCreateAccountData" finished-at="2015-06-01T15:39:28Z">
          <params>
            <param index="0">
              <value>
                <![CDATA[{Username=automation, Password=add123, Runmode=Y}]]>
              </value>
            </param>
          </params>
          <reporter-output>
          </reporter-output>
        </test-method> <!-- createAccTest -->
        <test-method status="PASS" signature="updateSauceTestName(org.testng.ITestResult)[pri:0, instance:com.baublebar.testcases.topmenubar.CreateAccountTest@5e6ffd79]" name="updateSauceTestName" is-config="true" duration-ms="360" started-at="2015-06-01T15:39:28Z" finished-at="2015-06-01T15:39:28Z">
          <params>
            <param index="0">
              <value>
                <![CDATA[[TestResult name=createAccTest status=SUCCESS method=CreateAccountTest.createAccTest(java.util.Hashtable)[pri:0, instance:com.baublebar.testcases.topmenubar.CreateAccountTest@5e6ffd79] output={null}]]]>
              </value>
            </param>
          </params>
          <reporter-output>
          </reporter-output>
        </test-method> <!-- updateSauceTestName -->
        <test-method status="PASS" signature="quitDriver()[pri:0, instance:com.baublebar.testcases.topmenubar.CreateAccountTest@5e6ffd79]" name="quitDriver" is-config="true" duration-ms="236" started-at="2015-06-01T15:39:28Z" finished-at="2015-06-01T15:39:29Z">
          <reporter-output>
          </reporter-output>
        </test-method> <!-- quitDriver -->
      </class> <!-- com.baublebar.testcases.topmenubar.CreateAccountTest -->
    </test> <!-- CreateAccountTest -->
  </suite> <!-- Firefox -->
</testng-results>
