<?xml version="1.0" encoding="UTF-8"?>
<!-- Generated by org.testng.reporters.JUnitXMLReporter -->
<testsuite hostname="Maitris-MacBook-Pro.local" name="CreateAccountTest" tests="1" failures="1" timestamp="30 Apr 2015 21:04:48 GMT" time="20.064" errors="0">
  <testcase name="createAccTest" time="20.063" classname="com.baublebar.testcases.topmenubar.CreateAccountTest">
    <failure type="java.lang.AssertionError" message="expected [AUTOMATION3FD96527C5BFAE2C@BAUBLEBAR.COM] but found [AUTOMATION3FD96527C5BF...]">
      <![CDATA[java.lang.AssertionError: expected [AUTOMATION3FD96527C5BFAE2C@BAUBLEBAR.COM] but found [AUTOMATION3FD96527C5BF...]
	at com.baublebar.pages.TopMenuBarPage.createAccount(TopMenuBarPage.java:223)
	at com.baublebar.testcases.topmenubar.CreateAccountTest.createAccTest(CreateAccountTest.java:33)
... Removed 28 stack frames]]>
    </failure>
  </testcase> <!-- createAccTest -->
</testsuite> <!-- CreateAccountTest -->
