<?xml version="1.0" encoding="UTF-8"?>
<!-- Generated by org.testng.reporters.JUnitXMLReporter -->
<testsuite hostname="Maitris-MacBook-Pro.local" name="SignupForDiscountTest" tests="1" failures="1" timestamp="30 Apr 2015 21:02:21 GMT" time="71.588" errors="0">
  <testcase name="signupForDiscountTest" time="71.586" classname="com.baublebar.testcases.topmenubar.SignupForDiscountTest">
    <failure type="org.openqa.selenium.TimeoutException" message="Timed out after 30 seconds waiting for visibility of [[RemoteWebDriver: chrome on WIN8 (6997f0ac-7963-4224-8ce0-9611eebe1645)] -&amp;gt; xpath: //*[@id=&amp;apos;email-signup&amp;apos;]/div/div[2]/p[1]]
Build info: version: &amp;apos;2.43.1&amp;apos;, revision: &amp;apos;5163bce&amp;apos;, time: &amp;apos;2014-09-10 16:27:58&amp;apos;
System info: host: &amp;apos;Maitris-MacBook-Pro.local&amp;apos;, ip: &amp;apos;10.20.2.238&amp;apos;, os.name: &amp;apos;Mac OS X&amp;apos;, os.arch: &amp;apos;x86_64&amp;apos;, os.version: &amp;apos;10.9.5&amp;apos;, java.version: &amp;apos;1.7.0_71&amp;apos;
Session ID: 6997f0ac-7963-4224-8ce0-9611eebe1645
Driver info: org.openqa.selenium.remote.RemoteWebDriver
Capabilities [{platform=WIN8, javascriptEnabled=true, acceptSslCerts=true, browserName=chrome, chrome={userDataDir=C:\Users\you\AppData\Local\Temp\scoped_dir1264_8435}, rotatable=false, locationContextEnabled=true, mobileEmulationEnabled=false, webdriver.remote.sessionid=6997f0ac-7963-4224-8ce0-9611eebe1645, version=40.0.2214.91, takesHeapSnapshot=true, cssSelectorsEnabled=true, databaseEnabled=false, handlesAlerts=true, browserConnectionEnabled=false, nativeEvents=true, webStorageEnabled=true, applicationCacheEnabled=false, takesScreenshot=true}]">
      <![CDATA[org.openqa.selenium.TimeoutException: Timed out after 30 seconds waiting for visibility of [[RemoteWebDriver: chrome on WIN8 (6997f0ac-7963-4224-8ce0-9611eebe1645)] -> xpath: //*[@id='email-signup']/div/div[2]/p[1]]
Build info: version: '2.43.1', revision: '5163bce', time: '2014-09-10 16:27:58'
System info: host: 'Maitris-MacBook-Pro.local', ip: '10.20.2.238', os.name: 'Mac OS X', os.arch: 'x86_64', os.version: '10.9.5', java.version: '1.7.0_71'
Session ID: 6997f0ac-7963-4224-8ce0-9611eebe1645
Driver info: org.openqa.selenium.remote.RemoteWebDriver
Capabilities [{platform=WIN8, javascriptEnabled=true, acceptSslCerts=true, browserName=chrome, chrome={userDataDir=C:\Users\you\AppData\Local\Temp\scoped_dir1264_8435}, rotatable=false, locationContextEnabled=true, mobileEmulationEnabled=false, webdriver.remote.sessionid=6997f0ac-7963-4224-8ce0-9611eebe1645, version=40.0.2214.91, takesHeapSnapshot=true, cssSelectorsEnabled=true, databaseEnabled=false, handlesAlerts=true, browserConnectionEnabled=false, nativeEvents=true, webStorageEnabled=true, applicationCacheEnabled=false, takesScreenshot=true}]
	at org.openqa.selenium.support.ui.WebDriverWait.timeoutException(WebDriverWait.java:79)
	at org.openqa.selenium.support.ui.FluentWait.until(FluentWait.java:228)
	at com.baublebar.pages.TopMenuBarPage.signupForDiscount(TopMenuBarPage.java:191)
	at com.baublebar.testcases.topmenubar.SignupForDiscountTest.signupForDiscountTest(SignupForDiscountTest.java:32)
... Removed 23 stack frames]]>
    </failure>
  </testcase> <!-- signupForDiscountTest -->
</testsuite> <!-- SignupForDiscountTest -->
