<!DOCTYPE html PUBLIC "-//W3C//DTD XHTML 1.1//EN" "http://www.w3.org/TR/xhtml11/DTD/xhtml11.dtd">
<html xmlns="http://www.w3.org/1999/xhtml"><head><title>TestNG Report</title><style type="text/css">table {margin-bottom:10px;border-collapse:collapse;empty-cells:show}th,td {border:1px solid #009;padding:.25em .5em}th {vertical-align:bottom}td {vertical-align:top}table a {font-weight:bold}.stripe td {background-color: #E6EBF9}.num {text-align:right}.passedodd td {background-color: #3F3}.passedeven td {background-color: #0A0}.skippedodd td {background-color: #DDD}.skippedeven td {background-color: #CCC}.failedodd td,.attn {background-color: #F33}.failedeven td,.stripe .attn {background-color: #D00}.stacktrace {white-space:pre;font-family:monospace}.totop {font-size:85%;text-align:center;border-bottom:2px solid #000}</style></head><body><table><tr><th>Test</th><th># Passed</th><th># Skipped</th><th># Failed</th><th>Time (ms)</th><th>Included Groups</th><th>Excluded Groups</th></tr><tr><th colspan="7">Chrome</th></tr><tr><td><a href="#t0">LoadBaublebarTest</a></td><td class="num">1</td><td class="num">0</td><td class="num">0</td><td class="num">24,777</td><td></td><td></td></tr><tr class="stripe"><td><a href="#t1">MainNavigationBarTest</a></td><td class="num">8</td><td class="num">0</td><td class="num">0</td><td class="num">134,409</td><td></td><td></td></tr><tr><td><a href="#t2">SignupForDiscountTest</a></td><td class="num">0</td><td class="num">0</td><td class="num attn">1</td><td class="num">71,588</td><td></td><td></td></tr><tr class="stripe"><td><a href="#t3">ShoppingCartTest</a></td><td class="num">1</td><td class="num">0</td><td class="num">0</td><td class="num">8,577</td><td></td><td></td></tr><tr><td><a href="#t4">LoginTest</a></td><td class="num">1</td><td class="num">0</td><td class="num">0</td><td class="num">16,913</td><td></td><td></td></tr><tr class="stripe"><td><a href="#t5">MyAccountOptionsTest</a></td><td class="num">5</td><td class="num">0</td><td class="num">0</td><td class="num">79,253</td><td></td><td></td></tr><tr><td><a href="#t6">LogoutTest</a></td><td class="num">1</td><td class="num">0</td><td class="num">0</td><td class="num">8,391</td><td></td><td></td></tr><tr class="stripe"><td><a href="#t7">ContactusTest</a></td><td class="num">1</td><td class="num">0</td><td class="num">0</td><td class="num">7,816</td><td></td><td></td></tr><tr><td><a href="#t8">VisitusTest</a></td><td class="num">1</td><td class="num">0</td><td class="num">0</td><td class="num">5,394</td><td></td><td></td></tr><tr class="stripe"><td><a href="#t9">CreateAccountTest</a></td><td class="num">0</td><td class="num">0</td><td class="num attn">1</td><td class="num">20,064</td><td></td><td></td></tr><tr><th>Total</th><th class="num">19</th><th class="num">0</th><th class="num attn">2</th><th class="num">377,182</th><th colspan="2"></th></tr></table><table><thead><tr><th>Class</th><th>Method</th><th>Start</th><th>Time (ms)</th></tr></thead><tbody><tr><th colspan="4">Chrome</th></tr></tbody><tbody id="t0"><tr><th colspan="4">LoadBaublebarTest &#8212; passed</th></tr><tr class="passedeven"><td rowspan="1">com.baublebar.testcases.LoadBaublebarTest</td><td><a href="#m0">loadBaublebar</a></td><td rowspan="1">1430427510823</td><td rowspan="1">24771</td></tr></tbody><tbody id="t1"><tr><th colspan="4">MainNavigationBarTest &#8212; passed</th></tr><tr class="passedeven"><td rowspan="8">com.baublebar.testcases.mainnavigationbar.MainNavigationBarTest</td><td><a href="#m1">MainNavigationBarTest</a></td><td rowspan="8">1430427597566</td><td rowspan="8">9842</td></tr><tr class="passedeven"><td><a href="#m2">MainNavigationBarTest</a></td></tr><tr class="passedeven"><td><a href="#m3">MainNavigationBarTest</a></td></tr><tr class="passedeven"><td><a href="#m4">MainNavigationBarTest</a></td></tr><tr class="passedeven"><td><a href="#m5">MainNavigationBarTest</a></td></tr><tr class="passedeven"><td><a href="#m6">MainNavigationBarTest</a></td></tr><tr class="passedeven"><td><a href="#m7">MainNavigationBarTest</a></td></tr><tr class="passedeven"><td><a href="#m8">MainNavigationBarTest</a></td></tr></tbody><tbody id="t2"><tr><th colspan="4">SignupForDiscountTest &#8212; failed</th></tr><tr class="failedeven"><td rowspan="1">com.baublebar.testcases.topmenubar.SignupForDiscountTest</td><td><a href="#m9">signupForDiscountTest</a></td><td rowspan="1">1430427670351</td><td rowspan="1">71586</td></tr></tbody><tbody id="t3"><tr><th colspan="4">ShoppingCartTest &#8212; passed</th></tr><tr class="passedeven"><td rowspan="1">com.baublebar.testcases.topmenubar.ShoppingCartTest</td><td><a href="#m10">ShoppingCartTest</a></td><td rowspan="1">1430427741950</td><td rowspan="1">8574</td></tr></tbody><tbody id="t4"><tr><th colspan="4">LoginTest &#8212; passed</th></tr><tr class="passedeven"><td rowspan="1">com.baublebar.testcases.topmenubar.LoginTest</td><td><a href="#m11">LoginTest</a></td><td rowspan="1">1430427750532</td><td rowspan="1">16907</td></tr></tbody><tbody id="t5"><tr><th colspan="4">MyAccountOptionsTest &#8212; passed</th></tr><tr class="passedeven"><td rowspan="5">com.baublebar.testcases.topmenubar.MyAccountOptionsTest</td><td><a href="#m12">LoginTest</a></td><td rowspan="5">1430427806364</td><td rowspan="5">16528</td></tr><tr class="passedeven"><td><a href="#m13">LoginTest</a></td></tr><tr class="passedeven"><td><a href="#m14">LoginTest</a></td></tr><tr class="passedeven"><td><a href="#m15">LoginTest</a></td></tr><tr class="passedeven"><td><a href="#m16">LoginTest</a></td></tr></tbody><tbody id="t6"><tr><th colspan="4">LogoutTest &#8212; passed</th></tr><tr class="passedeven"><td rowspan="1">com.baublebar.testcases.topmenubar.LogoutTest</td><td><a href="#m17">LogoutTest</a></td><td rowspan="1">1430427846699</td><td rowspan="1">8388</td></tr></tbody><tbody id="t7"><tr><th colspan="4">ContactusTest &#8212; passed</th></tr><tr class="passedeven"><td rowspan="1">com.baublebar.testcases.topmenubar.ContactusTest</td><td><a href="#m18">contactusTest</a></td><td rowspan="1">1430427855091</td><td rowspan="1">7814</td></tr></tbody><tbody id="t8"><tr><th colspan="4">VisitusTest &#8212; passed</th></tr><tr class="passedeven"><td rowspan="1">com.baublebar.testcases.topmenubar.VisitusTest</td><td><a href="#m19">LocationsTest</a></td><td rowspan="1">1430427862909</td><td rowspan="1">5392</td></tr></tbody><tbody id="t9"><tr><th colspan="4">CreateAccountTest &#8212; failed</th></tr><tr class="failedeven"><td rowspan="1">com.baublebar.testcases.topmenubar.CreateAccountTest</td><td><a href="#m20">createAccTest</a></td><td rowspan="1">1430427868304</td><td rowspan="1">20063</td></tr></tbody></table><h2>LoadBaublebarTest</h2><h3 id="m0">com.baublebar.testcases.LoadBaublebarTest#loadBaublebar</h3><table class="result"></table><p class="totop"><a href="#summary">back to summary</a></p><h2>MainNavigationBarTest</h2><h3 id="m1">com.baublebar.testcases.mainnavigationbar.MainNavigationBarTest#MainNavigationBarTest</h3><table class="result"><tr class="param"><th>Parameter #1</th></tr><tr class="param stripe"><td>{Runmode=Y, CategoryName=Earrings}</td></tr></table><p class="totop"><a href="#summary">back to summary</a></p><h3 id="m2">com.baublebar.testcases.mainnavigationbar.MainNavigationBarTest#MainNavigationBarTest</h3><table class="result"><tr class="param"><th>Parameter #1</th></tr><tr class="param stripe"><td>{Runmode=Y, CategoryName=Personalized}</td></tr></table><p class="totop"><a href="#summary">back to summary</a></p><h3 id="m3">com.baublebar.testcases.mainnavigationbar.MainNavigationBarTest#MainNavigationBarTest</h3><table class="result"><tr class="param"><th>Parameter #1</th></tr><tr class="param stripe"><td>{Runmode=Y, CategoryName=Rings}</td></tr></table><p class="totop"><a href="#summary">back to summary</a></p><h3 id="m4">com.baublebar.testcases.mainnavigationbar.MainNavigationBarTest#MainNavigationBarTest</h3><table class="result"><tr class="param"><th>Parameter #1</th></tr><tr class="param stripe"><td>{Runmode=Y, CategoryName=Bracelets}</td></tr></table><p class="totop"><a href="#summary">back to summary</a></p><h3 id="m5">com.baublebar.testcases.mainnavigationbar.MainNavigationBarTest#MainNavigationBarTest</h3><table class="result"><tr class="param"><th>Parameter #1</th></tr><tr class="param stripe"><td>{Runmode=Y, CategoryName=Minibar}</td></tr></table><p class="totop"><a href="#summary">back to summary</a></p><h3 id="m6">com.baublebar.testcases.mainnavigationbar.MainNavigationBarTest#MainNavigationBarTest</h3><table class="result"><tr class="param"><th>Parameter #1</th></tr><tr class="param stripe"><td>{Runmode=Y, CategoryName=Guest}</td></tr></table><p class="totop"><a href="#summary">back to summary</a></p><h3 id="m7">com.baublebar.testcases.mainnavigationbar.MainNavigationBarTest#MainNavigationBarTest</h3><table class="result"><tr class="param"><th>Parameter #1</th></tr><tr class="param stripe"><td>{Runmode=Y, CategoryName=What}</td></tr></table><p class="totop"><a href="#summary">back to summary</a></p><h3 id="m8">com.baublebar.testcases.mainnavigationbar.MainNavigationBarTest#MainNavigationBarTest</h3><table class="result"><tr class="param"><th>Parameter #1</th></tr><tr class="param stripe"><td>{Runmode=Y, CategoryName=Necklaces}</td></tr></table><p class="totop"><a href="#summary">back to summary</a></p><h2>SignupForDiscountTest</h2><h3 id="m9">com.baublebar.testcases.topmenubar.SignupForDiscountTest#signupForDiscountTest</h3><table class="result"><tr class="param"><th>Parameter #1</th></tr><tr class="param stripe"><td>{Runmode=Y, DiscountEmail=cmaitri@yahoo.com}</td></tr><tr><th>Exception</th></tr><tr><td><div class="stacktrace">org.openqa.selenium.TimeoutException: Timed out after 30 seconds waiting for visibility of [[RemoteWebDriver: chrome on WIN8 (6997f0ac-7963-4224-8ce0-9611eebe1645)] -&gt; xpath: //*[@id=&apos;email-signup&apos;]/div/div[2]/p[1]]
Build info: version: &apos;2.43.1&apos;, revision: &apos;5163bce&apos;, time: &apos;2014-09-10 16:27:58&apos;
System info: host: &apos;Maitris-MacBook-Pro.local&apos;, ip: &apos;10.20.2.238&apos;, os.name: &apos;Mac OS X&apos;, os.arch: &apos;x86_64&apos;, os.version: &apos;10.9.5&apos;, java.version: &apos;1.7.0_71&apos;
Session ID: 6997f0ac-7963-4224-8ce0-9611eebe1645
Driver info: org.openqa.selenium.remote.RemoteWebDriver
Capabilities [{platform=WIN8, javascriptEnabled=true, acceptSslCerts=true, browserName=chrome, chrome={userDataDir=C:\Users\you\AppData\Local\Temp\scoped_dir1264_8435}, rotatable=false, locationContextEnabled=true, mobileEmulationEnabled=false, webdriver.remote.sessionid=6997f0ac-7963-4224-8ce0-9611eebe1645, version=40.0.2214.91, takesHeapSnapshot=true, cssSelectorsEnabled=true, databaseEnabled=false, handlesAlerts=true, browserConnectionEnabled=false, nativeEvents=true, webStorageEnabled=true, applicationCacheEnabled=false, takesScreenshot=true}]
	at org.openqa.selenium.support.ui.WebDriverWait.timeoutException(WebDriverWait.java:79)
	at org.openqa.selenium.support.ui.FluentWait.until(FluentWait.java:228)
	at com.baublebar.pages.TopMenuBarPage.signupForDiscount(TopMenuBarPage.java:191)
	at com.baublebar.testcases.topmenubar.SignupForDiscountTest.signupForDiscountTest(SignupForDiscountTest.java:32)
... Removed 23 stack frames</div></td></tr></table><p class="totop"><a href="#summary">back to summary</a></p><h2>ShoppingCartTest</h2><h3 id="m10">com.baublebar.testcases.topmenubar.ShoppingCartTest#ShoppingCartTest</h3><table class="result"><tr class="param"><th>Parameter #1</th></tr><tr class="param stripe"><td>{Runmode=Y}</td></tr></table><p class="totop"><a href="#summary">back to summary</a></p><h2>LoginTest</h2><h3 id="m11">com.baublebar.testcases.topmenubar.LoginTest#LoginTest</h3><table class="result"><tr class="param"><th>Parameter #1</th></tr><tr class="param stripe"><td>{Username=qa@baublebar.com, Password=test123, Runmode=Y}</td></tr></table><p class="totop"><a href="#summary">back to summary</a></p><h2>MyAccountOptionsTest</h2><h3 id="m12">com.baublebar.testcases.topmenubar.MyAccountOptionsTest#LoginTest</h3><table class="result"><tr class="param"><th>Parameter #1</th></tr><tr class="param stripe"><td>{Options=My Waitlist, Runmode=Y}</td></tr></table><p class="totop"><a href="#summary">back to summary</a></p><h3 id="m13">com.baublebar.testcases.topmenubar.MyAccountOptionsTest#LoginTest</h3><table class="result"><tr class="param"><th>Parameter #1</th></tr><tr class="param stripe"><td>{Options=My Hearts, Runmode=Y}</td></tr></table><p class="totop"><a href="#summary">back to summary</a></p><h3 id="m14">com.baublebar.testcases.topmenubar.MyAccountOptionsTest#LoginTest</h3><table class="result"><tr class="param"><th>Parameter #1</th></tr><tr class="param stripe"><td>{Options=Dashboard, Runmode=Y}</td></tr></table><p class="totop"><a href="#summary">back to summary</a></p><h3 id="m15">com.baublebar.testcases.topmenubar.MyAccountOptionsTest#LoginTest</h3><table class="result"><tr class="param"><th>Parameter #1</th></tr><tr class="param stripe"><td>{Options=Invite Friends, Runmode=Y}</td></tr></table><p class="totop"><a href="#summary">back to summary</a></p><h3 id="m16">com.baublebar.testcases.topmenubar.MyAccountOptionsTest#LoginTest</h3><table class="result"><tr class="param"><th>Parameter #1</th></tr><tr class="param stripe"><td>{Options=Vault Points, Runmode=Y}</td></tr></table><p class="totop"><a href="#summary">back to summary</a></p><h2>LogoutTest</h2><h3 id="m17">com.baublebar.testcases.topmenubar.LogoutTest#LogoutTest</h3><table class="result"><tr class="param"><th>Parameter #1</th></tr><tr class="param stripe"><td>{Runmode=Y}</td></tr></table><p class="totop"><a href="#summary">back to summary</a></p><h2>ContactusTest</h2><h3 id="m18">com.baublebar.testcases.topmenubar.ContactusTest#contactusTest</h3><table class="result"><tr class="param"><th>Parameter #1</th></tr><tr class="param stripe"><td>{Runmode=Y}</td></tr></table><p class="totop"><a href="#summary">back to summary</a></p><h2>VisitusTest</h2><h3 id="m19">com.baublebar.testcases.topmenubar.VisitusTest#LocationsTest</h3><table class="result"><tr class="param"><th>Parameter #1</th></tr><tr class="param stripe"><td>{Runmode=Y}</td></tr></table><p class="totop"><a href="#summary">back to summary</a></p><h2>CreateAccountTest</h2><h3 id="m20">com.baublebar.testcases.topmenubar.CreateAccountTest#createAccTest</h3><table class="result"><tr class="param"><th>Parameter #1</th></tr><tr class="param stripe"><td>{Username=automation, Password=add123, Runmode=Y}</td></tr><tr><th>Exception</th></tr><tr><td><div class="stacktrace">java.lang.AssertionError: expected [AUTOMATION3FD96527C5BFAE2C@BAUBLEBAR.COM] but found [AUTOMATION3FD96527C5BF...]
	at com.baublebar.pages.TopMenuBarPage.createAccount(TopMenuBarPage.java:223)
	at com.baublebar.testcases.topmenubar.CreateAccountTest.createAccTest(CreateAccountTest.java:33)
... Removed 28 stack frames</div></td></tr></table><p class="totop"><a href="#summary">back to summary</a></p></body></html>