<?xml version="1.0" encoding="UTF-8"?>
<testng-results skipped="0" failed="2" total="21" passed="19">
  <reporter-output>
  </reporter-output>
  <suite name="Chrome" duration-ms="377549" started-at="2015-04-30T20:58:30Z" finished-at="2015-04-30T21:04:48Z">
    <groups>
    </groups>
    <test name="LoadBaublebarTest" duration-ms="24777" started-at="2015-04-30T20:58:30Z" finished-at="2015-04-30T20:58:55Z">
      <class name="com.baublebar.testcases.LoadBaublebarTest">
        <test-method status="PASS" signature="loadBaublebar()[pri:0, instance:com.baublebar.testcases.LoadBaublebarTest@252bb82b]" name="loadBaublebar" duration-ms="24771" started-at="2015-04-30T16:58:30Z" finished-at="2015-04-30T16:58:55Z">
          <reporter-output>
          </reporter-output>
        </test-method> <!-- loadBaublebar -->
      </class> <!-- com.baublebar.testcases.LoadBaublebarTest -->
    </test> <!-- LoadBaublebarTest -->
    <test name="MainNavigationBarTest" duration-ms="134409" started-at="2015-04-30T20:58:55Z" finished-at="2015-04-30T21:01:10Z">
      <class name="com.baublebar.testcases.mainnavigationbar.MainNavigationBarTest">
        <test-method status="PASS" signature="MainNavigationBarTest(java.util.Hashtable)[pri:0, instance:com.baublebar.testcases.mainnavigationbar.MainNavigationBarTest@3b715ab5]" name="MainNavigationBarTest" duration-ms="16074" started-at="2015-04-30T16:58:55Z" data-provider="getMainNavigationBarData" finished-at="2015-04-30T16:59:11Z">
          <params>
            <param index="0">
              <value>
                <![CDATA[{Runmode=Y, CategoryName=What}]]>
              </value>
            </param>
          </params>
          <reporter-output>
          </reporter-output>
        </test-method> <!-- MainNavigationBarTest -->
        <test-method status="PASS" signature="MainNavigationBarTest(java.util.Hashtable)[pri:0, instance:com.baublebar.testcases.mainnavigationbar.MainNavigationBarTest@3b715ab5]" name="MainNavigationBarTest" duration-ms="10346" started-at="2015-04-30T16:59:11Z" data-provider="getMainNavigationBarData" finished-at="2015-04-30T16:59:22Z">
          <params>
            <param index="0">
              <value>
                <![CDATA[{Runmode=Y, CategoryName=Necklaces}]]>
              </value>
            </param>
          </params>
          <reporter-output>
          </reporter-output>
        </test-method> <!-- MainNavigationBarTest -->
        <test-method status="PASS" signature="MainNavigationBarTest(java.util.Hashtable)[pri:0, instance:com.baublebar.testcases.mainnavigationbar.MainNavigationBarTest@3b715ab5]" name="MainNavigationBarTest" duration-ms="35526" started-at="2015-04-30T16:59:22Z" data-provider="getMainNavigationBarData" finished-at="2015-04-30T16:59:57Z">
          <params>
            <param index="0">
              <value>
                <![CDATA[{Runmode=Y, CategoryName=Bracelets}]]>
              </value>
            </param>
          </params>
          <reporter-output>
          </reporter-output>
        </test-method> <!-- MainNavigationBarTest -->
        <test-method status="PASS" signature="MainNavigationBarTest(java.util.Hashtable)[pri:0, instance:com.baublebar.testcases.mainnavigationbar.MainNavigationBarTest@3b715ab5]" name="MainNavigationBarTest" duration-ms="9842" started-at="2015-04-30T16:59:57Z" data-provider="getMainNavigationBarData" finished-at="2015-04-30T17:00:07Z">
          <params>
            <param index="0">
              <value>
                <![CDATA[{Runmode=Y, CategoryName=Earrings}]]>
              </value>
            </param>
          </params>
          <reporter-output>
          </reporter-output>
        </test-method> <!-- MainNavigationBarTest -->
        <test-method status="PASS" signature="MainNavigationBarTest(java.util.Hashtable)[pri:0, instance:com.baublebar.testcases.mainnavigationbar.MainNavigationBarTest@3b715ab5]" name="MainNavigationBarTest" duration-ms="9587" started-at="2015-04-30T17:00:07Z" data-provider="getMainNavigationBarData" finished-at="2015-04-30T17:00:16Z">
          <params>
            <param index="0">
              <value>
                <![CDATA[{Runmode=Y, CategoryName=Rings}]]>
              </value>
            </param>
          </params>
          <reporter-output>
          </reporter-output>
        </test-method> <!-- MainNavigationBarTest -->
        <test-method status="PASS" signature="MainNavigationBarTest(java.util.Hashtable)[pri:0, instance:com.baublebar.testcases.mainnavigationbar.MainNavigationBarTest@3b715ab5]" name="MainNavigationBarTest" duration-ms="16507" started-at="2015-04-30T17:00:16Z" data-provider="getMainNavigationBarData" finished-at="2015-04-30T17:00:33Z">
          <params>
            <param index="0">
              <value>
                <![CDATA[{Runmode=Y, CategoryName=Personalized}]]>
              </value>
            </param>
          </params>
          <reporter-output>
          </reporter-output>
        </test-method> <!-- MainNavigationBarTest -->
        <test-method status="PASS" signature="MainNavigationBarTest(java.util.Hashtable)[pri:0, instance:com.baublebar.testcases.mainnavigationbar.MainNavigationBarTest@3b715ab5]" name="MainNavigationBarTest" duration-ms="29787" started-at="2015-04-30T17:00:33Z" data-provider="getMainNavigationBarData" finished-at="2015-04-30T17:01:03Z">
          <params>
            <param index="0">
              <value>
                <![CDATA[{Runmode=Y, CategoryName=Guest}]]>
              </value>
            </param>
          </params>
          <reporter-output>
          </reporter-output>
        </test-method> <!-- MainNavigationBarTest -->
        <test-method status="PASS" signature="MainNavigationBarTest(java.util.Hashtable)[pri:0, instance:com.baublebar.testcases.mainnavigationbar.MainNavigationBarTest@3b715ab5]" name="MainNavigationBarTest" duration-ms="6727" started-at="2015-04-30T17:01:03Z" data-provider="getMainNavigationBarData" finished-at="2015-04-30T17:01:10Z">
          <params>
            <param index="0">
              <value>
                <![CDATA[{Runmode=Y, CategoryName=Minibar}]]>
              </value>
            </param>
          </params>
          <reporter-output>
          </reporter-output>
        </test-method> <!-- MainNavigationBarTest -->
      </class> <!-- com.baublebar.testcases.mainnavigationbar.MainNavigationBarTest -->
    </test> <!-- MainNavigationBarTest -->
    <test name="SignupForDiscountTest" duration-ms="71588" started-at="2015-04-30T21:01:10Z" finished-at="2015-04-30T21:02:21Z">
      <class name="com.baublebar.testcases.topmenubar.SignupForDiscountTest">
        <test-method status="FAIL" signature="signupForDiscountTest(java.util.Hashtable)[pri:0, instance:com.baublebar.testcases.topmenubar.SignupForDiscountTest@10d69502]" name="signupForDiscountTest" duration-ms="71586" started-at="2015-04-30T17:01:10Z" data-provider="getDiscountData" finished-at="2015-04-30T17:02:21Z">
          <params>
            <param index="0">
              <value>
                <![CDATA[{Runmode=Y, DiscountEmail=cmaitri@yahoo.com}]]>
              </value>
            </param>
          </params>
          <exception class="org.openqa.selenium.TimeoutException">
            <message>
              <![CDATA[Timed out after 30 seconds waiting for visibility of [[RemoteWebDriver: chrome on WIN8 (6997f0ac-7963-4224-8ce0-9611eebe1645)] -> xpath: //*[@id='email-signup']/div/div[2]/p[1]]
Build info: version: '2.43.1', revision: '5163bce', time: '2014-09-10 16:27:58'
System info: host: 'Maitris-MacBook-Pro.local', ip: '10.20.2.238', os.name: 'Mac OS X', os.arch: 'x86_64', os.version: '10.9.5', java.version: '1.7.0_71'
Session ID: 6997f0ac-7963-4224-8ce0-9611eebe1645
Driver info: org.openqa.selenium.remote.RemoteWebDriver
Capabilities [{platform=WIN8, javascriptEnabled=true, acceptSslCerts=true, browserName=chrome, chrome={userDataDir=C:\Users\you\AppData\Local\Temp\scoped_dir1264_8435}, rotatable=false, locationContextEnabled=true, mobileEmulationEnabled=false, webdriver.remote.sessionid=6997f0ac-7963-4224-8ce0-9611eebe1645, version=40.0.2214.91, takesHeapSnapshot=true, cssSelectorsEnabled=true, databaseEnabled=false, handlesAlerts=true, browserConnectionEnabled=false, nativeEvents=true, webStorageEnabled=true, applicationCacheEnabled=false, takesScreenshot=true}]]]>
            </message>
            <full-stacktrace>
              <![CDATA[org.openqa.selenium.TimeoutException: Timed out after 30 seconds waiting for visibility of [[RemoteWebDriver: chrome on WIN8 (6997f0ac-7963-4224-8ce0-9611eebe1645)] -> xpath: //*[@id='email-signup']/div/div[2]/p[1]]
Build info: version: '2.43.1', revision: '5163bce', time: '2014-09-10 16:27:58'
System info: host: 'Maitris-MacBook-Pro.local', ip: '10.20.2.238', os.name: 'Mac OS X', os.arch: 'x86_64', os.version: '10.9.5', java.version: '1.7.0_71'
Session ID: 6997f0ac-7963-4224-8ce0-9611eebe1645
Driver info: org.openqa.selenium.remote.RemoteWebDriver
Capabilities [{platform=WIN8, javascriptEnabled=true, acceptSslCerts=true, browserName=chrome, chrome={userDataDir=C:\Users\you\AppData\Local\Temp\scoped_dir1264_8435}, rotatable=false, locationContextEnabled=true, mobileEmulationEnabled=false, webdriver.remote.sessionid=6997f0ac-7963-4224-8ce0-9611eebe1645, version=40.0.2214.91, takesHeapSnapshot=true, cssSelectorsEnabled=true, databaseEnabled=false, handlesAlerts=true, browserConnectionEnabled=false, nativeEvents=true, webStorageEnabled=true, applicationCacheEnabled=false, takesScreenshot=true}]
	at org.openqa.selenium.support.ui.WebDriverWait.timeoutException(WebDriverWait.java:79)
	at org.openqa.selenium.support.ui.FluentWait.until(FluentWait.java:228)
	at com.baublebar.pages.TopMenuBarPage.signupForDiscount(TopMenuBarPage.java:191)
	at com.baublebar.testcases.topmenubar.SignupForDiscountTest.signupForDiscountTest(SignupForDiscountTest.java:32)
	at sun.reflect.NativeMethodAccessorImpl.invoke0(Native Method)
	at sun.reflect.NativeMethodAccessorImpl.invoke(NativeMethodAccessorImpl.java:57)
	at sun.reflect.DelegatingMethodAccessorImpl.invoke(DelegatingMethodAccessorImpl.java:43)
	at java.lang.reflect.Method.invoke(Method.java:606)
	at org.testng.internal.MethodInvocationHelper.invokeMethod(MethodInvocationHelper.java:84)
	at org.testng.internal.Invoker.invokeMethod(Invoker.java:714)
	at org.testng.internal.Invoker.invokeTestMethod(Invoker.java:901)
	at org.testng.internal.Invoker.invokeTestMethods(Invoker.java:1231)
	at org.testng.internal.TestMethodWorker.invokeTestMethods(TestMethodWorker.java:127)
	at org.testng.internal.TestMethodWorker.run(TestMethodWorker.java:111)
	at org.testng.TestRunner.privateRun(TestRunner.java:767)
	at org.testng.TestRunner.run(TestRunner.java:617)
	at org.testng.SuiteRunner.runTest(SuiteRunner.java:334)
	at org.testng.SuiteRunner.runSequentially(SuiteRunner.java:329)
	at org.testng.SuiteRunner.privateRun(SuiteRunner.java:291)
	at org.testng.SuiteRunner.run(SuiteRunner.java:240)
	at org.testng.SuiteRunnerWorker.runSuite(SuiteRunnerWorker.java:52)
	at org.testng.SuiteRunnerWorker.run(SuiteRunnerWorker.java:86)
	at org.testng.TestNG.runSuitesSequentially(TestNG.java:1224)
	at org.testng.TestNG.runSuitesLocally(TestNG.java:1149)
	at org.testng.TestNG.run(TestNG.java:1057)
	at org.testng.TestNG.privateMain(TestNG.java:1364)
	at org.testng.TestNG.main(TestNG.java:1333)
]]>
            </full-stacktrace>
          </exception> <!-- org.openqa.selenium.TimeoutException -->
          <reporter-output>
          </reporter-output>
        </test-method> <!-- signupForDiscountTest -->
      </class> <!-- com.baublebar.testcases.topmenubar.SignupForDiscountTest -->
    </test> <!-- SignupForDiscountTest -->
    <test name="ShoppingCartTest" duration-ms="8577" started-at="2015-04-30T21:02:21Z" finished-at="2015-04-30T21:02:30Z">
      <class name="com.baublebar.testcases.topmenubar.ShoppingCartTest">
        <test-method status="PASS" signature="ShoppingCartTest(java.util.Hashtable)[pri:0, instance:com.baublebar.testcases.topmenubar.ShoppingCartTest@5e871341]" name="ShoppingCartTest" duration-ms="8574" started-at="2015-04-30T17:02:21Z" data-provider="getShoppingCartData" finished-at="2015-04-30T17:02:30Z">
          <params>
            <param index="0">
              <value>
                <![CDATA[{Runmode=Y}]]>
              </value>
            </param>
          </params>
          <reporter-output>
          </reporter-output>
        </test-method> <!-- ShoppingCartTest -->
      </class> <!-- com.baublebar.testcases.topmenubar.ShoppingCartTest -->
    </test> <!-- ShoppingCartTest -->
    <test name="LoginTest" duration-ms="16913" started-at="2015-04-30T21:02:30Z" finished-at="2015-04-30T21:02:47Z">
      <class name="com.baublebar.testcases.topmenubar.LoginTest">
        <test-method status="PASS" signature="LoginTest(java.util.Hashtable)[pri:0, instance:com.baublebar.testcases.topmenubar.LoginTest@77d62915]" name="LoginTest" duration-ms="16907" started-at="2015-04-30T17:02:30Z" data-provider="getLoginData" finished-at="2015-04-30T17:02:47Z">
          <params>
            <param index="0">
              <value>
                <![CDATA[{Username=qa@baublebar.com, Password=test123, Runmode=Y}]]>
              </value>
            </param>
          </params>
          <reporter-output>
          </reporter-output>
        </test-method> <!-- LoginTest -->
      </class> <!-- com.baublebar.testcases.topmenubar.LoginTest -->
    </test> <!-- LoginTest -->
    <test name="MyAccountOptionsTest" duration-ms="79253" started-at="2015-04-30T21:02:47Z" finished-at="2015-04-30T21:04:06Z">
      <class name="com.baublebar.testcases.topmenubar.MyAccountOptionsTest">
        <test-method status="PASS" signature="LoginTest(java.util.Hashtable)[pri:0, instance:com.baublebar.testcases.topmenubar.MyAccountOptionsTest@391cde0]" name="LoginTest" duration-ms="15305" started-at="2015-04-30T17:02:47Z" data-provider="getMyAccountData" finished-at="2015-04-30T17:03:02Z">
          <params>
            <param index="0">
              <value>
                <![CDATA[{Options=Dashboard, Runmode=Y}]]>
              </value>
            </param>
          </params>
          <reporter-output>
          </reporter-output>
        </test-method> <!-- LoginTest -->
        <test-method status="PASS" signature="LoginTest(java.util.Hashtable)[pri:0, instance:com.baublebar.testcases.topmenubar.MyAccountOptionsTest@391cde0]" name="LoginTest" duration-ms="23611" started-at="2015-04-30T17:03:02Z" data-provider="getMyAccountData" finished-at="2015-04-30T17:03:26Z">
          <params>
            <param index="0">
              <value>
                <![CDATA[{Options=My Hearts, Runmode=Y}]]>
              </value>
            </param>
          </params>
          <reporter-output>
          </reporter-output>
        </test-method> <!-- LoginTest -->
        <test-method status="PASS" signature="LoginTest(java.util.Hashtable)[pri:0, instance:com.baublebar.testcases.topmenubar.MyAccountOptionsTest@391cde0]" name="LoginTest" duration-ms="16528" started-at="2015-04-30T17:03:26Z" data-provider="getMyAccountData" finished-at="2015-04-30T17:03:42Z">
          <params>
            <param index="0">
              <value>
                <![CDATA[{Options=My Waitlist, Runmode=Y}]]>
              </value>
            </param>
          </params>
          <reporter-output>
          </reporter-output>
        </test-method> <!-- LoginTest -->
        <test-method status="PASS" signature="LoginTest(java.util.Hashtable)[pri:0, instance:com.baublebar.testcases.topmenubar.MyAccountOptionsTest@391cde0]" name="LoginTest" duration-ms="10988" started-at="2015-04-30T17:03:42Z" data-provider="getMyAccountData" finished-at="2015-04-30T17:03:53Z">
          <params>
            <param index="0">
              <value>
                <![CDATA[{Options=Vault Points, Runmode=Y}]]>
              </value>
            </param>
          </params>
          <reporter-output>
          </reporter-output>
        </test-method> <!-- LoginTest -->
        <test-method status="PASS" signature="LoginTest(java.util.Hashtable)[pri:0, instance:com.baublebar.testcases.topmenubar.MyAccountOptionsTest@391cde0]" name="LoginTest" duration-ms="12814" started-at="2015-04-30T17:03:53Z" data-provider="getMyAccountData" finished-at="2015-04-30T17:04:06Z">
          <params>
            <param index="0">
              <value>
                <![CDATA[{Options=Invite Friends, Runmode=Y}]]>
              </value>
            </param>
          </params>
          <reporter-output>
          </reporter-output>
        </test-method> <!-- LoginTest -->
      </class> <!-- com.baublebar.testcases.topmenubar.MyAccountOptionsTest -->
    </test> <!-- MyAccountOptionsTest -->
    <test name="LogoutTest" duration-ms="8391" started-at="2015-04-30T21:04:06Z" finished-at="2015-04-30T21:04:15Z">
      <class name="com.baublebar.testcases.topmenubar.LogoutTest">
        <test-method status="PASS" signature="LogoutTest(java.util.Hashtable)[pri:0, instance:com.baublebar.testcases.topmenubar.LogoutTest@2cf3e1fd]" name="LogoutTest" duration-ms="8388" started-at="2015-04-30T17:04:06Z" data-provider="getLogoutData" finished-at="2015-04-30T17:04:15Z">
          <params>
            <param index="0">
              <value>
                <![CDATA[{Runmode=Y}]]>
              </value>
            </param>
          </params>
          <reporter-output>
          </reporter-output>
        </test-method> <!-- LogoutTest -->
      </class> <!-- com.baublebar.testcases.topmenubar.LogoutTest -->
    </test> <!-- LogoutTest -->
    <test name="ContactusTest" duration-ms="7816" started-at="2015-04-30T21:04:15Z" finished-at="2015-04-30T21:04:22Z">
      <class name="com.baublebar.testcases.topmenubar.ContactusTest">
        <test-method status="PASS" signature="contactusTest(java.util.Hashtable)[pri:0, instance:com.baublebar.testcases.topmenubar.ContactusTest@4dc34b84]" name="contactusTest" duration-ms="7814" started-at="2015-04-30T17:04:15Z" data-provider="getContactusData" finished-at="2015-04-30T17:04:22Z">
          <params>
            <param index="0">
              <value>
                <![CDATA[{Runmode=Y}]]>
              </value>
            </param>
          </params>
          <reporter-output>
          </reporter-output>
        </test-method> <!-- contactusTest -->
      </class> <!-- com.baublebar.testcases.topmenubar.ContactusTest -->
    </test> <!-- ContactusTest -->
    <test name="VisitusTest" duration-ms="5394" started-at="2015-04-30T21:04:22Z" finished-at="2015-04-30T21:04:28Z">
      <class name="com.baublebar.testcases.topmenubar.VisitusTest">
        <test-method status="PASS" signature="LocationsTest(java.util.Hashtable)[pri:0, instance:com.baublebar.testcases.topmenubar.VisitusTest@276c8cbc]" name="LocationsTest" duration-ms="5392" started-at="2015-04-30T17:04:22Z" data-provider="getLocationsData" finished-at="2015-04-30T17:04:28Z">
          <params>
            <param index="0">
              <value>
                <![CDATA[{Runmode=Y}]]>
              </value>
            </param>
          </params>
          <reporter-output>
          </reporter-output>
        </test-method> <!-- LocationsTest -->
      </class> <!-- com.baublebar.testcases.topmenubar.VisitusTest -->
    </test> <!-- VisitusTest -->
    <test name="CreateAccountTest" duration-ms="20064" started-at="2015-04-30T21:04:28Z" finished-at="2015-04-30T21:04:48Z">
      <class name="com.baublebar.testcases.LoadBaublebarTest">
        <test-method status="PASS" signature="setupDesireCapabilitiesCrossBrowser(java.lang.String, org.openqa.selenium.Platform, java.lang.String)[pri:0, instance:com.baublebar.testcases.LoadBaublebarTest@252bb82b]" name="setupDesireCapabilitiesCrossBrowser" is-config="true" duration-ms="20753" started-at="2015-04-30T16:58:10Z" finished-at="2015-04-30T16:58:30Z">
          <params>
            <param index="0">
              <value>
                <![CDATA[GOOGLECHROME]]>
              </value>
            </param>
            <param index="1">
              <value>
                <![CDATA[WIN8]]>
              </value>
            </param>
            <param index="2">
              <value>
                <![CDATA[40]]>
              </value>
            </param>
          </params>
          <reporter-output>
          </reporter-output>
        </test-method> <!-- setupDesireCapabilitiesCrossBrowser -->
      </class> <!-- com.baublebar.testcases.LoadBaublebarTest -->
      <class name="com.baublebar.testcases.topmenubar.CreateAccountTest">
        <test-method status="FAIL" signature="createAccTest(java.util.Hashtable)[pri:0, instance:com.baublebar.testcases.topmenubar.CreateAccountTest@6fd74dae]" name="createAccTest" duration-ms="20063" started-at="2015-04-30T17:04:28Z" data-provider="getCreateAccountData" finished-at="2015-04-30T17:04:48Z">
          <params>
            <param index="0">
              <value>
                <![CDATA[{Username=automation, Password=add123, Runmode=Y}]]>
              </value>
            </param>
          </params>
          <exception class="java.lang.AssertionError">
            <message>
              <![CDATA[expected [AUTOMATION3FD96527C5BFAE2C@BAUBLEBAR.COM] but found [AUTOMATION3FD96527C5BF...]]]>
            </message>
            <full-stacktrace>
              <![CDATA[java.lang.AssertionError: expected [AUTOMATION3FD96527C5BFAE2C@BAUBLEBAR.COM] but found [AUTOMATION3FD96527C5BF...]
	at org.testng.Assert.fail(Assert.java:94)
	at org.testng.Assert.failNotEquals(Assert.java:494)
	at org.testng.Assert.assertEquals(Assert.java:123)
	at org.testng.Assert.assertEquals(Assert.java:176)
	at org.testng.Assert.assertEquals(Assert.java:186)
	at com.baublebar.pages.TopMenuBarPage.createAccount(TopMenuBarPage.java:223)
	at com.baublebar.testcases.topmenubar.CreateAccountTest.createAccTest(CreateAccountTest.java:33)
	at sun.reflect.NativeMethodAccessorImpl.invoke0(Native Method)
	at sun.reflect.NativeMethodAccessorImpl.invoke(NativeMethodAccessorImpl.java:57)
	at sun.reflect.DelegatingMethodAccessorImpl.invoke(DelegatingMethodAccessorImpl.java:43)
	at java.lang.reflect.Method.invoke(Method.java:606)
	at org.testng.internal.MethodInvocationHelper.invokeMethod(MethodInvocationHelper.java:84)
	at org.testng.internal.Invoker.invokeMethod(Invoker.java:714)
	at org.testng.internal.Invoker.invokeTestMethod(Invoker.java:901)
	at org.testng.internal.Invoker.invokeTestMethods(Invoker.java:1231)
	at org.testng.internal.TestMethodWorker.invokeTestMethods(TestMethodWorker.java:127)
	at org.testng.internal.TestMethodWorker.run(TestMethodWorker.java:111)
	at org.testng.TestRunner.privateRun(TestRunner.java:767)
	at org.testng.TestRunner.run(TestRunner.java:617)
	at org.testng.SuiteRunner.runTest(SuiteRunner.java:334)
	at org.testng.SuiteRunner.runSequentially(SuiteRunner.java:329)
	at org.testng.SuiteRunner.privateRun(SuiteRunner.java:291)
	at org.testng.SuiteRunner.run(SuiteRunner.java:240)
	at org.testng.SuiteRunnerWorker.runSuite(SuiteRunnerWorker.java:52)
	at org.testng.SuiteRunnerWorker.run(SuiteRunnerWorker.java:86)
	at org.testng.TestNG.runSuitesSequentially(TestNG.java:1224)
	at org.testng.TestNG.runSuitesLocally(TestNG.java:1149)
	at org.testng.TestNG.run(TestNG.java:1057)
	at org.testng.TestNG.privateMain(TestNG.java:1364)
	at org.testng.TestNG.main(TestNG.java:1333)
]]>
            </full-stacktrace>
          </exception> <!-- java.lang.AssertionError -->
          <reporter-output>
          </reporter-output>
        </test-method> <!-- createAccTest -->
        <test-method status="PASS" signature="quitDriver()[pri:0, instance:com.baublebar.testcases.topmenubar.CreateAccountTest@6fd74dae]" name="quitDriver" is-config="true" duration-ms="2394" started-at="2015-04-30T17:04:48Z" finished-at="2015-04-30T17:04:50Z">
          <reporter-output>
          </reporter-output>
        </test-method> <!-- quitDriver -->
      </class> <!-- com.baublebar.testcases.topmenubar.CreateAccountTest -->
    </test> <!-- CreateAccountTest -->
  </suite> <!-- Chrome -->
</testng-results>
