<!DOCTYPE html PUBLIC "-//W3C//DTD XHTML 1.1//EN" "http://www.w3.org/TR/xhtml11/DTD/xhtml11.dtd">
<html xmlns="http://www.w3.org/1999/xhtml"><head><title>TestNG Report</title><style type="text/css">table {margin-bottom:10px;border-collapse:collapse;empty-cells:show}th,td {border:1px solid #009;padding:.25em .5em}th {vertical-align:bottom}td {vertical-align:top}table a {font-weight:bold}.stripe td {background-color: #E6EBF9}.num {text-align:right}.passedodd td {background-color: #3F3}.passedeven td {background-color: #0A0}.skippedodd td {background-color: #DDD}.skippedeven td {background-color: #CCC}.failedodd td,.attn {background-color: #F33}.failedeven td,.stripe .attn {background-color: #D00}.stacktrace {white-space:pre;font-family:monospace}.totop {font-size:85%;text-align:center;border-bottom:2px solid #000}</style></head><body><table><tr><th>Test</th><th># Passed</th><th># Skipped</th><th># Failed</th><th>Time (ms)</th><th>Included Groups</th><th>Excluded Groups</th></tr><tr><th colspan="7">Firefox</th></tr><tr><td><a href="#t0">LoadBaublebarTest</a></td><td class="num">1</td><td class="num">0</td><td class="num">0</td><td class="num">16,320</td><td></td><td></td></tr><tr class="stripe"><td><a href="#t1">PlaceOrderTest</a></td><td class="num">0</td><td class="num">0</td><td class="num attn">1</td><td class="num">57,544</td><td></td><td></td></tr><tr><td><a href="#t2">MainNavigationBarTest</a></td><td class="num">8</td><td class="num">0</td><td class="num">0</td><td class="num">66,650</td><td></td><td></td></tr><tr class="stripe"><td><a href="#t3">SignupForDiscountTest</a></td><td class="num">1</td><td class="num">0</td><td class="num">0</td><td class="num">6,889</td><td></td><td></td></tr><tr><td><a href="#t4">ShoppingCartTest</a></td><td class="num">0</td><td class="num">0</td><td class="num attn">1</td><td class="num">32,530</td><td></td><td></td></tr><tr class="stripe"><td><a href="#t5">LoginTest</a></td><td class="num">0</td><td class="num">0</td><td class="num attn">1</td><td class="num">9,622</td><td></td><td></td></tr><tr><td><a href="#t6">MyAccountOptionsTest</a></td><td class="num">5</td><td class="num">0</td><td class="num">0</td><td class="num">55,458</td><td></td><td></td></tr><tr class="stripe"><td><a href="#t7">LogoutTest</a></td><td class="num">1</td><td class="num">0</td><td class="num">0</td><td class="num">6,821</td><td></td><td></td></tr><tr><td><a href="#t8">ContactusTest</a></td><td class="num">1</td><td class="num">0</td><td class="num">0</td><td class="num">6,109</td><td></td><td></td></tr><tr class="stripe"><td><a href="#t9">VisitusTest</a></td><td class="num">1</td><td class="num">0</td><td class="num">0</td><td class="num">6,657</td><td></td><td></td></tr><tr><td><a href="#t10">CreateAccountTest</a></td><td class="num">1</td><td class="num">0</td><td class="num">0</td><td class="num">52,667</td><td></td><td></td></tr><tr><th>Total</th><th class="num">19</th><th class="num">0</th><th class="num attn">3</th><th class="num">317,267</th><th colspan="2"></th></tr></table><table><thead><tr><th>Class</th><th>Method</th><th>Start</th><th>Time (ms)</th></tr></thead><tbody><tr><th colspan="4">Firefox</th></tr></tbody><tbody id="t0"><tr><th colspan="4">LoadBaublebarTest &#8212; passed</th></tr><tr class="passedeven"><td rowspan="1">com.baublebar.testcases.LoadBaublebarTest</td><td><a href="#m0">loadBaublebar</a></td><td rowspan="1">1431536600179</td><td rowspan="1">16037</td></tr></tbody><tbody id="t1"><tr><th colspan="4">PlaceOrderTest &#8212; failed</th></tr><tr class="failedeven"><td rowspan="1">com.baublebar.testcases.shoppingcart.PlaceOrderTest</td><td><a href="#m1">PlaceOrderTest</a></td><td rowspan="1">1431536616515</td><td rowspan="1">57033</td></tr></tbody><tbody id="t2"><tr><th colspan="4">MainNavigationBarTest &#8212; passed</th></tr><tr class="passedeven"><td rowspan="8">com.baublebar.testcases.mainnavigationbar.MainNavigationBarTest</td><td><a href="#m2">MainNavigationBarTest</a></td><td rowspan="8">1431536674065</td><td rowspan="8">9574</td></tr><tr class="passedeven"><td><a href="#m3">MainNavigationBarTest</a></td></tr><tr class="passedeven"><td><a href="#m4">MainNavigationBarTest</a></td></tr><tr class="passedeven"><td><a href="#m5">MainNavigationBarTest</a></td></tr><tr class="passedeven"><td><a href="#m6">MainNavigationBarTest</a></td></tr><tr class="passedeven"><td><a href="#m7">MainNavigationBarTest</a></td></tr><tr class="passedeven"><td><a href="#m8">MainNavigationBarTest</a></td></tr><tr class="passedeven"><td><a href="#m9">MainNavigationBarTest</a></td></tr></tbody><tbody id="t3"><tr><th colspan="4">SignupForDiscountTest &#8212; passed</th></tr><tr class="passedeven"><td rowspan="1">com.baublebar.testcases.topmenubar.SignupForDiscountTest</td><td><a href="#m10">signupForDiscountTest</a></td><td rowspan="1">1431536740715</td><td rowspan="1">6629</td></tr></tbody><tbody id="t4"><tr><th colspan="4">ShoppingCartTest &#8212; failed</th></tr><tr class="failedeven"><td rowspan="1">com.baublebar.testcases.topmenubar.ShoppingCartTest</td><td><a href="#m11">ShoppingCartTest</a></td><td rowspan="1">1431536747607</td><td rowspan="1">32202</td></tr></tbody><tbody id="t5"><tr><th colspan="4">LoginTest &#8212; failed</th></tr><tr class="failedeven"><td rowspan="1">com.baublebar.testcases.topmenubar.LoginTest</td><td><a href="#m12">LoginTest</a></td><td rowspan="1">1431536780145</td><td rowspan="1">9241</td></tr></tbody><tbody id="t6"><tr><th colspan="4">MyAccountOptionsTest &#8212; passed</th></tr><tr class="passedeven"><td rowspan="5">com.baublebar.testcases.topmenubar.MyAccountOptionsTest</td><td><a href="#m13">LoginTest</a></td><td rowspan="5">1431536812015</td><td rowspan="5">9688</td></tr><tr class="passedeven"><td><a href="#m14">LoginTest</a></td></tr><tr class="passedeven"><td><a href="#m15">LoginTest</a></td></tr><tr class="passedeven"><td><a href="#m16">LoginTest</a></td></tr><tr class="passedeven"><td><a href="#m17">LoginTest</a></td></tr></tbody><tbody id="t7"><tr><th colspan="4">LogoutTest &#8212; passed</th></tr><tr class="passedeven"><td rowspan="1">com.baublebar.testcases.topmenubar.LogoutTest</td><td><a href="#m18">LogoutTest</a></td><td rowspan="1">1431536845224</td><td rowspan="1">6430</td></tr></tbody><tbody id="t8"><tr><th colspan="4">ContactusTest &#8212; passed</th></tr><tr class="passedeven"><td rowspan="1">com.baublebar.testcases.topmenubar.ContactusTest</td><td><a href="#m19">contactusTest</a></td><td rowspan="1">1431536852047</td><td rowspan="1">5716</td></tr></tbody><tbody id="t9"><tr><th colspan="4">VisitusTest &#8212; passed</th></tr><tr class="passedeven"><td rowspan="1">com.baublebar.testcases.topmenubar.VisitusTest</td><td><a href="#m20">LocationsTest</a></td><td rowspan="1">1431536858157</td><td rowspan="1">6351</td></tr></tbody><tbody id="t10"><tr><th colspan="4">CreateAccountTest &#8212; passed</th></tr><tr class="passedeven"><td rowspan="1">com.baublebar.testcases.topmenubar.CreateAccountTest</td><td><a href="#m21">createAccTest</a></td><td rowspan="1">1431536864816</td><td rowspan="1">51526</td></tr></tbody></table><h2>LoadBaublebarTest</h2><h3 id="m0">com.baublebar.testcases.LoadBaublebarTest#loadBaublebar</h3><table class="result"></table><p class="totop"><a href="#summary">back to summary</a></p><h2>PlaceOrderTest</h2><h3 id="m1">com.baublebar.testcases.shoppingcart.PlaceOrderTest#PlaceOrderTest</h3><table class="result"><tr class="param"><th>Parameter #1</th></tr><tr class="param stripe"><td>{Runmode=Y, ProductName=ice-dog-tag-layered-pendant-necklace}</td></tr><tr><th>Exception</th></tr><tr><td><div class="stacktrace">org.openqa.selenium.TimeoutException: Timed out after 30 seconds waiting for element to be clickable: Proxy element for: org.openqa.selenium.support.pagefactory.DefaultElementLocator@65c2fee
Build info: version: &apos;2.43.1&apos;, revision: &apos;5163bce&apos;, time: &apos;2014-09-10 16:27:58&apos;
System info: host: &apos;Maitris-MacBook-Pro.local&apos;, ip: &apos;10.20.2.238&apos;, os.name: &apos;Mac OS X&apos;, os.arch: &apos;x86_64&apos;, os.version: &apos;10.9.5&apos;, java.version: &apos;1.6.0_65&apos;
Session ID: 115f68036cb3463f94c8fac421a43b97
Driver info: org.openqa.selenium.remote.RemoteWebDriver
Capabilities [{platform=WINDOWS, acceptSslCerts=true, javascriptEnabled=true, hasMetadata=true, browserName=firefox, rotatable=false, locationContextEnabled=true, webdriver.remote.sessionid=115f68036cb3463f94c8fac421a43b97, version=35.0, cssSelectorsEnabled=true, databaseEnabled=true, handlesAlerts=true, webStorageEnabled=true, nativeEvents=false, applicationCacheEnabled=true, takesScreenshot=true}]
	at org.openqa.selenium.support.ui.WebDriverWait.timeoutException(WebDriverWait.java:79)
	at org.openqa.selenium.support.ui.FluentWait.until(FluentWait.java:228)
	at com.baublebar.pages.BaublebarPage.loginAndCheckout(BaublebarPage.java:215)
	at com.baublebar.pages.BaublebarPage.placeOrder(BaublebarPage.java:198)
	at com.baublebar.testcases.shoppingcart.PlaceOrderTest.PlaceOrderTest(PlaceOrderTest.java:26)
Caused by: org.openqa.selenium.NoSuchElementException: Unable to locate element: {&quot;method&quot;:&quot;xpath&quot;,&quot;selector&quot;:&quot;//*[@id=&apos;review-buttons-container&apos;]/div/button&quot;}
For documentation on this error, please visit: http://seleniumhq.org/exceptions/no_such_element.html
Build info: version: &apos;2.45.0&apos;, revision: &apos;5017cb8&apos;, time: &apos;2015-02-26 23:59:50&apos;
System info: host: &apos;WIN-HLEK05V71GA&apos;, ip: &apos;172.20.41.77&apos;, os.name: &apos;Windows Server 2012 R2&apos;, os.arch: &apos;x86&apos;, os.version: &apos;6.3&apos;, java.version: &apos;1.7.0_67&apos;
Driver info: driver.version: unknown
Command duration or timeout: 256 milliseconds
For documentation on this error, please visit: http://seleniumhq.org/exceptions/no_such_element.html
Build info: version: &apos;2.43.1&apos;, revision: &apos;5163bce&apos;, time: &apos;2014-09-10 16:27:58&apos;
System info: host: &apos;Maitris-MacBook-Pro.local&apos;, ip: &apos;10.20.2.238&apos;, os.name: &apos;Mac OS X&apos;, os.arch: &apos;x86_64&apos;, os.version: &apos;10.9.5&apos;, java.version: &apos;1.6.0_65&apos;
Session ID: 115f68036cb3463f94c8fac421a43b97
Driver info: org.openqa.selenium.remote.RemoteWebDriver
Capabilities [{platform=WINDOWS, acceptSslCerts=true, javascriptEnabled=true, hasMetadata=true, browserName=firefox, rotatable=false, locationContextEnabled=true, webdriver.remote.sessionid=115f68036cb3463f94c8fac421a43b97, version=35.0, cssSelectorsEnabled=true, databaseEnabled=true, handlesAlerts=true, webStorageEnabled=true, nativeEvents=false, applicationCacheEnabled=true, takesScreenshot=true}]
	at org.openqa.selenium.remote.ErrorHandler.createThrowable(ErrorHandler.java:204)
	at org.openqa.selenium.remote.ErrorHandler.throwIfResponseFailed(ErrorHandler.java:156)
	at org.openqa.selenium.remote.RemoteWebDriver.execute(RemoteWebDriver.java:599)
	at org.openqa.selenium.remote.RemoteWebDriver.findElement(RemoteWebDriver.java:352)
	at org.openqa.selenium.remote.RemoteWebDriver.findElementByXPath(RemoteWebDriver.java:449)
	at org.openqa.selenium.By$ByXPath.findElement(By.java:357)
	at org.openqa.selenium.remote.RemoteWebDriver.findElement(RemoteWebDriver.java:344)
	at org.openqa.selenium.support.pagefactory.DefaultElementLocator.findElement(DefaultElementLocator.java:59)
	at org.openqa.selenium.support.pagefactory.internal.LocatingElementHandler.invoke(LocatingElementHandler.java:37)
	at com.sun.proxy.$Proxy11.isDisplayed(Unknown Source)
	at org.openqa.selenium.support.ui.ExpectedConditions.elementIfVisible(ExpectedConditions.java:227)
	at org.openqa.selenium.support.ui.ExpectedConditions.access$1(ExpectedConditions.java:226)
	at org.openqa.selenium.support.ui.ExpectedConditions$7.apply(ExpectedConditions.java:213)
	at org.openqa.selenium.support.ui.ExpectedConditions$7.apply(ExpectedConditions.java:1)
	at org.openqa.selenium.support.ui.ExpectedConditions$18.apply(ExpectedConditions.java:563)
	at org.openqa.selenium.support.ui.ExpectedConditions$18.apply(ExpectedConditions.java:1)
	at org.openqa.selenium.support.ui.FluentWait.until(FluentWait.java:208)
	... 26 more
Caused by: org.openqa.selenium.NoSuchElementException: Unable to locate element: {&quot;method&quot;:&quot;xpath&quot;,&quot;selector&quot;:&quot;//*[@id=&apos;review-buttons-container&apos;]/div/button&quot;}
For documentation on this error, please visit: http://seleniumhq.org/exceptions/no_such_element.html
Build info: version: &apos;2.45.0&apos;, revision: &apos;5017cb8&apos;, time: &apos;2015-02-26 23:59:50&apos;
System info: host: &apos;WIN-HLEK05V71GA&apos;, ip: &apos;172.20.41.77&apos;, os.name: &apos;Windows Server 2012 R2&apos;, os.arch: &apos;x86&apos;, os.version: &apos;6.3&apos;, java.version: &apos;1.7.0_67&apos;
Driver info: driver.version: unknown
For documentation on this error, please visit: http://seleniumhq.org/exceptions/no_such_element.html
Build info: version: &apos;2.43.1&apos;, revision: &apos;5163bce&apos;, time: &apos;2014-09-10 16:27:58&apos;
System info: host: &apos;Maitris-MacBook-Pro.local&apos;, ip: &apos;10.20.2.238&apos;, os.name: &apos;Mac OS X&apos;, os.arch: &apos;x86_64&apos;, os.version: &apos;10.9.5&apos;, java.version: &apos;1.6.0_65&apos;
Driver info: driver.version: unknown
	at &lt;anonymous class&gt;.FirefoxDriver.prototype.findElementInternal_(file:///C:/Users/ADMINI~1/AppData/Local/Temp/anonymous8090321497475433878webdriver-profile/extensions/fxdriver@googlecode.com/components/driver-component.js:10271)
	at &lt;anonymous class&gt;.FirefoxDriver.prototype.findElement(file:///C:/Users/ADMINI~1/AppData/Local/Temp/anonymous8090321497475433878webdriver-profile/extensions/fxdriver@googlecode.com/components/driver-component.js:10280)
	at &lt;anonymous class&gt;.DelayedCommand.prototype.executeInternal_/h(file:///C:/Users/ADMINI~1/AppData/Local/Temp/anonymous8090321497475433878webdriver-profile/extensions/fxdriver@googlecode.com/components/command-processor.js:12274)
	at &lt;anonymous class&gt;.DelayedCommand.prototype.executeInternal_(file:///C:/Users/ADMINI~1/AppData/Local/Temp/anonymous8090321497475433878webdriver-profile/extensions/fxdriver@googlecode.com/components/command-processor.js:12279)
	at &lt;anonymous class&gt;.DelayedCommand.prototype.execute/&lt;(file:///C:/Users/ADMINI~1/AppData/Local/Temp/anonymous8090321497475433878webdriver-profile/extensions/fxdriver@googlecode.com/components/command-processor.js:12221)
... Removed 26 stack frames</div></td></tr></table><p class="totop"><a href="#summary">back to summary</a></p><h2>MainNavigationBarTest</h2><h3 id="m2">com.baublebar.testcases.mainnavigationbar.MainNavigationBarTest#MainNavigationBarTest</h3><table class="result"><tr class="param"><th>Parameter #1</th></tr><tr class="param stripe"><td>{Runmode=Y, CategoryName=What}</td></tr></table><p class="totop"><a href="#summary">back to summary</a></p><h3 id="m3">com.baublebar.testcases.mainnavigationbar.MainNavigationBarTest#MainNavigationBarTest</h3><table class="result"><tr class="param"><th>Parameter #1</th></tr><tr class="param stripe"><td>{Runmode=Y, CategoryName=Bracelets}</td></tr></table><p class="totop"><a href="#summary">back to summary</a></p><h3 id="m4">com.baublebar.testcases.mainnavigationbar.MainNavigationBarTest#MainNavigationBarTest</h3><table class="result"><tr class="param"><th>Parameter #1</th></tr><tr class="param stripe"><td>{Runmode=Y, CategoryName=Personalized}</td></tr></table><p class="totop"><a href="#summary">back to summary</a></p><h3 id="m5">com.baublebar.testcases.mainnavigationbar.MainNavigationBarTest#MainNavigationBarTest</h3><table class="result"><tr class="param"><th>Parameter #1</th></tr><tr class="param stripe"><td>{Runmode=Y, CategoryName=Earrings}</td></tr></table><p class="totop"><a href="#summary">back to summary</a></p><h3 id="m6">com.baublebar.testcases.mainnavigationbar.MainNavigationBarTest#MainNavigationBarTest</h3><table class="result"><tr class="param"><th>Parameter #1</th></tr><tr class="param stripe"><td>{Runmode=Y, CategoryName=Minibar}</td></tr></table><p class="totop"><a href="#summary">back to summary</a></p><h3 id="m7">com.baublebar.testcases.mainnavigationbar.MainNavigationBarTest#MainNavigationBarTest</h3><table class="result"><tr class="param"><th>Parameter #1</th></tr><tr class="param stripe"><td>{Runmode=Y, CategoryName=Necklaces}</td></tr></table><p class="totop"><a href="#summary">back to summary</a></p><h3 id="m8">com.baublebar.testcases.mainnavigationbar.MainNavigationBarTest#MainNavigationBarTest</h3><table class="result"><tr class="param"><th>Parameter #1</th></tr><tr class="param stripe"><td>{Runmode=Y, CategoryName=Guest}</td></tr></table><p class="totop"><a href="#summary">back to summary</a></p><h3 id="m9">com.baublebar.testcases.mainnavigationbar.MainNavigationBarTest#MainNavigationBarTest</h3><table class="result"><tr class="param"><th>Parameter #1</th></tr><tr class="param stripe"><td>{Runmode=Y, CategoryName=Rings}</td></tr></table><p class="totop"><a href="#summary">back to summary</a></p><h2>SignupForDiscountTest</h2><h3 id="m10">com.baublebar.testcases.topmenubar.SignupForDiscountTest#signupForDiscountTest</h3><table class="result"><tr class="param"><th>Parameter #1</th></tr><tr class="param stripe"><td>{Runmode=Y, DiscountEmail=cmaitri@yahoo.com}</td></tr></table><p class="totop"><a href="#summary">back to summary</a></p><h2>ShoppingCartTest</h2><h3 id="m11">com.baublebar.testcases.topmenubar.ShoppingCartTest#ShoppingCartTest</h3><table class="result"><tr class="param"><th>Parameter #1</th></tr><tr class="param stripe"><td>{Runmode=Y}</td></tr><tr><th>Exception</th></tr><tr><td><div class="stacktrace">org.openqa.selenium.TimeoutException: Timed out after 30 seconds waiting for visibility of [[RemoteWebDriver: firefox on WINDOWS (115f68036cb3463f94c8fac421a43b97)] -&gt; css selector: .loginLink.btn.btnSm.btnDefault&gt;span]
Build info: version: &apos;2.43.1&apos;, revision: &apos;5163bce&apos;, time: &apos;2014-09-10 16:27:58&apos;
System info: host: &apos;Maitris-MacBook-Pro.local&apos;, ip: &apos;10.20.2.238&apos;, os.name: &apos;Mac OS X&apos;, os.arch: &apos;x86_64&apos;, os.version: &apos;10.9.5&apos;, java.version: &apos;1.6.0_65&apos;
Session ID: 115f68036cb3463f94c8fac421a43b97
Driver info: org.openqa.selenium.remote.RemoteWebDriver
Capabilities [{platform=WINDOWS, acceptSslCerts=true, javascriptEnabled=true, hasMetadata=true, browserName=firefox, rotatable=false, locationContextEnabled=true, webdriver.remote.sessionid=115f68036cb3463f94c8fac421a43b97, version=35.0, cssSelectorsEnabled=true, databaseEnabled=true, handlesAlerts=true, webStorageEnabled=true, nativeEvents=false, applicationCacheEnabled=true, takesScreenshot=true}]
	at org.openqa.selenium.support.ui.WebDriverWait.timeoutException(WebDriverWait.java:79)
	at org.openqa.selenium.support.ui.FluentWait.until(FluentWait.java:228)
	at com.baublebar.pages.TopMenuBarPage.clickShoppingCart(TopMenuBarPage.java:282)
	at com.baublebar.testcases.topmenubar.ShoppingCartTest.ShoppingCartTest(ShoppingCartTest.java:33)
... Removed 23 stack frames</div></td></tr></table><p class="totop"><a href="#summary">back to summary</a></p><h2>LoginTest</h2><h3 id="m12">com.baublebar.testcases.topmenubar.LoginTest#LoginTest</h3><table class="result"><tr class="param"><th>Parameter #1</th></tr><tr class="param stripe"><td>{Username=qa@baublebar.com, Password=test123, Runmode=Y}</td></tr><tr><th>Exception</th></tr><tr><td><div class="stacktrace">org.openqa.selenium.StaleElementReferenceException: Element not found in the cache - perhaps the page has changed since it was looked up
For documentation on this error, please visit: http://seleniumhq.org/exceptions/stale_element_reference.html
Build info: version: &apos;2.45.0&apos;, revision: &apos;5017cb8&apos;, time: &apos;2015-02-26 23:59:50&apos;
System info: host: &apos;WIN-HLEK05V71GA&apos;, ip: &apos;172.20.41.77&apos;, os.name: &apos;Windows Server 2012 R2&apos;, os.arch: &apos;x86&apos;, os.version: &apos;6.3&apos;, java.version: &apos;1.7.0_67&apos;
Driver info: driver.version: unknown
Command duration or timeout: 4.07 seconds
For documentation on this error, please visit: http://seleniumhq.org/exceptions/stale_element_reference.html
Build info: version: &apos;2.43.1&apos;, revision: &apos;5163bce&apos;, time: &apos;2014-09-10 16:27:58&apos;
System info: host: &apos;Maitris-MacBook-Pro.local&apos;, ip: &apos;10.20.2.238&apos;, os.name: &apos;Mac OS X&apos;, os.arch: &apos;x86_64&apos;, os.version: &apos;10.9.5&apos;, java.version: &apos;1.6.0_65&apos;
Session ID: 115f68036cb3463f94c8fac421a43b97
Driver info: org.openqa.selenium.remote.RemoteWebDriver
Capabilities [{platform=WINDOWS, acceptSslCerts=true, javascriptEnabled=true, hasMetadata=true, browserName=firefox, rotatable=false, locationContextEnabled=true, webdriver.remote.sessionid=115f68036cb3463f94c8fac421a43b97, version=35.0, cssSelectorsEnabled=true, databaseEnabled=true, handlesAlerts=true, webStorageEnabled=true, nativeEvents=false, applicationCacheEnabled=true, takesScreenshot=true}]
	at org.openqa.selenium.remote.ErrorHandler.createThrowable(ErrorHandler.java:204)
	at org.openqa.selenium.remote.ErrorHandler.throwIfResponseFailed(ErrorHandler.java:156)
	at org.openqa.selenium.remote.RemoteWebDriver.execute(RemoteWebDriver.java:599)
	at org.openqa.selenium.remote.RemoteWebElement.execute(RemoteWebElement.java:268)
	at org.openqa.selenium.remote.RemoteWebElement.getText(RemoteWebElement.java:152)
	at com.baublebar.pages.TopMenuBarPage.doLogin(TopMenuBarPage.java:237)
	at com.baublebar.testcases.topmenubar.LoginTest.LoginTest(LoginTest.java:33)
	at java.util.concurrent.FutureTask$Sync.innerRun(FutureTask.java:303)
	at java.util.concurrent.FutureTask.run(FutureTask.java:138)
	at java.util.concurrent.Executors$RunnableAdapter.call(Executors.java:439)
	at java.util.concurrent.FutureTask$Sync.innerRun(FutureTask.java:303)
	at java.util.concurrent.FutureTask.run(FutureTask.java:138)
	at java.util.concurrent.ThreadPoolExecutor$Worker.runTask(ThreadPoolExecutor.java:895)
	at java.util.concurrent.ThreadPoolExecutor$Worker.run(ThreadPoolExecutor.java:918)
	at java.lang.Thread.run(Thread.java:695)
Caused by: org.openqa.selenium.StaleElementReferenceException: Element not found in the cache - perhaps the page has changed since it was looked up
For documentation on this error, please visit: http://seleniumhq.org/exceptions/stale_element_reference.html
Build info: version: &apos;2.45.0&apos;, revision: &apos;5017cb8&apos;, time: &apos;2015-02-26 23:59:50&apos;
System info: host: &apos;WIN-HLEK05V71GA&apos;, ip: &apos;172.20.41.77&apos;, os.name: &apos;Windows Server 2012 R2&apos;, os.arch: &apos;x86&apos;, os.version: &apos;6.3&apos;, java.version: &apos;1.7.0_67&apos;
Driver info: driver.version: unknown
For documentation on this error, please visit: http://seleniumhq.org/exceptions/stale_element_reference.html
Build info: version: &apos;2.43.1&apos;, revision: &apos;5163bce&apos;, time: &apos;2014-09-10 16:27:58&apos;
System info: host: &apos;Maitris-MacBook-Pro.local&apos;, ip: &apos;10.20.2.238&apos;, os.name: &apos;Mac OS X&apos;, os.arch: &apos;x86_64&apos;, os.version: &apos;10.9.5&apos;, java.version: &apos;1.6.0_65&apos;
Driver info: driver.version: unknown
	at &lt;anonymous class&gt;.fxdriver.cache.getElementAt(resource://fxdriver/modules/web-element-cache.js:8953)
	at &lt;anonymous class&gt;.Utils.getElementAt(file:///C:/Users/ADMINI~1/AppData/Local/Temp/anonymous8090321497475433878webdriver-profile/extensions/fxdriver@googlecode.com/components/command-processor.js:8546)
	at &lt;anonymous class&gt;.WebElement.getElementText(file:///C:/Users/ADMINI~1/AppData/Local/Temp/anonymous8090321497475433878webdriver-profile/extensions/fxdriver@googlecode.com/components/command-processor.js:11704)
	at &lt;anonymous class&gt;.DelayedCommand.prototype.executeInternal_/h(file:///C:/Users/ADMINI~1/AppData/Local/Temp/anonymous8090321497475433878webdriver-profile/extensions/fxdriver@googlecode.com/components/command-processor.js:12274)
	at &lt;anonymous class&gt;.DelayedCommand.prototype.executeInternal_(file:///C:/Users/ADMINI~1/AppData/Local/Temp/anonymous8090321497475433878webdriver-profile/extensions/fxdriver@googlecode.com/components/command-processor.js:12279)
	at &lt;anonymous class&gt;.DelayedCommand.prototype.execute/&lt;(file:///C:/Users/ADMINI~1/AppData/Local/Temp/anonymous8090321497475433878webdriver-profile/extensions/fxdriver@googlecode.com/components/command-processor.js:12221)
... Removed 13 stack frames</div></td></tr></table><p class="totop"><a href="#summary">back to summary</a></p><h2>MyAccountOptionsTest</h2><h3 id="m13">com.baublebar.testcases.topmenubar.MyAccountOptionsTest#LoginTest</h3><table class="result"><tr class="param"><th>Parameter #1</th></tr><tr class="param stripe"><td>{Options=My Waitlist, Runmode=Y}</td></tr></table><p class="totop"><a href="#summary">back to summary</a></p><h3 id="m14">com.baublebar.testcases.topmenubar.MyAccountOptionsTest#LoginTest</h3><table class="result"><tr class="param"><th>Parameter #1</th></tr><tr class="param stripe"><td>{Options=Invite Friends, Runmode=Y}</td></tr></table><p class="totop"><a href="#summary">back to summary</a></p><h3 id="m15">com.baublebar.testcases.topmenubar.MyAccountOptionsTest#LoginTest</h3><table class="result"><tr class="param"><th>Parameter #1</th></tr><tr class="param stripe"><td>{Options=Dashboard, Runmode=Y}</td></tr></table><p class="totop"><a href="#summary">back to summary</a></p><h3 id="m16">com.baublebar.testcases.topmenubar.MyAccountOptionsTest#LoginTest</h3><table class="result"><tr class="param"><th>Parameter #1</th></tr><tr class="param stripe"><td>{Options=Vault Points, Runmode=Y}</td></tr></table><p class="totop"><a href="#summary">back to summary</a></p><h3 id="m17">com.baublebar.testcases.topmenubar.MyAccountOptionsTest#LoginTest</h3><table class="result"><tr class="param"><th>Parameter #1</th></tr><tr class="param stripe"><td>{Options=My Hearts, Runmode=Y}</td></tr></table><p class="totop"><a href="#summary">back to summary</a></p><h2>LogoutTest</h2><h3 id="m18">com.baublebar.testcases.topmenubar.LogoutTest#LogoutTest</h3><table class="result"><tr class="param"><th>Parameter #1</th></tr><tr class="param stripe"><td>{Runmode=Y}</td></tr></table><p class="totop"><a href="#summary">back to summary</a></p><h2>ContactusTest</h2><h3 id="m19">com.baublebar.testcases.topmenubar.ContactusTest#contactusTest</h3><table class="result"><tr class="param"><th>Parameter #1</th></tr><tr class="param stripe"><td>{Runmode=Y}</td></tr></table><p class="totop"><a href="#summary">back to summary</a></p><h2>VisitusTest</h2><h3 id="m20">com.baublebar.testcases.topmenubar.VisitusTest#LocationsTest</h3><table class="result"><tr class="param"><th>Parameter #1</th></tr><tr class="param stripe"><td>{Runmode=Y}</td></tr></table><p class="totop"><a href="#summary">back to summary</a></p><h2>CreateAccountTest</h2><h3 id="m21">com.baublebar.testcases.topmenubar.CreateAccountTest#createAccTest</h3><table class="result"><tr class="param"><th>Parameter #1</th></tr><tr class="param stripe"><td>{Username=automation, Password=add123, Runmode=Y}</td></tr></table><p class="totop"><a href="#summary">back to summary</a></p></body></html>