<?xml version="1.0" encoding="UTF-8"?>
<testng-results skipped="0" failed="10" total="23" passed="13">
  <reporter-output>
  </reporter-output>
  <suite name="Firefox" duration-ms="500196" started-at="2015-05-29T19:51:57Z" finished-at="2015-05-29T20:00:18Z">
    <groups>
    </groups>
    <test name="LoadBaublebarTest" duration-ms="17709" started-at="2015-05-29T19:51:57Z" finished-at="2015-05-29T19:52:15Z">
      <class name="com.baublebar.testcases.LoadBaublebarTest">
        <test-method status="PASS" signature="loadBaublebar()[pri:0, instance:com.baublebar.testcases.LoadBaublebarTest@344977e2]" name="loadBaublebar" duration-ms="17303" started-at="2015-05-29T15:51:57Z" finished-at="2015-05-29T15:52:15Z">
          <reporter-output>
          </reporter-output>
        </test-method> <!-- loadBaublebar -->
        <test-method status="PASS" signature="updateSauceTestName(org.testng.ITestResult)[pri:0, instance:com.baublebar.testcases.LoadBaublebarTest@344977e2]" name="updateSauceTestName" is-config="true" duration-ms="402" started-at="2015-05-29T15:52:15Z" finished-at="2015-05-29T15:52:15Z">
          <params>
            <param index="0">
              <value>
                <![CDATA[[TestResult name=loadBaublebar status=SUCCESS method=LoadBaublebarTest.loadBaublebar()[pri:0, instance:com.baublebar.testcases.LoadBaublebarTest@344977e2] output={null}]]]>
              </value>
            </param>
          </params>
          <reporter-output>
          </reporter-output>
        </test-method> <!-- updateSauceTestName -->
      </class> <!-- com.baublebar.testcases.LoadBaublebarTest -->
    </test> <!-- LoadBaublebarTest -->
    <test name="MainNavigationBarTest" duration-ms="21349" started-at="2015-05-29T19:52:15Z" finished-at="2015-05-29T19:52:36Z">
      <class name="com.baublebar.testcases.mainnavigationbar.MainNavigationBarTest">
        <test-method status="PASS" signature="MainNavigationBarTest(java.util.Hashtable)[pri:0, instance:com.baublebar.testcases.mainnavigationbar.MainNavigationBarTest@7d56b386]" name="MainNavigationBarTest" duration-ms="2337" started-at="2015-05-29T15:52:15Z" data-provider="getMainNavigationBarData" finished-at="2015-05-29T15:52:17Z">
          <params>
            <param index="0">
              <value>
                <![CDATA[{Runmode=Y, CategoryName=WhatÕs New}]]>
              </value>
            </param>
          </params>
          <reporter-output>
          </reporter-output>
        </test-method> <!-- MainNavigationBarTest -->
        <test-method status="PASS" signature="updateSauceTestName(org.testng.ITestResult)[pri:0, instance:com.baublebar.testcases.mainnavigationbar.MainNavigationBarTest@7d56b386]" name="updateSauceTestName" is-config="true" duration-ms="346" started-at="2015-05-29T15:52:17Z" finished-at="2015-05-29T15:52:18Z">
          <params>
            <param index="0">
              <value>
                <![CDATA[[TestResult name=MainNavigationBarTest status=SUCCESS method=MainNavigationBarTest.MainNavigationBarTest(java.util.Hashtable)[pri:0, instance:com.baublebar.testcases.mainnavigationbar.MainNavigationBarTest@7d56b386] output={null}]]]>
              </value>
            </param>
          </params>
          <reporter-output>
          </reporter-output>
        </test-method> <!-- updateSauceTestName -->
        <test-method status="PASS" signature="MainNavigationBarTest(java.util.Hashtable)[pri:0, instance:com.baublebar.testcases.mainnavigationbar.MainNavigationBarTest@7d56b386]" name="MainNavigationBarTest" duration-ms="2017" started-at="2015-05-29T15:52:18Z" data-provider="getMainNavigationBarData" finished-at="2015-05-29T15:52:20Z">
          <params>
            <param index="0">
              <value>
                <![CDATA[{Runmode=Y, CategoryName=Necklaces}]]>
              </value>
            </param>
          </params>
          <reporter-output>
          </reporter-output>
        </test-method> <!-- MainNavigationBarTest -->
        <test-method status="PASS" signature="updateSauceTestName(org.testng.ITestResult)[pri:0, instance:com.baublebar.testcases.mainnavigationbar.MainNavigationBarTest@7d56b386]" name="updateSauceTestName" is-config="true" duration-ms="759" started-at="2015-05-29T15:52:20Z" finished-at="2015-05-29T15:52:21Z">
          <params>
            <param index="0">
              <value>
                <![CDATA[[TestResult name=MainNavigationBarTest status=SUCCESS method=MainNavigationBarTest.MainNavigationBarTest(java.util.Hashtable)[pri:0, instance:com.baublebar.testcases.mainnavigationbar.MainNavigationBarTest@7d56b386] output={null}]]]>
              </value>
            </param>
          </params>
          <reporter-output>
          </reporter-output>
        </test-method> <!-- updateSauceTestName -->
        <test-method status="PASS" signature="MainNavigationBarTest(java.util.Hashtable)[pri:0, instance:com.baublebar.testcases.mainnavigationbar.MainNavigationBarTest@7d56b386]" name="MainNavigationBarTest" duration-ms="2039" started-at="2015-05-29T15:52:21Z" data-provider="getMainNavigationBarData" finished-at="2015-05-29T15:52:23Z">
          <params>
            <param index="0">
              <value>
                <![CDATA[{Runmode=Y, CategoryName=Bracelets}]]>
              </value>
            </param>
          </params>
          <reporter-output>
          </reporter-output>
        </test-method> <!-- MainNavigationBarTest -->
        <test-method status="PASS" signature="updateSauceTestName(org.testng.ITestResult)[pri:0, instance:com.baublebar.testcases.mainnavigationbar.MainNavigationBarTest@7d56b386]" name="updateSauceTestName" is-config="true" duration-ms="376" started-at="2015-05-29T15:52:23Z" finished-at="2015-05-29T15:52:23Z">
          <params>
            <param index="0">
              <value>
                <![CDATA[[TestResult name=MainNavigationBarTest status=SUCCESS method=MainNavigationBarTest.MainNavigationBarTest(java.util.Hashtable)[pri:0, instance:com.baublebar.testcases.mainnavigationbar.MainNavigationBarTest@7d56b386] output={null}]]]>
              </value>
            </param>
          </params>
          <reporter-output>
          </reporter-output>
        </test-method> <!-- updateSauceTestName -->
        <test-method status="PASS" signature="MainNavigationBarTest(java.util.Hashtable)[pri:0, instance:com.baublebar.testcases.mainnavigationbar.MainNavigationBarTest@7d56b386]" name="MainNavigationBarTest" duration-ms="2016" started-at="2015-05-29T15:52:23Z" data-provider="getMainNavigationBarData" finished-at="2015-05-29T15:52:25Z">
          <params>
            <param index="0">
              <value>
                <![CDATA[{Runmode=Y, CategoryName=Earrings}]]>
              </value>
            </param>
          </params>
          <reporter-output>
          </reporter-output>
        </test-method> <!-- MainNavigationBarTest -->
        <test-method status="PASS" signature="updateSauceTestName(org.testng.ITestResult)[pri:0, instance:com.baublebar.testcases.mainnavigationbar.MainNavigationBarTest@7d56b386]" name="updateSauceTestName" is-config="true" duration-ms="430" started-at="2015-05-29T15:52:25Z" finished-at="2015-05-29T15:52:25Z">
          <params>
            <param index="0">
              <value>
                <![CDATA[[TestResult name=MainNavigationBarTest status=SUCCESS method=MainNavigationBarTest.MainNavigationBarTest(java.util.Hashtable)[pri:0, instance:com.baublebar.testcases.mainnavigationbar.MainNavigationBarTest@7d56b386] output={null}]]]>
              </value>
            </param>
          </params>
          <reporter-output>
          </reporter-output>
        </test-method> <!-- updateSauceTestName -->
        <test-method status="PASS" signature="MainNavigationBarTest(java.util.Hashtable)[pri:0, instance:com.baublebar.testcases.mainnavigationbar.MainNavigationBarTest@7d56b386]" name="MainNavigationBarTest" duration-ms="2075" started-at="2015-05-29T15:52:25Z" data-provider="getMainNavigationBarData" finished-at="2015-05-29T15:52:28Z">
          <params>
            <param index="0">
              <value>
                <![CDATA[{Runmode=Y, CategoryName=Rings}]]>
              </value>
            </param>
          </params>
          <reporter-output>
          </reporter-output>
        </test-method> <!-- MainNavigationBarTest -->
        <test-method status="PASS" signature="updateSauceTestName(org.testng.ITestResult)[pri:0, instance:com.baublebar.testcases.mainnavigationbar.MainNavigationBarTest@7d56b386]" name="updateSauceTestName" is-config="true" duration-ms="673" started-at="2015-05-29T15:52:28Z" finished-at="2015-05-29T15:52:28Z">
          <params>
            <param index="0">
              <value>
                <![CDATA[[TestResult name=MainNavigationBarTest status=SUCCESS method=MainNavigationBarTest.MainNavigationBarTest(java.util.Hashtable)[pri:0, instance:com.baublebar.testcases.mainnavigationbar.MainNavigationBarTest@7d56b386] output={null}]]]>
              </value>
            </param>
          </params>
          <reporter-output>
          </reporter-output>
        </test-method> <!-- updateSauceTestName -->
        <test-method status="PASS" signature="MainNavigationBarTest(java.util.Hashtable)[pri:0, instance:com.baublebar.testcases.mainnavigationbar.MainNavigationBarTest@7d56b386]" name="MainNavigationBarTest" duration-ms="2019" started-at="2015-05-29T15:52:28Z" data-provider="getMainNavigationBarData" finished-at="2015-05-29T15:52:30Z">
          <params>
            <param index="0">
              <value>
                <![CDATA[{Runmode=Y, CategoryName=Personalized}]]>
              </value>
            </param>
          </params>
          <reporter-output>
          </reporter-output>
        </test-method> <!-- MainNavigationBarTest -->
        <test-method status="PASS" signature="updateSauceTestName(org.testng.ITestResult)[pri:0, instance:com.baublebar.testcases.mainnavigationbar.MainNavigationBarTest@7d56b386]" name="updateSauceTestName" is-config="true" duration-ms="297" started-at="2015-05-29T15:52:30Z" finished-at="2015-05-29T15:52:31Z">
          <params>
            <param index="0">
              <value>
                <![CDATA[[TestResult name=MainNavigationBarTest status=SUCCESS method=MainNavigationBarTest.MainNavigationBarTest(java.util.Hashtable)[pri:0, instance:com.baublebar.testcases.mainnavigationbar.MainNavigationBarTest@7d56b386] output={null}]]]>
              </value>
            </param>
          </params>
          <reporter-output>
          </reporter-output>
        </test-method> <!-- updateSauceTestName -->
        <test-method status="PASS" signature="MainNavigationBarTest(java.util.Hashtable)[pri:0, instance:com.baublebar.testcases.mainnavigationbar.MainNavigationBarTest@7d56b386]" name="MainNavigationBarTest" duration-ms="2424" started-at="2015-05-29T15:52:31Z" data-provider="getMainNavigationBarData" finished-at="2015-05-29T15:52:33Z">
          <params>
            <param index="0">
              <value>
                <![CDATA[{Runmode=Y, CategoryName=Guest}]]>
              </value>
            </param>
          </params>
          <reporter-output>
          </reporter-output>
        </test-method> <!-- MainNavigationBarTest -->
        <test-method status="PASS" signature="updateSauceTestName(org.testng.ITestResult)[pri:0, instance:com.baublebar.testcases.mainnavigationbar.MainNavigationBarTest@7d56b386]" name="updateSauceTestName" is-config="true" duration-ms="537" started-at="2015-05-29T15:52:33Z" finished-at="2015-05-29T15:52:33Z">
          <params>
            <param index="0">
              <value>
                <![CDATA[[TestResult name=MainNavigationBarTest status=SUCCESS method=MainNavigationBarTest.MainNavigationBarTest(java.util.Hashtable)[pri:0, instance:com.baublebar.testcases.mainnavigationbar.MainNavigationBarTest@7d56b386] output={null}]]]>
              </value>
            </param>
          </params>
          <reporter-output>
          </reporter-output>
        </test-method> <!-- updateSauceTestName -->
        <test-method status="PASS" signature="MainNavigationBarTest(java.util.Hashtable)[pri:0, instance:com.baublebar.testcases.mainnavigationbar.MainNavigationBarTest@7d56b386]" name="MainNavigationBarTest" duration-ms="2805" started-at="2015-05-29T15:52:33Z" data-provider="getMainNavigationBarData" finished-at="2015-05-29T15:52:36Z">
          <params>
            <param index="0">
              <value>
                <![CDATA[{Runmode=Y, CategoryName=Minibar}]]>
              </value>
            </param>
          </params>
          <reporter-output>
          </reporter-output>
        </test-method> <!-- MainNavigationBarTest -->
        <test-method status="PASS" signature="updateSauceTestName(org.testng.ITestResult)[pri:0, instance:com.baublebar.testcases.mainnavigationbar.MainNavigationBarTest@7d56b386]" name="updateSauceTestName" is-config="true" duration-ms="191" started-at="2015-05-29T15:52:36Z" finished-at="2015-05-29T15:52:36Z">
          <params>
            <param index="0">
              <value>
                <![CDATA[[TestResult name=MainNavigationBarTest status=SUCCESS method=MainNavigationBarTest.MainNavigationBarTest(java.util.Hashtable)[pri:0, instance:com.baublebar.testcases.mainnavigationbar.MainNavigationBarTest@7d56b386] output={null}]]]>
              </value>
            </param>
          </params>
          <reporter-output>
          </reporter-output>
        </test-method> <!-- updateSauceTestName -->
      </class> <!-- com.baublebar.testcases.mainnavigationbar.MainNavigationBarTest -->
    </test> <!-- MainNavigationBarTest -->
    <test name="PlaceOrderNewUserTest" duration-ms="40601" started-at="2015-05-29T19:52:36Z" finished-at="2015-05-29T19:53:17Z">
      <class name="com.baublebar.testcases.shoppingcart.PlaceOrderNewUserTest">
        <test-method status="FAIL" signature="PlaceOrderTest(java.util.Hashtable)[pri:0, instance:com.baublebar.testcases.shoppingcart.PlaceOrderNewUserTest@45389b3f]" name="PlaceOrderTest" duration-ms="39992" started-at="2015-05-29T15:52:36Z" data-provider="getPlaceOrderNewUserTestData" finished-at="2015-05-29T15:53:16Z">
          <params>
            <param index="0">
              <value>
                <![CDATA[{Zip=7890, ProductName=ice-dog-tag-layered-pendant-necklace, Runmode=Y, Phone=100-100-1000, Street=75 Lawrence St, UserName=NewUser, Password=test123, CreditCard=378282246310005, LastName=QA, City=Dallas, FirstName=Automation, CVVNumber=1234, State=Texas}]]>
              </value>
            </param>
          </params>
          <exception class="org.openqa.selenium.TimeoutException">
            <message>
              <![CDATA[Timed out after 30 seconds waiting for element to be clickable: [[RemoteWebDriver: safari on MAC (a02099879d3849a2b21bb80fc72d0b65)] -> xpath: //*[@id='nav-top-link-cart']/a/span[1]]
Build info: version: '2.43.1', revision: '5163bce', time: '2014-09-10 16:27:58'
System info: host: 'Maitris-MacBook-Pro.local', ip: '10.9.20.70', os.name: 'Mac OS X', os.arch: 'x86_64', os.version: '10.9.5', java.version: '1.6.0_65'
Session ID: a02099879d3849a2b21bb80fc72d0b65
Driver info: org.openqa.selenium.remote.RemoteWebDriver
Capabilities [{platform=MAC, javascriptEnabled=true, hasMetadata=true, browserName=safari, networkConnectionEnabled=false, desired={platformVersion=8.2, deviceName=iPhone Simulator, platformName=iOS, browserName=safari, proxy={proxyAutoconfigUrl=http://127.0.0.1:19876/pac.js, proxyType=PAC}, webdriver.remote.quietExceptions=true}, locationContextEnabled=false, webdriver.remote.sessionid=a02099879d3849a2b21bb80fc72d0b65, platformVersion=8.2, databaseEnabled=false, platformName=iOS, deviceName=iPhone Simulator, safari=true, proxy={proxyAutoconfigUrl=http://127.0.0.1:19876/pac.js, proxyType=PAC}, webStorageEnabled=false, webdriver.remote.quietExceptions=true, warnings={}, takesScreenshot=true}]]]>
            </message>
            <full-stacktrace>
              <![CDATA[org.openqa.selenium.TimeoutException: Timed out after 30 seconds waiting for element to be clickable: [[RemoteWebDriver: safari on MAC (a02099879d3849a2b21bb80fc72d0b65)] -> xpath: //*[@id='nav-top-link-cart']/a/span[1]]
Build info: version: '2.43.1', revision: '5163bce', time: '2014-09-10 16:27:58'
System info: host: 'Maitris-MacBook-Pro.local', ip: '10.9.20.70', os.name: 'Mac OS X', os.arch: 'x86_64', os.version: '10.9.5', java.version: '1.6.0_65'
Session ID: a02099879d3849a2b21bb80fc72d0b65
Driver info: org.openqa.selenium.remote.RemoteWebDriver
Capabilities [{platform=MAC, javascriptEnabled=true, hasMetadata=true, browserName=safari, networkConnectionEnabled=false, desired={platformVersion=8.2, deviceName=iPhone Simulator, platformName=iOS, browserName=safari, proxy={proxyAutoconfigUrl=http://127.0.0.1:19876/pac.js, proxyType=PAC}, webdriver.remote.quietExceptions=true}, locationContextEnabled=false, webdriver.remote.sessionid=a02099879d3849a2b21bb80fc72d0b65, platformVersion=8.2, databaseEnabled=false, platformName=iOS, deviceName=iPhone Simulator, safari=true, proxy={proxyAutoconfigUrl=http://127.0.0.1:19876/pac.js, proxyType=PAC}, webStorageEnabled=false, webdriver.remote.quietExceptions=true, warnings={}, takesScreenshot=true}]
	at org.openqa.selenium.support.ui.WebDriverWait.timeoutException(WebDriverWait.java:79)
	at org.openqa.selenium.support.ui.FluentWait.until(FluentWait.java:228)
	at com.baublebar.pages.BaublebarPage.placeOrder(BaublebarPage.java:224)
	at com.baublebar.testcases.shoppingcart.PlaceOrderNewUserTest.PlaceOrderTest(PlaceOrderNewUserTest.java:27)
	at sun.reflect.NativeMethodAccessorImpl.invoke0(Native Method)
	at sun.reflect.NativeMethodAccessorImpl.invoke(NativeMethodAccessorImpl.java:39)
	at sun.reflect.DelegatingMethodAccessorImpl.invoke(DelegatingMethodAccessorImpl.java:25)
	at java.lang.reflect.Method.invoke(Method.java:597)
	at org.testng.internal.MethodInvocationHelper.invokeMethod(MethodInvocationHelper.java:84)
	at org.testng.internal.Invoker.invokeMethod(Invoker.java:714)
	at org.testng.internal.Invoker.invokeTestMethod(Invoker.java:901)
	at org.testng.internal.Invoker.invokeTestMethods(Invoker.java:1231)
	at org.testng.internal.TestMethodWorker.invokeTestMethods(TestMethodWorker.java:127)
	at org.testng.internal.TestMethodWorker.run(TestMethodWorker.java:111)
	at org.testng.TestRunner.privateRun(TestRunner.java:767)
	at org.testng.TestRunner.run(TestRunner.java:617)
	at org.testng.SuiteRunner.runTest(SuiteRunner.java:334)
	at org.testng.SuiteRunner.runSequentially(SuiteRunner.java:329)
	at org.testng.SuiteRunner.privateRun(SuiteRunner.java:291)
	at org.testng.SuiteRunner.run(SuiteRunner.java:240)
	at org.testng.SuiteRunnerWorker.runSuite(SuiteRunnerWorker.java:52)
	at org.testng.SuiteRunnerWorker.run(SuiteRunnerWorker.java:86)
	at org.testng.TestNG.runSuitesSequentially(TestNG.java:1224)
	at org.testng.TestNG.runSuitesLocally(TestNG.java:1149)
	at org.testng.TestNG.run(TestNG.java:1057)
	at org.testng.TestNG.privateMain(TestNG.java:1364)
	at org.testng.TestNG.main(TestNG.java:1333)
]]>
            </full-stacktrace>
          </exception> <!-- org.openqa.selenium.TimeoutException -->
          <reporter-output>
          </reporter-output>
        </test-method> <!-- PlaceOrderTest -->
        <test-method status="PASS" signature="updateSauceTestName(org.testng.ITestResult)[pri:0, instance:com.baublebar.testcases.shoppingcart.PlaceOrderNewUserTest@45389b3f]" name="updateSauceTestName" is-config="true" duration-ms="604" started-at="2015-05-29T15:53:16Z" finished-at="2015-05-29T15:53:17Z">
          <params>
            <param index="0">
              <value>
                <![CDATA[[TestResult name=PlaceOrderTest status=FAILURE method=PlaceOrderNewUserTest.PlaceOrderTest(java.util.Hashtable)[pri:0, instance:com.baublebar.testcases.shoppingcart.PlaceOrderNewUserTest@45389b3f] output={null}]]]>
              </value>
            </param>
          </params>
          <reporter-output>
          </reporter-output>
        </test-method> <!-- updateSauceTestName -->
      </class> <!-- com.baublebar.testcases.shoppingcart.PlaceOrderNewUserTest -->
    </test> <!-- PlaceOrderNewUserTest -->
    <test name="PlaceOrderTest" duration-ms="66670" started-at="2015-05-29T19:53:17Z" finished-at="2015-05-29T19:54:24Z">
      <class name="com.baublebar.testcases.shoppingcart.PlaceOrderTest">
        <test-method status="FAIL" signature="PlaceOrderTest(java.util.Hashtable)[pri:0, instance:com.baublebar.testcases.shoppingcart.PlaceOrderTest@72898540]" name="PlaceOrderTest" duration-ms="66394" started-at="2015-05-29T15:53:17Z" data-provider="getPlaceOrderData" finished-at="2015-05-29T15:54:23Z">
          <params>
            <param index="0">
              <value>
                <![CDATA[{Runmode=Y, ProductName=ice-dog-tag-layered-pendant-necklace}]]>
              </value>
            </param>
          </params>
          <exception class="org.openqa.selenium.TimeoutException">
            <message>
              <![CDATA[Timed out after 30 seconds waiting for element to be clickable: [[RemoteWebDriver: safari on MAC (a02099879d3849a2b21bb80fc72d0b65)] -> xpath: //*[@id='nav-top-link-cart']/a/span[1]]
Build info: version: '2.43.1', revision: '5163bce', time: '2014-09-10 16:27:58'
System info: host: 'Maitris-MacBook-Pro.local', ip: '10.9.20.70', os.name: 'Mac OS X', os.arch: 'x86_64', os.version: '10.9.5', java.version: '1.6.0_65'
Session ID: a02099879d3849a2b21bb80fc72d0b65
Driver info: org.openqa.selenium.remote.RemoteWebDriver
Capabilities [{platform=MAC, javascriptEnabled=true, hasMetadata=true, browserName=safari, networkConnectionEnabled=false, desired={platformVersion=8.2, deviceName=iPhone Simulator, platformName=iOS, browserName=safari, proxy={proxyAutoconfigUrl=http://127.0.0.1:19876/pac.js, proxyType=PAC}, webdriver.remote.quietExceptions=true}, locationContextEnabled=false, webdriver.remote.sessionid=a02099879d3849a2b21bb80fc72d0b65, platformVersion=8.2, databaseEnabled=false, platformName=iOS, deviceName=iPhone Simulator, safari=true, proxy={proxyAutoconfigUrl=http://127.0.0.1:19876/pac.js, proxyType=PAC}, webStorageEnabled=false, webdriver.remote.quietExceptions=true, warnings={}, takesScreenshot=true}]]]>
            </message>
            <full-stacktrace>
              <![CDATA[org.openqa.selenium.TimeoutException: Timed out after 30 seconds waiting for element to be clickable: [[RemoteWebDriver: safari on MAC (a02099879d3849a2b21bb80fc72d0b65)] -> xpath: //*[@id='nav-top-link-cart']/a/span[1]]
Build info: version: '2.43.1', revision: '5163bce', time: '2014-09-10 16:27:58'
System info: host: 'Maitris-MacBook-Pro.local', ip: '10.9.20.70', os.name: 'Mac OS X', os.arch: 'x86_64', os.version: '10.9.5', java.version: '1.6.0_65'
Session ID: a02099879d3849a2b21bb80fc72d0b65
Driver info: org.openqa.selenium.remote.RemoteWebDriver
Capabilities [{platform=MAC, javascriptEnabled=true, hasMetadata=true, browserName=safari, networkConnectionEnabled=false, desired={platformVersion=8.2, deviceName=iPhone Simulator, platformName=iOS, browserName=safari, proxy={proxyAutoconfigUrl=http://127.0.0.1:19876/pac.js, proxyType=PAC}, webdriver.remote.quietExceptions=true}, locationContextEnabled=false, webdriver.remote.sessionid=a02099879d3849a2b21bb80fc72d0b65, platformVersion=8.2, databaseEnabled=false, platformName=iOS, deviceName=iPhone Simulator, safari=true, proxy={proxyAutoconfigUrl=http://127.0.0.1:19876/pac.js, proxyType=PAC}, webStorageEnabled=false, webdriver.remote.quietExceptions=true, warnings={}, takesScreenshot=true}]
	at org.openqa.selenium.support.ui.WebDriverWait.timeoutException(WebDriverWait.java:79)
	at org.openqa.selenium.support.ui.FluentWait.until(FluentWait.java:228)
	at com.baublebar.pages.BaublebarPage.placeOrder(BaublebarPage.java:224)
	at com.baublebar.testcases.shoppingcart.PlaceOrderTest.PlaceOrderTest(PlaceOrderTest.java:27)
	at sun.reflect.NativeMethodAccessorImpl.invoke0(Native Method)
	at sun.reflect.NativeMethodAccessorImpl.invoke(NativeMethodAccessorImpl.java:39)
	at sun.reflect.DelegatingMethodAccessorImpl.invoke(DelegatingMethodAccessorImpl.java:25)
	at java.lang.reflect.Method.invoke(Method.java:597)
	at org.testng.internal.MethodInvocationHelper.invokeMethod(MethodInvocationHelper.java:84)
	at org.testng.internal.Invoker.invokeMethod(Invoker.java:714)
	at org.testng.internal.Invoker.invokeTestMethod(Invoker.java:901)
	at org.testng.internal.Invoker.invokeTestMethods(Invoker.java:1231)
	at org.testng.internal.TestMethodWorker.invokeTestMethods(TestMethodWorker.java:127)
	at org.testng.internal.TestMethodWorker.run(TestMethodWorker.java:111)
	at org.testng.TestRunner.privateRun(TestRunner.java:767)
	at org.testng.TestRunner.run(TestRunner.java:617)
	at org.testng.SuiteRunner.runTest(SuiteRunner.java:334)
	at org.testng.SuiteRunner.runSequentially(SuiteRunner.java:329)
	at org.testng.SuiteRunner.privateRun(SuiteRunner.java:291)
	at org.testng.SuiteRunner.run(SuiteRunner.java:240)
	at org.testng.SuiteRunnerWorker.runSuite(SuiteRunnerWorker.java:52)
	at org.testng.SuiteRunnerWorker.run(SuiteRunnerWorker.java:86)
	at org.testng.TestNG.runSuitesSequentially(TestNG.java:1224)
	at org.testng.TestNG.runSuitesLocally(TestNG.java:1149)
	at org.testng.TestNG.run(TestNG.java:1057)
	at org.testng.TestNG.privateMain(TestNG.java:1364)
	at org.testng.TestNG.main(TestNG.java:1333)
]]>
            </full-stacktrace>
          </exception> <!-- org.openqa.selenium.TimeoutException -->
          <reporter-output>
          </reporter-output>
        </test-method> <!-- PlaceOrderTest -->
        <test-method status="PASS" signature="updateSauceTestName(org.testng.ITestResult)[pri:0, instance:com.baublebar.testcases.shoppingcart.PlaceOrderTest@72898540]" name="updateSauceTestName" is-config="true" duration-ms="272" started-at="2015-05-29T15:54:23Z" finished-at="2015-05-29T15:54:24Z">
          <params>
            <param index="0">
              <value>
                <![CDATA[[TestResult name=PlaceOrderTest status=FAILURE method=PlaceOrderTest.PlaceOrderTest(java.util.Hashtable)[pri:0, instance:com.baublebar.testcases.shoppingcart.PlaceOrderTest@72898540] output={null}]]]>
              </value>
            </param>
          </params>
          <reporter-output>
          </reporter-output>
        </test-method> <!-- updateSauceTestName -->
      </class> <!-- com.baublebar.testcases.shoppingcart.PlaceOrderTest -->
    </test> <!-- PlaceOrderTest -->
    <test name="SignupForDiscountTest" duration-ms="95760" started-at="2015-05-29T19:54:24Z" finished-at="2015-05-29T19:56:00Z">
      <class name="com.baublebar.testcases.topmenubar.SignupForDiscountTest">
        <test-method status="FAIL" signature="signupForDiscountTest(java.util.Hashtable)[pri:0, instance:com.baublebar.testcases.topmenubar.SignupForDiscountTest@79024994]" name="signupForDiscountTest" duration-ms="95391" started-at="2015-05-29T15:54:24Z" data-provider="getDiscountData" finished-at="2015-05-29T15:55:59Z">
          <params>
            <param index="0">
              <value>
                <![CDATA[{Runmode=Y, DiscountEmail=cmaitri@yahoo.com}]]>
              </value>
            </param>
          </params>
          <exception class="org.openqa.selenium.TimeoutException">
            <message>
              <![CDATA[Timed out after 30 seconds waiting for visibility of [[RemoteWebDriver: safari on MAC (a02099879d3849a2b21bb80fc72d0b65)] -> xpath: //*[@id='email-signup']/div/div[2]/p[1]]
Build info: version: '2.43.1', revision: '5163bce', time: '2014-09-10 16:27:58'
System info: host: 'Maitris-MacBook-Pro.local', ip: '10.9.20.70', os.name: 'Mac OS X', os.arch: 'x86_64', os.version: '10.9.5', java.version: '1.6.0_65'
Session ID: a02099879d3849a2b21bb80fc72d0b65
Driver info: org.openqa.selenium.remote.RemoteWebDriver
Capabilities [{platform=MAC, javascriptEnabled=true, hasMetadata=true, browserName=safari, networkConnectionEnabled=false, desired={platformVersion=8.2, deviceName=iPhone Simulator, platformName=iOS, browserName=safari, proxy={proxyAutoconfigUrl=http://127.0.0.1:19876/pac.js, proxyType=PAC}, webdriver.remote.quietExceptions=true}, locationContextEnabled=false, webdriver.remote.sessionid=a02099879d3849a2b21bb80fc72d0b65, platformVersion=8.2, databaseEnabled=false, platformName=iOS, deviceName=iPhone Simulator, safari=true, proxy={proxyAutoconfigUrl=http://127.0.0.1:19876/pac.js, proxyType=PAC}, webStorageEnabled=false, webdriver.remote.quietExceptions=true, warnings={}, takesScreenshot=true}]]]>
            </message>
            <full-stacktrace>
              <![CDATA[org.openqa.selenium.TimeoutException: Timed out after 30 seconds waiting for visibility of [[RemoteWebDriver: safari on MAC (a02099879d3849a2b21bb80fc72d0b65)] -> xpath: //*[@id='email-signup']/div/div[2]/p[1]]
Build info: version: '2.43.1', revision: '5163bce', time: '2014-09-10 16:27:58'
System info: host: 'Maitris-MacBook-Pro.local', ip: '10.9.20.70', os.name: 'Mac OS X', os.arch: 'x86_64', os.version: '10.9.5', java.version: '1.6.0_65'
Session ID: a02099879d3849a2b21bb80fc72d0b65
Driver info: org.openqa.selenium.remote.RemoteWebDriver
Capabilities [{platform=MAC, javascriptEnabled=true, hasMetadata=true, browserName=safari, networkConnectionEnabled=false, desired={platformVersion=8.2, deviceName=iPhone Simulator, platformName=iOS, browserName=safari, proxy={proxyAutoconfigUrl=http://127.0.0.1:19876/pac.js, proxyType=PAC}, webdriver.remote.quietExceptions=true}, locationContextEnabled=false, webdriver.remote.sessionid=a02099879d3849a2b21bb80fc72d0b65, platformVersion=8.2, databaseEnabled=false, platformName=iOS, deviceName=iPhone Simulator, safari=true, proxy={proxyAutoconfigUrl=http://127.0.0.1:19876/pac.js, proxyType=PAC}, webStorageEnabled=false, webdriver.remote.quietExceptions=true, warnings={}, takesScreenshot=true}]
	at org.openqa.selenium.support.ui.WebDriverWait.timeoutException(WebDriverWait.java:79)
	at org.openqa.selenium.support.ui.FluentWait.until(FluentWait.java:228)
	at com.baublebar.pages.TopMenuBarPage.signupForDiscount(TopMenuBarPage.java:192)
	at com.baublebar.testcases.topmenubar.SignupForDiscountTest.signupForDiscountTest(SignupForDiscountTest.java:34)
	at sun.reflect.NativeMethodAccessorImpl.invoke0(Native Method)
	at sun.reflect.NativeMethodAccessorImpl.invoke(NativeMethodAccessorImpl.java:39)
	at sun.reflect.DelegatingMethodAccessorImpl.invoke(DelegatingMethodAccessorImpl.java:25)
	at java.lang.reflect.Method.invoke(Method.java:597)
	at org.testng.internal.MethodInvocationHelper.invokeMethod(MethodInvocationHelper.java:84)
	at org.testng.internal.Invoker.invokeMethod(Invoker.java:714)
	at org.testng.internal.Invoker.invokeTestMethod(Invoker.java:901)
	at org.testng.internal.Invoker.invokeTestMethods(Invoker.java:1231)
	at org.testng.internal.TestMethodWorker.invokeTestMethods(TestMethodWorker.java:127)
	at org.testng.internal.TestMethodWorker.run(TestMethodWorker.java:111)
	at org.testng.TestRunner.privateRun(TestRunner.java:767)
	at org.testng.TestRunner.run(TestRunner.java:617)
	at org.testng.SuiteRunner.runTest(SuiteRunner.java:334)
	at org.testng.SuiteRunner.runSequentially(SuiteRunner.java:329)
	at org.testng.SuiteRunner.privateRun(SuiteRunner.java:291)
	at org.testng.SuiteRunner.run(SuiteRunner.java:240)
	at org.testng.SuiteRunnerWorker.runSuite(SuiteRunnerWorker.java:52)
	at org.testng.SuiteRunnerWorker.run(SuiteRunnerWorker.java:86)
	at org.testng.TestNG.runSuitesSequentially(TestNG.java:1224)
	at org.testng.TestNG.runSuitesLocally(TestNG.java:1149)
	at org.testng.TestNG.run(TestNG.java:1057)
	at org.testng.TestNG.privateMain(TestNG.java:1364)
	at org.testng.TestNG.main(TestNG.java:1333)
]]>
            </full-stacktrace>
          </exception> <!-- org.openqa.selenium.TimeoutException -->
          <reporter-output>
          </reporter-output>
        </test-method> <!-- signupForDiscountTest -->
        <test-method status="PASS" signature="updateSauceTestName(org.testng.ITestResult)[pri:0, instance:com.baublebar.testcases.topmenubar.SignupForDiscountTest@79024994]" name="updateSauceTestName" is-config="true" duration-ms="367" started-at="2015-05-29T15:55:59Z" finished-at="2015-05-29T15:56:00Z">
          <params>
            <param index="0">
              <value>
                <![CDATA[[TestResult name=signupForDiscountTest status=FAILURE method=SignupForDiscountTest.signupForDiscountTest(java.util.Hashtable)[pri:0, instance:com.baublebar.testcases.topmenubar.SignupForDiscountTest@79024994] output={null}]]]>
              </value>
            </param>
          </params>
          <reporter-output>
          </reporter-output>
        </test-method> <!-- updateSauceTestName -->
      </class> <!-- com.baublebar.testcases.topmenubar.SignupForDiscountTest -->
    </test> <!-- SignupForDiscountTest -->
    <test name="ShoppingCartTest" duration-ms="62664" started-at="2015-05-29T19:56:00Z" finished-at="2015-05-29T19:57:02Z">
      <class name="com.baublebar.testcases.topmenubar.ShoppingCartTest">
        <test-method status="FAIL" signature="ShoppingCartTest(java.util.Hashtable)[pri:0, instance:com.baublebar.testcases.topmenubar.ShoppingCartTest@7219d6af]" name="ShoppingCartTest" duration-ms="61917" started-at="2015-05-29T15:56:00Z" data-provider="getShoppingCartData" finished-at="2015-05-29T15:57:01Z">
          <params>
            <param index="0">
              <value>
                <![CDATA[{Runmode=Y}]]>
              </value>
            </param>
          </params>
          <exception class="org.openqa.selenium.TimeoutException">
            <message>
              <![CDATA[Timed out after 30 seconds waiting for visibility of Proxy element for: org.openqa.selenium.support.pagefactory.DefaultElementLocator@6d3d422d
Build info: version: '2.43.1', revision: '5163bce', time: '2014-09-10 16:27:58'
System info: host: 'Maitris-MacBook-Pro.local', ip: '10.9.20.70', os.name: 'Mac OS X', os.arch: 'x86_64', os.version: '10.9.5', java.version: '1.6.0_65'
Session ID: a02099879d3849a2b21bb80fc72d0b65
Driver info: org.openqa.selenium.remote.RemoteWebDriver
Capabilities [{platform=MAC, javascriptEnabled=true, hasMetadata=true, browserName=safari, networkConnectionEnabled=false, desired={platformVersion=8.2, deviceName=iPhone Simulator, platformName=iOS, browserName=safari, proxy={proxyAutoconfigUrl=http://127.0.0.1:19876/pac.js, proxyType=PAC}, webdriver.remote.quietExceptions=true}, locationContextEnabled=false, webdriver.remote.sessionid=a02099879d3849a2b21bb80fc72d0b65, platformVersion=8.2, databaseEnabled=false, platformName=iOS, deviceName=iPhone Simulator, safari=true, proxy={proxyAutoconfigUrl=http://127.0.0.1:19876/pac.js, proxyType=PAC}, webStorageEnabled=false, webdriver.remote.quietExceptions=true, warnings={}, takesScreenshot=true}]]]>
            </message>
            <full-stacktrace>
              <![CDATA[org.openqa.selenium.TimeoutException: Timed out after 30 seconds waiting for visibility of Proxy element for: org.openqa.selenium.support.pagefactory.DefaultElementLocator@6d3d422d
Build info: version: '2.43.1', revision: '5163bce', time: '2014-09-10 16:27:58'
System info: host: 'Maitris-MacBook-Pro.local', ip: '10.9.20.70', os.name: 'Mac OS X', os.arch: 'x86_64', os.version: '10.9.5', java.version: '1.6.0_65'
Session ID: a02099879d3849a2b21bb80fc72d0b65
Driver info: org.openqa.selenium.remote.RemoteWebDriver
Capabilities [{platform=MAC, javascriptEnabled=true, hasMetadata=true, browserName=safari, networkConnectionEnabled=false, desired={platformVersion=8.2, deviceName=iPhone Simulator, platformName=iOS, browserName=safari, proxy={proxyAutoconfigUrl=http://127.0.0.1:19876/pac.js, proxyType=PAC}, webdriver.remote.quietExceptions=true}, locationContextEnabled=false, webdriver.remote.sessionid=a02099879d3849a2b21bb80fc72d0b65, platformVersion=8.2, databaseEnabled=false, platformName=iOS, deviceName=iPhone Simulator, safari=true, proxy={proxyAutoconfigUrl=http://127.0.0.1:19876/pac.js, proxyType=PAC}, webStorageEnabled=false, webdriver.remote.quietExceptions=true, warnings={}, takesScreenshot=true}]
	at org.openqa.selenium.support.ui.WebDriverWait.timeoutException(WebDriverWait.java:79)
	at org.openqa.selenium.support.ui.FluentWait.until(FluentWait.java:228)
	at com.baublebar.pages.TopMenuBarPage.clickShoppingCart(TopMenuBarPage.java:282)
	at com.baublebar.testcases.topmenubar.ShoppingCartTest.ShoppingCartTest(ShoppingCartTest.java:35)
	at sun.reflect.NativeMethodAccessorImpl.invoke0(Native Method)
	at sun.reflect.NativeMethodAccessorImpl.invoke(NativeMethodAccessorImpl.java:39)
	at sun.reflect.DelegatingMethodAccessorImpl.invoke(DelegatingMethodAccessorImpl.java:25)
	at java.lang.reflect.Method.invoke(Method.java:597)
	at org.testng.internal.MethodInvocationHelper.invokeMethod(MethodInvocationHelper.java:84)
	at org.testng.internal.Invoker.invokeMethod(Invoker.java:714)
	at org.testng.internal.Invoker.invokeTestMethod(Invoker.java:901)
	at org.testng.internal.Invoker.invokeTestMethods(Invoker.java:1231)
	at org.testng.internal.TestMethodWorker.invokeTestMethods(TestMethodWorker.java:127)
	at org.testng.internal.TestMethodWorker.run(TestMethodWorker.java:111)
	at org.testng.TestRunner.privateRun(TestRunner.java:767)
	at org.testng.TestRunner.run(TestRunner.java:617)
	at org.testng.SuiteRunner.runTest(SuiteRunner.java:334)
	at org.testng.SuiteRunner.runSequentially(SuiteRunner.java:329)
	at org.testng.SuiteRunner.privateRun(SuiteRunner.java:291)
	at org.testng.SuiteRunner.run(SuiteRunner.java:240)
	at org.testng.SuiteRunnerWorker.runSuite(SuiteRunnerWorker.java:52)
	at org.testng.SuiteRunnerWorker.run(SuiteRunnerWorker.java:86)
	at org.testng.TestNG.runSuitesSequentially(TestNG.java:1224)
	at org.testng.TestNG.runSuitesLocally(TestNG.java:1149)
	at org.testng.TestNG.run(TestNG.java:1057)
	at org.testng.TestNG.privateMain(TestNG.java:1364)
	at org.testng.TestNG.main(TestNG.java:1333)
Caused by: org.openqa.selenium.NoSuchElementException: An element could not be located on the page using the given search parameters. (WARNING: The server did not provide any stacktrace information)
Command duration or timeout: 111 milliseconds
For documentation on this error, please visit: http://seleniumhq.org/exceptions/no_such_element.html
Build info: version: '2.43.1', revision: '5163bce', time: '2014-09-10 16:27:58'
System info: host: 'Maitris-MacBook-Pro.local', ip: '10.9.20.70', os.name: 'Mac OS X', os.arch: 'x86_64', os.version: '10.9.5', java.version: '1.6.0_65'
Session ID: a02099879d3849a2b21bb80fc72d0b65
Driver info: org.openqa.selenium.remote.RemoteWebDriver
Capabilities [{platform=MAC, javascriptEnabled=true, hasMetadata=true, browserName=safari, networkConnectionEnabled=false, desired={platformVersion=8.2, deviceName=iPhone Simulator, platformName=iOS, browserName=safari, proxy={proxyAutoconfigUrl=http://127.0.0.1:19876/pac.js, proxyType=PAC}, webdriver.remote.quietExceptions=true}, locationContextEnabled=false, webdriver.remote.sessionid=a02099879d3849a2b21bb80fc72d0b65, platformVersion=8.2, databaseEnabled=false, platformName=iOS, deviceName=iPhone Simulator, safari=true, proxy={proxyAutoconfigUrl=http://127.0.0.1:19876/pac.js, proxyType=PAC}, webStorageEnabled=false, webdriver.remote.quietExceptions=true, warnings={}, takesScreenshot=true}]
	at sun.reflect.GeneratedConstructorAccessor43.newInstance(Unknown Source)
	at sun.reflect.DelegatingConstructorAccessorImpl.newInstance(DelegatingConstructorAccessorImpl.java:27)
	at java.lang.reflect.Constructor.newInstance(Constructor.java:513)
	at org.openqa.selenium.remote.ErrorHandler.createThrowable(ErrorHandler.java:204)
	at org.openqa.selenium.remote.ErrorHandler.throwIfResponseFailed(ErrorHandler.java:156)
	at org.openqa.selenium.remote.RemoteWebDriver.execute(RemoteWebDriver.java:599)
	at org.openqa.selenium.remote.RemoteWebDriver.findElement(RemoteWebDriver.java:352)
	at org.openqa.selenium.remote.RemoteWebDriver.findElementByCssSelector(RemoteWebDriver.java:441)
	at org.openqa.selenium.By$ByCssSelector.findElement(By.java:426)
	at org.openqa.selenium.remote.RemoteWebDriver.findElement(RemoteWebDriver.java:344)
	at org.openqa.selenium.support.pagefactory.DefaultElementLocator.findElement(DefaultElementLocator.java:59)
	at org.openqa.selenium.support.pagefactory.internal.LocatingElementHandler.invoke(LocatingElementHandler.java:37)
	at com.sun.proxy.$Proxy11.isDisplayed(Unknown Source)
	at org.openqa.selenium.support.ui.ExpectedConditions.elementIfVisible(ExpectedConditions.java:227)
	at org.openqa.selenium.support.ui.ExpectedConditions.access$1(ExpectedConditions.java:226)
	at org.openqa.selenium.support.ui.ExpectedConditions$7.apply(ExpectedConditions.java:213)
	at org.openqa.selenium.support.ui.ExpectedConditions$7.apply(ExpectedConditions.java:1)
	at org.openqa.selenium.support.ui.FluentWait.until(FluentWait.java:208)
	... 25 more
]]>
            </full-stacktrace>
          </exception> <!-- org.openqa.selenium.TimeoutException -->
          <reporter-output>
          </reporter-output>
        </test-method> <!-- ShoppingCartTest -->
        <test-method status="PASS" signature="updateSauceTestName(org.testng.ITestResult)[pri:0, instance:com.baublebar.testcases.topmenubar.ShoppingCartTest@7219d6af]" name="updateSauceTestName" is-config="true" duration-ms="744" started-at="2015-05-29T15:57:01Z" finished-at="2015-05-29T15:57:02Z">
          <params>
            <param index="0">
              <value>
                <![CDATA[[TestResult name=ShoppingCartTest status=FAILURE method=ShoppingCartTest.ShoppingCartTest(java.util.Hashtable)[pri:0, instance:com.baublebar.testcases.topmenubar.ShoppingCartTest@7219d6af] output={null}]]]>
              </value>
            </param>
          </params>
          <reporter-output>
          </reporter-output>
        </test-method> <!-- updateSauceTestName -->
      </class> <!-- com.baublebar.testcases.topmenubar.ShoppingCartTest -->
    </test> <!-- ShoppingCartTest -->
    <test name="LoginTest" duration-ms="7729" started-at="2015-05-29T19:57:02Z" finished-at="2015-05-29T19:57:10Z">
      <class name="com.baublebar.testcases.topmenubar.LoginTest">
        <test-method status="FAIL" signature="LoginTest(java.util.Hashtable)[pri:0, instance:com.baublebar.testcases.topmenubar.LoginTest@785e8d7d]" name="LoginTest" duration-ms="7451" started-at="2015-05-29T15:57:02Z" data-provider="getLoginData" finished-at="2015-05-29T15:57:10Z">
          <params>
            <param index="0">
              <value>
                <![CDATA[{Username=qa@baublebar.com, Password=test123, Runmode=Y}]]>
              </value>
            </param>
          </params>
          <exception class="java.lang.AssertionError">
            <message>
              <![CDATA[expected [QA] but found []]]>
            </message>
            <full-stacktrace>
              <![CDATA[java.lang.AssertionError: expected [QA] but found []
	at org.testng.Assert.fail(Assert.java:94)
	at org.testng.Assert.failNotEquals(Assert.java:494)
	at org.testng.Assert.assertEquals(Assert.java:123)
	at org.testng.Assert.assertEquals(Assert.java:176)
	at org.testng.Assert.assertEquals(Assert.java:186)
	at com.baublebar.pages.TopMenuBarPage.doLogin(TopMenuBarPage.java:238)
	at com.baublebar.testcases.topmenubar.LoginTest.LoginTest(LoginTest.java:33)
	at sun.reflect.NativeMethodAccessorImpl.invoke0(Native Method)
	at sun.reflect.NativeMethodAccessorImpl.invoke(NativeMethodAccessorImpl.java:39)
	at sun.reflect.DelegatingMethodAccessorImpl.invoke(DelegatingMethodAccessorImpl.java:25)
	at java.lang.reflect.Method.invoke(Method.java:597)
	at org.testng.internal.MethodInvocationHelper.invokeMethod(MethodInvocationHelper.java:84)
	at org.testng.internal.Invoker.invokeMethod(Invoker.java:714)
	at org.testng.internal.Invoker.invokeTestMethod(Invoker.java:901)
	at org.testng.internal.TestMethodWithDataProviderMethodWorker.call(TestMethodWithDataProviderMethodWorker.java:73)
	at org.testng.internal.TestMethodWithDataProviderMethodWorker.call(TestMethodWithDataProviderMethodWorker.java:14)
	at java.util.concurrent.FutureTask$Sync.innerRun(FutureTask.java:303)
	at java.util.concurrent.FutureTask.run(FutureTask.java:138)
	at java.util.concurrent.Executors$RunnableAdapter.call(Executors.java:439)
	at java.util.concurrent.FutureTask$Sync.innerRun(FutureTask.java:303)
	at java.util.concurrent.FutureTask.run(FutureTask.java:138)
	at java.util.concurrent.ThreadPoolExecutor$Worker.runTask(ThreadPoolExecutor.java:895)
	at java.util.concurrent.ThreadPoolExecutor$Worker.run(ThreadPoolExecutor.java:918)
	at java.lang.Thread.run(Thread.java:695)
]]>
            </full-stacktrace>
          </exception> <!-- java.lang.AssertionError -->
          <reporter-output>
          </reporter-output>
        </test-method> <!-- LoginTest -->
        <test-method status="PASS" signature="updateSauceTestName(org.testng.ITestResult)[pri:0, instance:com.baublebar.testcases.topmenubar.LoginTest@785e8d7d]" name="updateSauceTestName" is-config="true" duration-ms="272" started-at="2015-05-29T15:57:10Z" finished-at="2015-05-29T15:57:10Z">
          <params>
            <param index="0">
              <value>
                <![CDATA[[TestResult name=LoginTest status=FAILURE method=LoginTest.LoginTest(java.util.Hashtable)[pri:0, instance:com.baublebar.testcases.topmenubar.LoginTest@785e8d7d] output={null}]]]>
              </value>
            </param>
          </params>
          <reporter-output>
          </reporter-output>
        </test-method> <!-- updateSauceTestName -->
      </class> <!-- com.baublebar.testcases.topmenubar.LoginTest -->
    </test> <!-- LoginTest -->
    <test name="MyAccountOptionsTest" duration-ms="57094" started-at="2015-05-29T19:57:10Z" finished-at="2015-05-29T19:58:07Z">
      <class name="com.baublebar.testcases.topmenubar.MyAccountOptionsTest">
        <test-method status="PASS" signature="LoginTest(java.util.Hashtable)[pri:0, instance:com.baublebar.testcases.topmenubar.MyAccountOptionsTest@62fa5ff3]" name="LoginTest" duration-ms="11545" started-at="2015-05-29T15:57:10Z" data-provider="getMyAccountData" finished-at="2015-05-29T15:57:21Z">
          <params>
            <param index="0">
              <value>
                <![CDATA[{Options=Dashboard, Runmode=Y}]]>
              </value>
            </param>
          </params>
          <reporter-output>
          </reporter-output>
        </test-method> <!-- LoginTest -->
        <test-method status="PASS" signature="updateSauceTestName(org.testng.ITestResult)[pri:0, instance:com.baublebar.testcases.topmenubar.MyAccountOptionsTest@62fa5ff3]" name="updateSauceTestName" is-config="true" duration-ms="551" started-at="2015-05-29T15:57:21Z" finished-at="2015-05-29T15:57:22Z">
          <params>
            <param index="0">
              <value>
                <![CDATA[[TestResult name=LoginTest status=SUCCESS method=MyAccountOptionsTest.LoginTest(java.util.Hashtable)[pri:0, instance:com.baublebar.testcases.topmenubar.MyAccountOptionsTest@62fa5ff3] output={null}]]]>
              </value>
            </param>
          </params>
          <reporter-output>
          </reporter-output>
        </test-method> <!-- updateSauceTestName -->
        <test-method status="PASS" signature="LoginTest(java.util.Hashtable)[pri:0, instance:com.baublebar.testcases.topmenubar.MyAccountOptionsTest@62fa5ff3]" name="LoginTest" duration-ms="11596" started-at="2015-05-29T15:57:22Z" data-provider="getMyAccountData" finished-at="2015-05-29T15:57:34Z">
          <params>
            <param index="0">
              <value>
                <![CDATA[{Options=My Hearts, Runmode=Y}]]>
              </value>
            </param>
          </params>
          <reporter-output>
          </reporter-output>
        </test-method> <!-- LoginTest -->
        <test-method status="PASS" signature="updateSauceTestName(org.testng.ITestResult)[pri:0, instance:com.baublebar.testcases.topmenubar.MyAccountOptionsTest@62fa5ff3]" name="updateSauceTestName" is-config="true" duration-ms="645" started-at="2015-05-29T15:57:34Z" finished-at="2015-05-29T15:57:34Z">
          <params>
            <param index="0">
              <value>
                <![CDATA[[TestResult name=LoginTest status=SUCCESS method=MyAccountOptionsTest.LoginTest(java.util.Hashtable)[pri:0, instance:com.baublebar.testcases.topmenubar.MyAccountOptionsTest@62fa5ff3] output={null}]]]>
              </value>
            </param>
          </params>
          <reporter-output>
          </reporter-output>
        </test-method> <!-- updateSauceTestName -->
        <test-method status="PASS" signature="LoginTest(java.util.Hashtable)[pri:0, instance:com.baublebar.testcases.topmenubar.MyAccountOptionsTest@62fa5ff3]" name="LoginTest" duration-ms="8775" started-at="2015-05-29T15:57:34Z" data-provider="getMyAccountData" finished-at="2015-05-29T15:57:43Z">
          <params>
            <param index="0">
              <value>
                <![CDATA[{Options=My Waitlist, Runmode=Y}]]>
              </value>
            </param>
          </params>
          <reporter-output>
          </reporter-output>
        </test-method> <!-- LoginTest -->
        <test-method status="PASS" signature="updateSauceTestName(org.testng.ITestResult)[pri:0, instance:com.baublebar.testcases.topmenubar.MyAccountOptionsTest@62fa5ff3]" name="updateSauceTestName" is-config="true" duration-ms="283" started-at="2015-05-29T15:57:43Z" finished-at="2015-05-29T15:57:43Z">
          <params>
            <param index="0">
              <value>
                <![CDATA[[TestResult name=LoginTest status=SUCCESS method=MyAccountOptionsTest.LoginTest(java.util.Hashtable)[pri:0, instance:com.baublebar.testcases.topmenubar.MyAccountOptionsTest@62fa5ff3] output={null}]]]>
              </value>
            </param>
          </params>
          <reporter-output>
          </reporter-output>
        </test-method> <!-- updateSauceTestName -->
        <test-method status="PASS" signature="LoginTest(java.util.Hashtable)[pri:0, instance:com.baublebar.testcases.topmenubar.MyAccountOptionsTest@62fa5ff3]" name="LoginTest" duration-ms="16297" started-at="2015-05-29T15:57:43Z" data-provider="getMyAccountData" finished-at="2015-05-29T15:58:00Z">
          <params>
            <param index="0">
              <value>
                <![CDATA[{Options=Vault Points, Runmode=Y}]]>
              </value>
            </param>
          </params>
          <reporter-output>
          </reporter-output>
        </test-method> <!-- LoginTest -->
        <test-method status="PASS" signature="updateSauceTestName(org.testng.ITestResult)[pri:0, instance:com.baublebar.testcases.topmenubar.MyAccountOptionsTest@62fa5ff3]" name="updateSauceTestName" is-config="true" duration-ms="1398" started-at="2015-05-29T15:58:00Z" finished-at="2015-05-29T15:58:01Z">
          <params>
            <param index="0">
              <value>
                <![CDATA[[TestResult name=LoginTest status=SUCCESS method=MyAccountOptionsTest.LoginTest(java.util.Hashtable)[pri:0, instance:com.baublebar.testcases.topmenubar.MyAccountOptionsTest@62fa5ff3] output={null}]]]>
              </value>
            </param>
          </params>
          <reporter-output>
          </reporter-output>
        </test-method> <!-- updateSauceTestName -->
        <test-method status="FAIL" signature="LoginTest(java.util.Hashtable)[pri:0, instance:com.baublebar.testcases.topmenubar.MyAccountOptionsTest@62fa5ff3]" name="LoginTest" duration-ms="5662" started-at="2015-05-29T15:58:01Z" data-provider="getMyAccountData" finished-at="2015-05-29T15:58:07Z">
          <params>
            <param index="0">
              <value>
                <![CDATA[{Options=Invite Friends, Runmode=Y}]]>
              </value>
            </param>
          </params>
          <exception class="java.lang.AssertionError">
            <message>
              <![CDATA[expected [INVITE FRIENDS] but found [TRANSFERS]]]>
            </message>
            <full-stacktrace>
              <![CDATA[java.lang.AssertionError: expected [INVITE FRIENDS] but found [TRANSFERS]
	at org.testng.Assert.fail(Assert.java:94)
	at org.testng.Assert.failNotEquals(Assert.java:494)
	at org.testng.Assert.assertEquals(Assert.java:123)
	at org.testng.Assert.assertEquals(Assert.java:176)
	at org.testng.Assert.assertEquals(Assert.java:186)
	at com.baublebar.pages.TopMenuBarPage.myAccountOptions(TopMenuBarPage.java:349)
	at com.baublebar.testcases.topmenubar.MyAccountOptionsTest.LoginTest(MyAccountOptionsTest.java:34)
	at sun.reflect.NativeMethodAccessorImpl.invoke0(Native Method)
	at sun.reflect.NativeMethodAccessorImpl.invoke(NativeMethodAccessorImpl.java:39)
	at sun.reflect.DelegatingMethodAccessorImpl.invoke(DelegatingMethodAccessorImpl.java:25)
	at java.lang.reflect.Method.invoke(Method.java:597)
	at org.testng.internal.MethodInvocationHelper.invokeMethod(MethodInvocationHelper.java:84)
	at org.testng.internal.Invoker.invokeMethod(Invoker.java:714)
	at org.testng.internal.Invoker.invokeTestMethod(Invoker.java:901)
	at org.testng.internal.Invoker.invokeTestMethods(Invoker.java:1231)
	at org.testng.internal.TestMethodWorker.invokeTestMethods(TestMethodWorker.java:127)
	at org.testng.internal.TestMethodWorker.run(TestMethodWorker.java:111)
	at org.testng.TestRunner.privateRun(TestRunner.java:767)
	at org.testng.TestRunner.run(TestRunner.java:617)
	at org.testng.SuiteRunner.runTest(SuiteRunner.java:334)
	at org.testng.SuiteRunner.runSequentially(SuiteRunner.java:329)
	at org.testng.SuiteRunner.privateRun(SuiteRunner.java:291)
	at org.testng.SuiteRunner.run(SuiteRunner.java:240)
	at org.testng.SuiteRunnerWorker.runSuite(SuiteRunnerWorker.java:52)
	at org.testng.SuiteRunnerWorker.run(SuiteRunnerWorker.java:86)
	at org.testng.TestNG.runSuitesSequentially(TestNG.java:1224)
	at org.testng.TestNG.runSuitesLocally(TestNG.java:1149)
	at org.testng.TestNG.run(TestNG.java:1057)
	at org.testng.TestNG.privateMain(TestNG.java:1364)
	at org.testng.TestNG.main(TestNG.java:1333)
]]>
            </full-stacktrace>
          </exception> <!-- java.lang.AssertionError -->
          <reporter-output>
          </reporter-output>
        </test-method> <!-- LoginTest -->
        <test-method status="PASS" signature="updateSauceTestName(org.testng.ITestResult)[pri:0, instance:com.baublebar.testcases.topmenubar.MyAccountOptionsTest@62fa5ff3]" name="updateSauceTestName" is-config="true" duration-ms="340" started-at="2015-05-29T15:58:07Z" finished-at="2015-05-29T15:58:07Z">
          <params>
            <param index="0">
              <value>
                <![CDATA[[TestResult name=LoginTest status=FAILURE method=MyAccountOptionsTest.LoginTest(java.util.Hashtable)[pri:0, instance:com.baublebar.testcases.topmenubar.MyAccountOptionsTest@62fa5ff3] output={null}]]]>
              </value>
            </param>
          </params>
          <reporter-output>
          </reporter-output>
        </test-method> <!-- updateSauceTestName -->
      </class> <!-- com.baublebar.testcases.topmenubar.MyAccountOptionsTest -->
    </test> <!-- MyAccountOptionsTest -->
    <test name="LogoutTest" duration-ms="31130" started-at="2015-05-29T19:58:07Z" finished-at="2015-05-29T19:58:38Z">
      <class name="com.baublebar.testcases.topmenubar.LogoutTest">
        <test-method status="FAIL" signature="LogoutTest(java.util.Hashtable)[pri:0, instance:com.baublebar.testcases.topmenubar.LogoutTest@7f342545]" name="LogoutTest" duration-ms="30623" started-at="2015-05-29T15:58:07Z" data-provider="getLogoutData" finished-at="2015-05-29T15:58:38Z">
          <params>
            <param index="0">
              <value>
                <![CDATA[{Runmode=Y}]]>
              </value>
            </param>
          </params>
          <exception class="org.openqa.selenium.TimeoutException">
            <message>
              <![CDATA[Timed out after 30 seconds waiting for element to be clickable: [[RemoteWebDriver: safari on MAC (a02099879d3849a2b21bb80fc72d0b65)] -> xpath: //*[@id='nav-top-link-logout']]
Build info: version: '2.43.1', revision: '5163bce', time: '2014-09-10 16:27:58'
System info: host: 'Maitris-MacBook-Pro.local', ip: '10.9.20.70', os.name: 'Mac OS X', os.arch: 'x86_64', os.version: '10.9.5', java.version: '1.6.0_65'
Session ID: a02099879d3849a2b21bb80fc72d0b65
Driver info: org.openqa.selenium.remote.RemoteWebDriver
Capabilities [{platform=MAC, javascriptEnabled=true, hasMetadata=true, browserName=safari, networkConnectionEnabled=false, desired={platformVersion=8.2, deviceName=iPhone Simulator, platformName=iOS, browserName=safari, proxy={proxyAutoconfigUrl=http://127.0.0.1:19876/pac.js, proxyType=PAC}, webdriver.remote.quietExceptions=true}, locationContextEnabled=false, webdriver.remote.sessionid=a02099879d3849a2b21bb80fc72d0b65, platformVersion=8.2, databaseEnabled=false, platformName=iOS, deviceName=iPhone Simulator, safari=true, proxy={proxyAutoconfigUrl=http://127.0.0.1:19876/pac.js, proxyType=PAC}, webStorageEnabled=false, webdriver.remote.quietExceptions=true, warnings={}, takesScreenshot=true}]]]>
            </message>
            <full-stacktrace>
              <![CDATA[org.openqa.selenium.TimeoutException: Timed out after 30 seconds waiting for element to be clickable: [[RemoteWebDriver: safari on MAC (a02099879d3849a2b21bb80fc72d0b65)] -> xpath: //*[@id='nav-top-link-logout']]
Build info: version: '2.43.1', revision: '5163bce', time: '2014-09-10 16:27:58'
System info: host: 'Maitris-MacBook-Pro.local', ip: '10.9.20.70', os.name: 'Mac OS X', os.arch: 'x86_64', os.version: '10.9.5', java.version: '1.6.0_65'
Session ID: a02099879d3849a2b21bb80fc72d0b65
Driver info: org.openqa.selenium.remote.RemoteWebDriver
Capabilities [{platform=MAC, javascriptEnabled=true, hasMetadata=true, browserName=safari, networkConnectionEnabled=false, desired={platformVersion=8.2, deviceName=iPhone Simulator, platformName=iOS, browserName=safari, proxy={proxyAutoconfigUrl=http://127.0.0.1:19876/pac.js, proxyType=PAC}, webdriver.remote.quietExceptions=true}, locationContextEnabled=false, webdriver.remote.sessionid=a02099879d3849a2b21bb80fc72d0b65, platformVersion=8.2, databaseEnabled=false, platformName=iOS, deviceName=iPhone Simulator, safari=true, proxy={proxyAutoconfigUrl=http://127.0.0.1:19876/pac.js, proxyType=PAC}, webStorageEnabled=false, webdriver.remote.quietExceptions=true, warnings={}, takesScreenshot=true}]
	at org.openqa.selenium.support.ui.WebDriverWait.timeoutException(WebDriverWait.java:79)
	at org.openqa.selenium.support.ui.FluentWait.until(FluentWait.java:228)
	at com.baublebar.pages.TopMenuBarPage.logout(TopMenuBarPage.java:242)
	at com.baublebar.testcases.topmenubar.LogoutTest.LogoutTest(LogoutTest.java:33)
	at sun.reflect.NativeMethodAccessorImpl.invoke0(Native Method)
	at sun.reflect.NativeMethodAccessorImpl.invoke(NativeMethodAccessorImpl.java:39)
	at sun.reflect.DelegatingMethodAccessorImpl.invoke(DelegatingMethodAccessorImpl.java:25)
	at java.lang.reflect.Method.invoke(Method.java:597)
	at org.testng.internal.MethodInvocationHelper.invokeMethod(MethodInvocationHelper.java:84)
	at org.testng.internal.Invoker.invokeMethod(Invoker.java:714)
	at org.testng.internal.Invoker.invokeTestMethod(Invoker.java:901)
	at org.testng.internal.Invoker.invokeTestMethods(Invoker.java:1231)
	at org.testng.internal.TestMethodWorker.invokeTestMethods(TestMethodWorker.java:127)
	at org.testng.internal.TestMethodWorker.run(TestMethodWorker.java:111)
	at org.testng.TestRunner.privateRun(TestRunner.java:767)
	at org.testng.TestRunner.run(TestRunner.java:617)
	at org.testng.SuiteRunner.runTest(SuiteRunner.java:334)
	at org.testng.SuiteRunner.runSequentially(SuiteRunner.java:329)
	at org.testng.SuiteRunner.privateRun(SuiteRunner.java:291)
	at org.testng.SuiteRunner.run(SuiteRunner.java:240)
	at org.testng.SuiteRunnerWorker.runSuite(SuiteRunnerWorker.java:52)
	at org.testng.SuiteRunnerWorker.run(SuiteRunnerWorker.java:86)
	at org.testng.TestNG.runSuitesSequentially(TestNG.java:1224)
	at org.testng.TestNG.runSuitesLocally(TestNG.java:1149)
	at org.testng.TestNG.run(TestNG.java:1057)
	at org.testng.TestNG.privateMain(TestNG.java:1364)
	at org.testng.TestNG.main(TestNG.java:1333)
]]>
            </full-stacktrace>
          </exception> <!-- org.openqa.selenium.TimeoutException -->
          <reporter-output>
          </reporter-output>
        </test-method> <!-- LogoutTest -->
        <test-method status="PASS" signature="updateSauceTestName(org.testng.ITestResult)[pri:0, instance:com.baublebar.testcases.topmenubar.LogoutTest@7f342545]" name="updateSauceTestName" is-config="true" duration-ms="506" started-at="2015-05-29T15:58:38Z" finished-at="2015-05-29T15:58:38Z">
          <params>
            <param index="0">
              <value>
                <![CDATA[[TestResult name=LogoutTest status=FAILURE method=LogoutTest.LogoutTest(java.util.Hashtable)[pri:0, instance:com.baublebar.testcases.topmenubar.LogoutTest@7f342545] output={null}]]]>
              </value>
            </param>
          </params>
          <reporter-output>
          </reporter-output>
        </test-method> <!-- updateSauceTestName -->
      </class> <!-- com.baublebar.testcases.topmenubar.LogoutTest -->
    </test> <!-- LogoutTest -->
    <test name="ContactusTest" duration-ms="36898" started-at="2015-05-29T19:58:38Z" finished-at="2015-05-29T19:59:15Z">
      <class name="com.baublebar.testcases.topmenubar.ContactusTest">
        <test-method status="FAIL" signature="contactusTest(java.util.Hashtable)[pri:0, instance:com.baublebar.testcases.topmenubar.ContactusTest@261a6518]" name="contactusTest" duration-ms="30200" started-at="2015-05-29T15:58:38Z" data-provider="getContactusData" finished-at="2015-05-29T15:59:08Z">
          <params>
            <param index="0">
              <value>
                <![CDATA[{Runmode=Y}]]>
              </value>
            </param>
          </params>
          <exception class="org.openqa.selenium.TimeoutException">
            <message>
              <![CDATA[Timed out after 30 seconds waiting for element to be clickable: [[RemoteWebDriver: safari on MAC (a02099879d3849a2b21bb80fc72d0b65)] -> xpath: //*[@id='global']/div[1]/div[2]/ul/li[3]/a]
Build info: version: '2.43.1', revision: '5163bce', time: '2014-09-10 16:27:58'
System info: host: 'Maitris-MacBook-Pro.local', ip: '10.9.20.70', os.name: 'Mac OS X', os.arch: 'x86_64', os.version: '10.9.5', java.version: '1.6.0_65'
Session ID: a02099879d3849a2b21bb80fc72d0b65
Driver info: org.openqa.selenium.remote.RemoteWebDriver
Capabilities [{platform=MAC, javascriptEnabled=true, hasMetadata=true, browserName=safari, networkConnectionEnabled=false, desired={platformVersion=8.2, deviceName=iPhone Simulator, platformName=iOS, browserName=safari, proxy={proxyAutoconfigUrl=http://127.0.0.1:19876/pac.js, proxyType=PAC}, webdriver.remote.quietExceptions=true}, locationContextEnabled=false, webdriver.remote.sessionid=a02099879d3849a2b21bb80fc72d0b65, platformVersion=8.2, databaseEnabled=false, platformName=iOS, deviceName=iPhone Simulator, safari=true, proxy={proxyAutoconfigUrl=http://127.0.0.1:19876/pac.js, proxyType=PAC}, webStorageEnabled=false, webdriver.remote.quietExceptions=true, warnings={}, takesScreenshot=true}]]]>
            </message>
            <full-stacktrace>
              <![CDATA[org.openqa.selenium.TimeoutException: Timed out after 30 seconds waiting for element to be clickable: [[RemoteWebDriver: safari on MAC (a02099879d3849a2b21bb80fc72d0b65)] -> xpath: //*[@id='global']/div[1]/div[2]/ul/li[3]/a]
Build info: version: '2.43.1', revision: '5163bce', time: '2014-09-10 16:27:58'
System info: host: 'Maitris-MacBook-Pro.local', ip: '10.9.20.70', os.name: 'Mac OS X', os.arch: 'x86_64', os.version: '10.9.5', java.version: '1.6.0_65'
Session ID: a02099879d3849a2b21bb80fc72d0b65
Driver info: org.openqa.selenium.remote.RemoteWebDriver
Capabilities [{platform=MAC, javascriptEnabled=true, hasMetadata=true, browserName=safari, networkConnectionEnabled=false, desired={platformVersion=8.2, deviceName=iPhone Simulator, platformName=iOS, browserName=safari, proxy={proxyAutoconfigUrl=http://127.0.0.1:19876/pac.js, proxyType=PAC}, webdriver.remote.quietExceptions=true}, locationContextEnabled=false, webdriver.remote.sessionid=a02099879d3849a2b21bb80fc72d0b65, platformVersion=8.2, databaseEnabled=false, platformName=iOS, deviceName=iPhone Simulator, safari=true, proxy={proxyAutoconfigUrl=http://127.0.0.1:19876/pac.js, proxyType=PAC}, webStorageEnabled=false, webdriver.remote.quietExceptions=true, warnings={}, takesScreenshot=true}]
	at org.openqa.selenium.support.ui.WebDriverWait.timeoutException(WebDriverWait.java:79)
	at org.openqa.selenium.support.ui.FluentWait.until(FluentWait.java:228)
	at com.baublebar.pages.TopMenuBarPage.clickContactUs(TopMenuBarPage.java:288)
	at com.baublebar.testcases.topmenubar.ContactusTest.contactusTest(ContactusTest.java:33)
	at sun.reflect.NativeMethodAccessorImpl.invoke0(Native Method)
	at sun.reflect.NativeMethodAccessorImpl.invoke(NativeMethodAccessorImpl.java:39)
	at sun.reflect.DelegatingMethodAccessorImpl.invoke(DelegatingMethodAccessorImpl.java:25)
	at java.lang.reflect.Method.invoke(Method.java:597)
	at org.testng.internal.MethodInvocationHelper.invokeMethod(MethodInvocationHelper.java:84)
	at org.testng.internal.Invoker.invokeMethod(Invoker.java:714)
	at org.testng.internal.Invoker.invokeTestMethod(Invoker.java:901)
	at org.testng.internal.Invoker.invokeTestMethods(Invoker.java:1231)
	at org.testng.internal.TestMethodWorker.invokeTestMethods(TestMethodWorker.java:127)
	at org.testng.internal.TestMethodWorker.run(TestMethodWorker.java:111)
	at org.testng.TestRunner.privateRun(TestRunner.java:767)
	at org.testng.TestRunner.run(TestRunner.java:617)
	at org.testng.SuiteRunner.runTest(SuiteRunner.java:334)
	at org.testng.SuiteRunner.runSequentially(SuiteRunner.java:329)
	at org.testng.SuiteRunner.privateRun(SuiteRunner.java:291)
	at org.testng.SuiteRunner.run(SuiteRunner.java:240)
	at org.testng.SuiteRunnerWorker.runSuite(SuiteRunnerWorker.java:52)
	at org.testng.SuiteRunnerWorker.run(SuiteRunnerWorker.java:86)
	at org.testng.TestNG.runSuitesSequentially(TestNG.java:1224)
	at org.testng.TestNG.runSuitesLocally(TestNG.java:1149)
	at org.testng.TestNG.run(TestNG.java:1057)
	at org.testng.TestNG.privateMain(TestNG.java:1364)
	at org.testng.TestNG.main(TestNG.java:1333)
]]>
            </full-stacktrace>
          </exception> <!-- org.openqa.selenium.TimeoutException -->
          <reporter-output>
          </reporter-output>
        </test-method> <!-- contactusTest -->
        <test-method status="PASS" signature="updateSauceTestName(org.testng.ITestResult)[pri:0, instance:com.baublebar.testcases.topmenubar.ContactusTest@261a6518]" name="updateSauceTestName" is-config="true" duration-ms="6697" started-at="2015-05-29T15:59:08Z" finished-at="2015-05-29T15:59:15Z">
          <params>
            <param index="0">
              <value>
                <![CDATA[[TestResult name=contactusTest status=FAILURE method=ContactusTest.contactusTest(java.util.Hashtable)[pri:0, instance:com.baublebar.testcases.topmenubar.ContactusTest@261a6518] output={null}]]]>
              </value>
            </param>
          </params>
          <reporter-output>
          </reporter-output>
        </test-method> <!-- updateSauceTestName -->
      </class> <!-- com.baublebar.testcases.topmenubar.ContactusTest -->
    </test> <!-- ContactusTest -->
    <test name="VisitusTest" duration-ms="31184" started-at="2015-05-29T19:59:15Z" finished-at="2015-05-29T19:59:46Z">
      <class name="com.baublebar.testcases.topmenubar.VisitusTest">
        <test-method status="FAIL" signature="LocationsTest(java.util.Hashtable)[pri:0, instance:com.baublebar.testcases.topmenubar.VisitusTest@1ac2cf83]" name="LocationsTest" duration-ms="30745" started-at="2015-05-29T15:59:15Z" data-provider="getLocationsData" finished-at="2015-05-29T15:59:46Z">
          <params>
            <param index="0">
              <value>
                <![CDATA[{Runmode=Y}]]>
              </value>
            </param>
          </params>
          <exception class="org.openqa.selenium.TimeoutException">
            <message>
              <![CDATA[Timed out after 30 seconds waiting for element to be clickable: [[RemoteWebDriver: safari on MAC (a02099879d3849a2b21bb80fc72d0b65)] -> xpath: //*[@id='global']/div[1]/div[2]/ul/li[4]/a]
Build info: version: '2.43.1', revision: '5163bce', time: '2014-09-10 16:27:58'
System info: host: 'Maitris-MacBook-Pro.local', ip: '10.9.20.70', os.name: 'Mac OS X', os.arch: 'x86_64', os.version: '10.9.5', java.version: '1.6.0_65'
Session ID: a02099879d3849a2b21bb80fc72d0b65
Driver info: org.openqa.selenium.remote.RemoteWebDriver
Capabilities [{platform=MAC, javascriptEnabled=true, hasMetadata=true, browserName=safari, networkConnectionEnabled=false, desired={platformVersion=8.2, deviceName=iPhone Simulator, platformName=iOS, browserName=safari, proxy={proxyAutoconfigUrl=http://127.0.0.1:19876/pac.js, proxyType=PAC}, webdriver.remote.quietExceptions=true}, locationContextEnabled=false, webdriver.remote.sessionid=a02099879d3849a2b21bb80fc72d0b65, platformVersion=8.2, databaseEnabled=false, platformName=iOS, deviceName=iPhone Simulator, safari=true, proxy={proxyAutoconfigUrl=http://127.0.0.1:19876/pac.js, proxyType=PAC}, webStorageEnabled=false, webdriver.remote.quietExceptions=true, warnings={}, takesScreenshot=true}]]]>
            </message>
            <full-stacktrace>
              <![CDATA[org.openqa.selenium.TimeoutException: Timed out after 30 seconds waiting for element to be clickable: [[RemoteWebDriver: safari on MAC (a02099879d3849a2b21bb80fc72d0b65)] -> xpath: //*[@id='global']/div[1]/div[2]/ul/li[4]/a]
Build info: version: '2.43.1', revision: '5163bce', time: '2014-09-10 16:27:58'
System info: host: 'Maitris-MacBook-Pro.local', ip: '10.9.20.70', os.name: 'Mac OS X', os.arch: 'x86_64', os.version: '10.9.5', java.version: '1.6.0_65'
Session ID: a02099879d3849a2b21bb80fc72d0b65
Driver info: org.openqa.selenium.remote.RemoteWebDriver
Capabilities [{platform=MAC, javascriptEnabled=true, hasMetadata=true, browserName=safari, networkConnectionEnabled=false, desired={platformVersion=8.2, deviceName=iPhone Simulator, platformName=iOS, browserName=safari, proxy={proxyAutoconfigUrl=http://127.0.0.1:19876/pac.js, proxyType=PAC}, webdriver.remote.quietExceptions=true}, locationContextEnabled=false, webdriver.remote.sessionid=a02099879d3849a2b21bb80fc72d0b65, platformVersion=8.2, databaseEnabled=false, platformName=iOS, deviceName=iPhone Simulator, safari=true, proxy={proxyAutoconfigUrl=http://127.0.0.1:19876/pac.js, proxyType=PAC}, webStorageEnabled=false, webdriver.remote.quietExceptions=true, warnings={}, takesScreenshot=true}]
	at org.openqa.selenium.support.ui.WebDriverWait.timeoutException(WebDriverWait.java:79)
	at org.openqa.selenium.support.ui.FluentWait.until(FluentWait.java:228)
	at com.baublebar.pages.TopMenuBarPage.clickVisitUs(TopMenuBarPage.java:294)
	at com.baublebar.testcases.topmenubar.VisitusTest.LocationsTest(VisitusTest.java:33)
	at sun.reflect.NativeMethodAccessorImpl.invoke0(Native Method)
	at sun.reflect.NativeMethodAccessorImpl.invoke(NativeMethodAccessorImpl.java:39)
	at sun.reflect.DelegatingMethodAccessorImpl.invoke(DelegatingMethodAccessorImpl.java:25)
	at java.lang.reflect.Method.invoke(Method.java:597)
	at org.testng.internal.MethodInvocationHelper.invokeMethod(MethodInvocationHelper.java:84)
	at org.testng.internal.Invoker.invokeMethod(Invoker.java:714)
	at org.testng.internal.Invoker.invokeTestMethod(Invoker.java:901)
	at org.testng.internal.Invoker.invokeTestMethods(Invoker.java:1231)
	at org.testng.internal.TestMethodWorker.invokeTestMethods(TestMethodWorker.java:127)
	at org.testng.internal.TestMethodWorker.run(TestMethodWorker.java:111)
	at org.testng.TestRunner.privateRun(TestRunner.java:767)
	at org.testng.TestRunner.run(TestRunner.java:617)
	at org.testng.SuiteRunner.runTest(SuiteRunner.java:334)
	at org.testng.SuiteRunner.runSequentially(SuiteRunner.java:329)
	at org.testng.SuiteRunner.privateRun(SuiteRunner.java:291)
	at org.testng.SuiteRunner.run(SuiteRunner.java:240)
	at org.testng.SuiteRunnerWorker.runSuite(SuiteRunnerWorker.java:52)
	at org.testng.SuiteRunnerWorker.run(SuiteRunnerWorker.java:86)
	at org.testng.TestNG.runSuitesSequentially(TestNG.java:1224)
	at org.testng.TestNG.runSuitesLocally(TestNG.java:1149)
	at org.testng.TestNG.run(TestNG.java:1057)
	at org.testng.TestNG.privateMain(TestNG.java:1364)
	at org.testng.TestNG.main(TestNG.java:1333)
]]>
            </full-stacktrace>
          </exception> <!-- org.openqa.selenium.TimeoutException -->
          <reporter-output>
          </reporter-output>
        </test-method> <!-- LocationsTest -->
        <test-method status="PASS" signature="updateSauceTestName(org.testng.ITestResult)[pri:0, instance:com.baublebar.testcases.topmenubar.VisitusTest@1ac2cf83]" name="updateSauceTestName" is-config="true" duration-ms="438" started-at="2015-05-29T15:59:46Z" finished-at="2015-05-29T15:59:46Z">
          <params>
            <param index="0">
              <value>
                <![CDATA[[TestResult name=LocationsTest status=FAILURE method=VisitusTest.LocationsTest(java.util.Hashtable)[pri:0, instance:com.baublebar.testcases.topmenubar.VisitusTest@1ac2cf83] output={null}]]]>
              </value>
            </param>
          </params>
          <reporter-output>
          </reporter-output>
        </test-method> <!-- updateSauceTestName -->
      </class> <!-- com.baublebar.testcases.topmenubar.VisitusTest -->
    </test> <!-- VisitusTest -->
    <test name="CreateAccountTest" duration-ms="31368" started-at="2015-05-29T19:59:46Z" finished-at="2015-05-29T20:00:18Z">
      <class name="com.baublebar.testcases.LoadBaublebarTest">
        <test-method status="PASS" signature="setupDesireCapabilities(java.lang.String, org.openqa.selenium.Platform, java.lang.String)[pri:0, instance:com.baublebar.testcases.LoadBaublebarTest@344977e2]" name="setupDesireCapabilities" is-config="true" duration-ms="148533" started-at="2015-05-29T15:49:29Z" finished-at="2015-05-29T15:51:57Z">
          <params>
            <param index="0">
              <value>
                <![CDATA[FIREFOX]]>
              </value>
            </param>
            <param index="1">
              <value>
                <![CDATA[WIN8_1]]>
              </value>
            </param>
            <param index="2">
              <value>
                <![CDATA[35]]>
              </value>
            </param>
          </params>
          <reporter-output>
          </reporter-output>
        </test-method> <!-- setupDesireCapabilities -->
      </class> <!-- com.baublebar.testcases.LoadBaublebarTest -->
      <class name="com.baublebar.testcases.topmenubar.CreateAccountTest">
        <test-method status="FAIL" signature="createAccTest(java.util.Hashtable)[pri:0, instance:com.baublebar.testcases.topmenubar.CreateAccountTest@2c8c7d6]" name="createAccTest" duration-ms="30702" started-at="2015-05-29T15:59:46Z" data-provider="getCreateAccountData" finished-at="2015-05-29T16:00:17Z">
          <params>
            <param index="0">
              <value>
                <![CDATA[{Username=automation, Password=add123, Runmode=Y}]]>
              </value>
            </param>
          </params>
          <exception class="org.openqa.selenium.TimeoutException">
            <message>
              <![CDATA[Timed out after 30 seconds waiting for element to be clickable: [[RemoteWebDriver: safari on MAC (a02099879d3849a2b21bb80fc72d0b65)] -> xpath: //*[@id='nav-top-link-login']/a]
Build info: version: '2.43.1', revision: '5163bce', time: '2014-09-10 16:27:58'
System info: host: 'Maitris-MacBook-Pro.local', ip: '10.9.20.70', os.name: 'Mac OS X', os.arch: 'x86_64', os.version: '10.9.5', java.version: '1.6.0_65'
Session ID: a02099879d3849a2b21bb80fc72d0b65
Driver info: org.openqa.selenium.remote.RemoteWebDriver
Capabilities [{platform=MAC, javascriptEnabled=true, hasMetadata=true, browserName=safari, networkConnectionEnabled=false, desired={platformVersion=8.2, deviceName=iPhone Simulator, platformName=iOS, browserName=safari, proxy={proxyAutoconfigUrl=http://127.0.0.1:19876/pac.js, proxyType=PAC}, webdriver.remote.quietExceptions=true}, locationContextEnabled=false, webdriver.remote.sessionid=a02099879d3849a2b21bb80fc72d0b65, platformVersion=8.2, databaseEnabled=false, platformName=iOS, deviceName=iPhone Simulator, safari=true, proxy={proxyAutoconfigUrl=http://127.0.0.1:19876/pac.js, proxyType=PAC}, webStorageEnabled=false, webdriver.remote.quietExceptions=true, warnings={}, takesScreenshot=true}]]]>
            </message>
            <full-stacktrace>
              <![CDATA[org.openqa.selenium.TimeoutException: Timed out after 30 seconds waiting for element to be clickable: [[RemoteWebDriver: safari on MAC (a02099879d3849a2b21bb80fc72d0b65)] -> xpath: //*[@id='nav-top-link-login']/a]
Build info: version: '2.43.1', revision: '5163bce', time: '2014-09-10 16:27:58'
System info: host: 'Maitris-MacBook-Pro.local', ip: '10.9.20.70', os.name: 'Mac OS X', os.arch: 'x86_64', os.version: '10.9.5', java.version: '1.6.0_65'
Session ID: a02099879d3849a2b21bb80fc72d0b65
Driver info: org.openqa.selenium.remote.RemoteWebDriver
Capabilities [{platform=MAC, javascriptEnabled=true, hasMetadata=true, browserName=safari, networkConnectionEnabled=false, desired={platformVersion=8.2, deviceName=iPhone Simulator, platformName=iOS, browserName=safari, proxy={proxyAutoconfigUrl=http://127.0.0.1:19876/pac.js, proxyType=PAC}, webdriver.remote.quietExceptions=true}, locationContextEnabled=false, webdriver.remote.sessionid=a02099879d3849a2b21bb80fc72d0b65, platformVersion=8.2, databaseEnabled=false, platformName=iOS, deviceName=iPhone Simulator, safari=true, proxy={proxyAutoconfigUrl=http://127.0.0.1:19876/pac.js, proxyType=PAC}, webStorageEnabled=false, webdriver.remote.quietExceptions=true, warnings={}, takesScreenshot=true}]
	at org.openqa.selenium.support.ui.WebDriverWait.timeoutException(WebDriverWait.java:79)
	at org.openqa.selenium.support.ui.FluentWait.until(FluentWait.java:228)
	at com.baublebar.pages.TopMenuBarPage.createAccount(TopMenuBarPage.java:202)
	at com.baublebar.testcases.topmenubar.CreateAccountTest.createAccTest(CreateAccountTest.java:33)
	at sun.reflect.NativeMethodAccessorImpl.invoke0(Native Method)
	at sun.reflect.NativeMethodAccessorImpl.invoke(NativeMethodAccessorImpl.java:39)
	at sun.reflect.DelegatingMethodAccessorImpl.invoke(DelegatingMethodAccessorImpl.java:25)
	at java.lang.reflect.Method.invoke(Method.java:597)
	at org.testng.internal.MethodInvocationHelper.invokeMethod(MethodInvocationHelper.java:84)
	at org.testng.internal.Invoker.invokeMethod(Invoker.java:714)
	at org.testng.internal.Invoker.invokeTestMethod(Invoker.java:901)
	at org.testng.internal.Invoker.invokeTestMethods(Invoker.java:1231)
	at org.testng.internal.TestMethodWorker.invokeTestMethods(TestMethodWorker.java:127)
	at org.testng.internal.TestMethodWorker.run(TestMethodWorker.java:111)
	at org.testng.TestRunner.privateRun(TestRunner.java:767)
	at org.testng.TestRunner.run(TestRunner.java:617)
	at org.testng.SuiteRunner.runTest(SuiteRunner.java:334)
	at org.testng.SuiteRunner.runSequentially(SuiteRunner.java:329)
	at org.testng.SuiteRunner.privateRun(SuiteRunner.java:291)
	at org.testng.SuiteRunner.run(SuiteRunner.java:240)
	at org.testng.SuiteRunnerWorker.runSuite(SuiteRunnerWorker.java:52)
	at org.testng.SuiteRunnerWorker.run(SuiteRunnerWorker.java:86)
	at org.testng.TestNG.runSuitesSequentially(TestNG.java:1224)
	at org.testng.TestNG.runSuitesLocally(TestNG.java:1149)
	at org.testng.TestNG.run(TestNG.java:1057)
	at org.testng.TestNG.privateMain(TestNG.java:1364)
	at org.testng.TestNG.main(TestNG.java:1333)
]]>
            </full-stacktrace>
          </exception> <!-- org.openqa.selenium.TimeoutException -->
          <reporter-output>
          </reporter-output>
        </test-method> <!-- createAccTest -->
        <test-method status="PASS" signature="updateSauceTestName(org.testng.ITestResult)[pri:0, instance:com.baublebar.testcases.topmenubar.CreateAccountTest@2c8c7d6]" name="updateSauceTestName" is-config="true" duration-ms="665" started-at="2015-05-29T16:00:17Z" finished-at="2015-05-29T16:00:18Z">
          <params>
            <param index="0">
              <value>
                <![CDATA[[TestResult name=createAccTest status=FAILURE method=CreateAccountTest.createAccTest(java.util.Hashtable)[pri:0, instance:com.baublebar.testcases.topmenubar.CreateAccountTest@2c8c7d6] output={null}]]]>
              </value>
            </param>
          </params>
          <reporter-output>
          </reporter-output>
        </test-method> <!-- updateSauceTestName -->
        <test-method status="PASS" signature="quitDriver()[pri:0, instance:com.baublebar.testcases.topmenubar.CreateAccountTest@2c8c7d6]" name="quitDriver" is-config="true" duration-ms="338" started-at="2015-05-29T16:00:18Z" finished-at="2015-05-29T16:00:18Z">
          <reporter-output>
          </reporter-output>
        </test-method> <!-- quitDriver -->
      </class> <!-- com.baublebar.testcases.topmenubar.CreateAccountTest -->
    </test> <!-- CreateAccountTest -->
  </suite> <!-- Firefox -->
</testng-results>
