<?xml version="1.0" encoding="UTF-8"?>
<!-- Generated by org.testng.reporters.JUnitXMLReporter -->
<testsuite hostname="Maitris-MacBook-Pro.local" name="CreateAccountTest" tests="1" failures="0" timestamp="27 Feb 2015 16:38:03 GMT" time="0.0030" errors="0">
  <testcase name="@BeforeSuite setupDesireCapabilities" time="0.0" classname="com.baublebar.testcases.LoadBaublebarTest">
    <failure type="java.lang.IllegalArgumentException" message="No enum const class org.openqa.selenium.Platform.WIN8.1">
      <![CDATA[java.lang.IllegalArgumentException: No enum const class org.openqa.selenium.Platform.WIN8.1
	at java.lang.Enum.valueOf(Enum.java:196)
... Removed 15 stack frames]]>
    </failure>
  </testcase> <!-- @BeforeSuite setupDesireCapabilities -->
  <testcase name="@AfterMethod updateSauceTestName" time="0.0" classname="com.baublebar.testcases.CreateAccountTest">
    <skipped/>
  </testcase> <!-- @AfterMethod updateSauceTestName -->
  <testcase name="createAccTest" time="0.0010" classname="com.baublebar.testcases.CreateAccountTest">
    <skipped/>
  </testcase> <!-- createAccTest -->
</testsuite> <!-- CreateAccountTest -->
