<?xml version="1.0" encoding="UTF-8"?>
<!-- Generated by org.testng.reporters.JUnitXMLReporter -->
<testsuite hostname="Maitris-MacBook-Pro.local" name="Chrome Test" tests="2" failures="1" timestamp="9 Mar 2015 16:05:13 GMT" time="6.567" errors="0">
  <testcase name="loadBaublebar" time="4.175" classname="com.baublebar.testcases.LoadBaublebarTest"/>
  <testcase name="LoginTest" time="0.042" classname="com.baublebar.testcases.LoginTest">
    <failure type="java.lang.RuntimeException" message="java.lang.reflect.InvocationTargetException">
      <![CDATA[java.lang.RuntimeException: java.lang.reflect.InvocationTargetException
	at org.openqa.selenium.support.PageFactory.instantiatePage(PageFactory.java:140)
	at org.openqa.selenium.support.PageFactory.initElements(PageFactory.java:66)
	at com.baublebar.testcases.TestBase.getTopMenuBar(TestBase.java:208)
	at com.baublebar.testcases.LoginTest.LoginTest(LoginTest.java:31)
	at java.util.concurrent.FutureTask$Sync.innerRun(FutureTask.java:303)
	at java.util.concurrent.FutureTask.run(FutureTask.java:138)
	at java.util.concurrent.ThreadPoolExecutor$Worker.runTask(ThreadPoolExecutor.java:895)
	at java.util.concurrent.ThreadPoolExecutor$Worker.run(ThreadPoolExecutor.java:918)
	at java.lang.Thread.run(Thread.java:695)
	at org.openqa.selenium.support.PageFactory.instantiatePage(PageFactory.java:131)
	... 24 more
Caused by: java.lang.NullPointerException
	at com.google.common.base.Preconditions.checkNotNull(Preconditions.java:192)
	at org.openqa.selenium.support.ui.FluentWait.<init>(FluentWait.java:94)
	at org.openqa.selenium.support.ui.WebDriverWait.<init>(WebDriverWait.java:70)
	at org.openqa.selenium.support.ui.WebDriverWait.<init>(WebDriverWait.java:44)
	at com.baublebar.pages.TopMenuBarPage.<init>(TopMenuBarPage.java:142)
	... 29 more
... Removed 21 stack frames]]>
    </failure>
  </testcase> <!-- LoginTest -->
</testsuite> <!-- Chrome Test -->
